INFO [12-20|00:27:02] Starting peer-to-peer node               instance=Geth/v1.6.7-unstable-8a69efc3/darwin-amd64/go1.9.7
INFO [12-20|00:27:02] Allocated cache and file handles         database=/Users/sujianwei20/FastBFT_ethereum/msigcode/examples/data/node3/geth/chaindata cache=128 handles=1024
WARN [12-20|00:27:02] Upgrading chain database to use sequential keys 
INFO [12-20|00:27:02] Initialised chain configuration          config="{ChainID: 2235 Homestead: 1 DAO: <nil> DAOSupport: false EIP150: 2 EIP155: 3 EIP158: 3 Metropolis: <nil> Engine: ethash}"
INFO [12-20|00:27:02] config bft is                            bft=true
WARN [12-20|00:27:02] Upgrading db log bloom bins 
INFO [12-20|00:27:02] Database conversion successful 
INFO [12-20|00:27:02] Bloom-bin upgrade completed              elapsed=481.602µs
INFO [12-20|00:27:02] Initialising Ethereum protocol           versions="[63 62]" network=2234
INFO [12-20|00:27:02] Loaded most recent local header          number=0 hash=6f3c1c…1bf138 td=1048576
INFO [12-20|00:27:02] Loaded most recent local full block      number=0 hash=6f3c1c…1bf138 td=1048576
INFO [12-20|00:27:02] Loaded most recent local fast block      number=0 hash=6f3c1c…1bf138 td=1048576
INFO [12-20|00:27:02] in NewTxPool, call resetState 
INFO [12-20|00:27:02] in NewTxPool, call pool.eventLoog() 
INFO [12-20|00:27:02] Allocated cache and file handles         database=/Users/sujianwei20/FastBFT_ethereum/msigcode/examples/data/node3/geth/bftData   cache=128 handles=1024
INFO [12-20|00:27:02] addVote to                               height=0 round=0 from=0xdceceaf3fc5c0a63d195d69b1a90011b7b19650d success=true cm.coinbase=0xdceceaf3fc5c0a63d195d69b1a90011b7b19650d
INFO [12-20|00:27:02] Starting P2P networking 
INFO [12-20|00:27:02] ---In BFTvalidatorCommitBlock--- 
INFO [12-20|00:27:02] RLPx listener up                         self="enode://94dd98401cf6ca0418580bb77ad0606a35ae8f442b22ab0f81011d8d2c78e70ff779c1d53d015640d79a13f0be99161ae3ff3adb60633ca03a7b542cbe116882@[::]:30305?discport=0"
ready: 1 need: 5.3333335
INFO [12-20|00:27:02] consensusManager not ready  
ready: 1 need: 5.3333335
INFO [12-20|00:27:02] HTTP endpoint opened: http://127.0.0.1:8547 
INFO [12-20|00:27:02] IPC endpoint opened: /Users/sujianwei20/FastBFT_ethereum/msigcode/examples/data/node3/geth.ipc 
INFO [12-20|00:27:02] send Ready msg 
INFO [12-20|00:27:02] send Ready msg 
INFO [12-20|00:27:02] Handle BFT Msg,                          msg="msg #8 (78 bytes)"
INFO [12-20|00:27:02] ------Received ReadMsg------ 
AddReady from: [220 236 234 243 252 92 10 99 209 149 214 155 26 144 1 27 123 25 101 13]
INFO [12-20|00:27:02] send Ready msg 
INFO [12-20|00:27:02] Handle BFT Msg,                          msg="msg #8 (78 bytes)"
INFO [12-20|00:27:02] ------Received ReadMsg------ 
AddReady from: [220 236 234 243 252 92 10 99 209 149 214 155 26 144 1 27 123 25 101 13]
INFO [12-20|00:27:02] Handle BFT Msg,                          msg="msg #8 (78 bytes)"
INFO [12-20|00:27:02] ------Received ReadMsg------ 
INFO [12-20|00:27:02] Handle BFT Msg,                          msg="msg #8 (78 bytes)"
INFO [12-20|00:27:02] ------Received ReadMsg------ 
AddReady from: [220 236 234 243 252 92 10 99 209 149 214 155 26 144 1 27 123 25 101 13]
INFO [12-20|00:27:02] send Ready msg 
AddReady from: [220 236 234 243 252 92 10 99 209 149 214 155 26 144 1 27 123 25 101 13]
INFO [12-20|00:27:02] Handle BFT Msg,                          msg="msg #8 (78 bytes)"
INFO [12-20|00:27:02] ------Received ReadMsg------ 
AddReady from: [220 236 234 243 252 92 10 99 209 149 214 155 26 144 1 27 123 25 101 13]
INFO [12-20|00:27:02] Handle BFT Msg,                          msg="msg #8 (78 bytes)"
INFO [12-20|00:27:02] ------Received ReadMsg------ 
AddReady from: [89 132 67 241 136 14 245 133 178 31 29 117 133 189 5 119 64 40 97 229]
INFO [12-20|00:27:02] send Ready msg 
INFO [12-20|00:27:02] send Ready msg 
INFO [12-20|00:27:02] send Ready msg 
INFO [12-20|00:27:02] send Ready msg 
INFO [12-20|00:27:02] send Ready msg 
INFO [12-20|00:27:02] Handle BFT Msg,                          msg="msg #8 (78 bytes)"
INFO [12-20|00:27:02] ------Received ReadMsg------ 
AddReady from: [130 169 120 179 245 150 42 91 9 87 217 238 158 239 71 46 229 91 66 241]
INFO [12-20|00:27:02] send Ready msg 
INFO [12-20|00:27:02] send Ready msg 
INFO [12-20|00:27:02] send Ready msg 
INFO [12-20|00:27:02] send Ready msg 
INFO [12-20|00:27:02] send Ready msg 
INFO [12-20|00:27:02] Handle BFT Msg,                          msg="msg #8 (78 bytes)"
INFO [12-20|00:27:02] ------Received ReadMsg------ 
INFO [12-20|00:27:02] Handle BFT Msg,                          msg="msg #8 (78 bytes)"
INFO [12-20|00:27:02] ------Received ReadMsg------ 
INFO [12-20|00:27:02] Handle BFT Msg,                          msg="msg #8 (78 bytes)"
INFO [12-20|00:27:02] ------Received ReadMsg------ 
AddReady from: [125 87 122 89 123 39 66 180 152 203 92 240 194 108 220 215 38 211 158 110]
INFO [12-20|00:27:02] send Ready msg 
INFO [12-20|00:27:02] send Ready msg 
AddReady from: [89 132 67 241 136 14 245 133 178 31 29 117 133 189 5 119 64 40 97 229]
INFO [12-20|00:27:02] Handle BFT Msg,                          msg="msg #8 (78 bytes)"
INFO [12-20|00:27:02] ------Received ReadMsg------ 
INFO [12-20|00:27:02] Handle BFT Msg,                          msg="msg #8 (78 bytes)"
INFO [12-20|00:27:02] ------Received ReadMsg------ 
AddReady from: [125 87 122 89 123 39 66 180 152 203 92 240 194 108 220 215 38 211 158 110]
INFO [12-20|00:27:02] send Ready msg 
INFO [12-20|00:27:02] send Ready msg 
INFO [12-20|00:27:02] send Ready msg 
INFO [12-20|00:27:02] Handle BFT Msg,                          msg="msg #8 (78 bytes)"
INFO [12-20|00:27:02] ------Received ReadMsg------ 
INFO [12-20|00:27:02] Handle BFT Msg,                          msg="msg #8 (78 bytes)"
INFO [12-20|00:27:02] ------Received ReadMsg------ 
INFO [12-20|00:27:02] send Ready msg 
INFO [12-20|00:27:02] send Ready msg 
INFO [12-20|00:27:02] send Ready msg 
AddReady from: [89 132 67 241 136 14 245 133 178 31 29 117 133 189 5 119 64 40 97 229]
INFO [12-20|00:27:02] Handle BFT Msg,                          msg="msg #8 (78 bytes)"
INFO [12-20|00:27:02] ------Received ReadMsg------ 
AddReady from: [125 87 122 89 123 39 66 180 152 203 92 240 194 108 220 215 38 211 158 110]
AddReady from: [130 169 120 179 245 150 42 91 9 87 217 238 158 239 71 46 229 91 66 241]
AddReady from: [125 87 122 89 123 39 66 180 152 203 92 240 194 108 220 215 38 211 158 110]
INFO [12-20|00:27:02] Handle BFT Msg,                          msg="msg #8 (78 bytes)"
INFO [12-20|00:27:02] ------Received ReadMsg------ 
AddReady from: [130 169 120 179 245 150 42 91 9 87 217 238 158 239 71 46 229 91 66 241]
AddReady from: [125 87 122 89 123 39 66 180 152 203 92 240 194 108 220 215 38 211 158 110]
INFO [12-20|00:27:02] Handle BFT Msg,                          msg="msg #8 (78 bytes)"
INFO [12-20|00:27:02] ------Received ReadMsg------ 
AddReady from: [89 132 67 241 136 14 245 133 178 31 29 117 133 189 5 119 64 40 97 229]
INFO [12-20|00:27:02] Handle BFT Msg,                          msg="msg #8 (78 bytes)"
INFO [12-20|00:27:02] ------Received ReadMsg------ 
AddReady from: [130 169 120 179 245 150 42 91 9 87 217 238 158 239 71 46 229 91 66 241]
INFO [12-20|00:27:02] Handle BFT Msg,                          msg="msg #8 (78 bytes)"
INFO [12-20|00:27:02] ------Received ReadMsg------ 
AddReady from: [130 169 120 179 245 150 42 91 9 87 217 238 158 239 71 46 229 91 66 241]
INFO [12-20|00:27:02] Handle BFT Msg,                          msg="msg #8 (78 bytes)"
INFO [12-20|00:27:02] ------Received ReadMsg------ 
AddReady from: [89 132 67 241 136 14 245 133 178 31 29 117 133 189 5 119 64 40 97 229]
INFO [12-20|00:27:02] Handle BFT Msg,                          msg="msg #8 (78 bytes)"
INFO [12-20|00:27:02] ------Received ReadMsg------ 
AddReady from: [89 132 67 241 136 14 245 133 178 31 29 117 133 189 5 119 64 40 97 229]
INFO [12-20|00:27:02] Handle BFT Msg,                          msg="msg #8 (78 bytes)"
INFO [12-20|00:27:02] ------Received ReadMsg------ 
AddReady from: [119 219 43 235 186 121 219 66 169 120 248 150 150 143 74 252 231 70 234 31]
INFO [12-20|00:27:02] send Ready msg 
INFO [12-20|00:27:02] send Ready msg 
INFO [12-20|00:27:02] send Ready msg 
INFO [12-20|00:27:02] send Ready msg 
INFO [12-20|00:27:02] send Ready msg 
INFO [12-20|00:27:02] Handle BFT Msg,                          msg="msg #8 (78 bytes)"
INFO [12-20|00:27:02] ------Received ReadMsg------ 
AddReady from: [119 219 43 235 186 121 219 66 169 120 248 150 150 143 74 252 231 70 234 31]
INFO [12-20|00:27:02] Handle BFT Msg,                          msg="msg #8 (78 bytes)"
INFO [12-20|00:27:02] ------Received ReadMsg------ 
INFO [12-20|00:27:02] Handle BFT Msg,                          msg="msg #8 (78 bytes)"
INFO [12-20|00:27:02] ------Received ReadMsg------ 
INFO [12-20|00:27:02] Handle BFT Msg,                          msg="msg #8 (78 bytes)"
INFO [12-20|00:27:02] ------Received ReadMsg------ 
AddReady from: [119 219 43 235 186 121 219 66 169 120 248 150 150 143 74 252 231 70 234 31]
AddReady from: [119 219 43 235 186 121 219 66 169 120 248 150 150 143 74 252 231 70 234 31]
AddReady from: [119 219 43 235 186 121 219 66 169 120 248 150 150 143 74 252 231 70 234 31]
INFO [12-20|00:27:02] Handle BFT Msg,                          msg="msg #8 (78 bytes)"
INFO [12-20|00:27:02] ------Received ReadMsg------ 
AddReady from: [19 203 184 217 156 108 78 15 39 40 199 215 38 6 231 138 41 196 226 36]
INFO [12-20|00:27:02] send Ready msg 
INFO [12-20|00:27:02] send Ready msg 
INFO [12-20|00:27:02] send Ready msg 
INFO [12-20|00:27:02] send Ready msg 
INFO [12-20|00:27:02] send Ready msg 
INFO [12-20|00:27:02] Handle BFT Msg,                          msg="msg #8 (78 bytes)"
INFO [12-20|00:27:02] ------Received ReadMsg------ 
AddReady from: [19 203 184 217 156 108 78 15 39 40 199 215 38 6 231 138 41 196 226 36]
INFO [12-20|00:27:02] Handle BFT Msg,                          msg="msg #8 (78 bytes)"
INFO [12-20|00:27:02] ------Received ReadMsg------ 
AddReady from: [19 203 184 217 156 108 78 15 39 40 199 215 38 6 231 138 41 196 226 36]
INFO [12-20|00:27:02] Handle BFT Msg,                          msg="msg #8 (78 bytes)"
INFO [12-20|00:27:02] ------Received ReadMsg------ 
AddReady from: [19 203 184 217 156 108 78 15 39 40 199 215 38 6 231 138 41 196 226 36]
INFO [12-20|00:27:02] Handle BFT Msg,                          msg="msg #8 (78 bytes)"
INFO [12-20|00:27:02] ------Received ReadMsg------ 
AddReady from: [19 203 184 217 156 108 78 15 39 40 199 215 38 6 231 138 41 196 226 36]
ready: 6 need: 5.3333335
ready: 6 need: 5.3333335
INFO [12-20|00:27:02] send Ready msg 
INFO [12-20|00:27:02] send Ready msg 
INFO [12-20|00:27:02] send Ready msg 
INFO [12-20|00:27:02] send Ready msg 
INFO [12-20|00:27:02] send Ready msg 
INFO [12-20|00:27:02] -----------------consensusManager Ready------------------------- 
INFO [12-20|00:27:02] Handle BFT Msg,                          msg="msg #8 (78 bytes)"
INFO [12-20|00:27:02] ------Received ReadMsg------ 
AddReady from: [220 236 234 243 252 92 10 99 209 149 214 155 26 144 1 27 123 25 101 13]
INFO [12-20|00:27:02] Handle BFT Msg,                          msg="msg #8 (78 bytes)"
INFO [12-20|00:27:02] ------Received ReadMsg------ 
INFO [12-20|00:27:02] Handle BFT Msg,                          msg="msg #8 (78 bytes)"
INFO [12-20|00:27:02] ------Received ReadMsg------ 
AddReady from: [220 236 234 243 252 92 10 99 209 149 214 155 26 144 1 27 123 25 101 13]
INFO [12-20|00:27:02] Handle BFT Msg,                          msg="msg #8 (78 bytes)"
INFO [12-20|00:27:02] ------Received ReadMsg------ 
AddReady from: [220 236 234 243 252 92 10 99 209 149 214 155 26 144 1 27 123 25 101 13]
AddReady from: [220 236 234 243 252 92 10 99 209 149 214 155 26 144 1 27 123 25 101 13]
INFO [12-20|00:27:02] Handle BFT Msg,                          msg="msg #8 (78 bytes)"
INFO [12-20|00:27:02] ------Received ReadMsg------ 
AddReady from: [220 236 234 243 252 92 10 99 209 149 214 155 26 144 1 27 123 25 101 13]
INFO [12-20|00:27:02] Handle BFT Msg,                          msg="msg #8 (78 bytes)"
INFO [12-20|00:27:02] ------Received ReadMsg------ 
AddReady from: [220 236 234 243 252 92 10 99 209 149 214 155 26 144 1 27 123 25 101 13]
INFO [12-20|00:27:02] Handle BFT Msg,                          msg="msg #8 (78 bytes)"
INFO [12-20|00:27:02] ------Received ReadMsg------ 
AddReady from: [220 236 234 243 252 92 10 99 209 149 214 155 26 144 1 27 123 25 101 13]
INFO [12-20|00:27:02] Handle BFT Msg,                          msg="msg #8 (78 bytes)"
INFO [12-20|00:27:02] ------Received ReadMsg------ 
AddReady from: [220 236 234 243 252 92 10 99 209 149 214 155 26 144 1 27 123 25 101 13]
INFO [12-20|00:27:02] Handle BFT Msg,                          msg="msg #8 (78 bytes)"
INFO [12-20|00:27:02] ------Received ReadMsg------ 
AddReady from: [220 236 234 243 252 92 10 99 209 149 214 155 26 144 1 27 123 25 101 13]
INFO [12-20|00:27:02] Handle BFT Msg,                          msg="msg #8 (78 bytes)"
INFO [12-20|00:27:02] ------Received ReadMsg------ 
AddReady from: [220 236 234 243 252 92 10 99 209 149 214 155 26 144 1 27 123 25 101 13]
INFO [12-20|00:27:02] Handle BFT Msg,                          msg="msg #8 (78 bytes)"
INFO [12-20|00:27:02] ------Received ReadMsg------ 
AddReady from: [220 236 234 243 252 92 10 99 209 149 214 155 26 144 1 27 123 25 101 13]
INFO [12-20|00:27:03] Handle BFT Msg,                          msg="msg #8 (78 bytes)"
INFO [12-20|00:27:03] ------Received ReadMsg------ 
AddReady from: [125 87 122 89 123 39 66 180 152 203 92 240 194 108 220 215 38 211 158 110]
INFO [12-20|00:27:03] send Ready msg 
INFO [12-20|00:27:03] send Ready msg 
INFO [12-20|00:27:03] send Ready msg 
INFO [12-20|00:27:03] send Ready msg 
INFO [12-20|00:27:03] send Ready msg 
INFO [12-20|00:27:03] Handle BFT Msg,                          msg="msg #8 (78 bytes)"
INFO [12-20|00:27:03] ------Received ReadMsg------ 
INFO [12-20|00:27:03] Handle BFT Msg,                          msg="msg #8 (78 bytes)"
INFO [12-20|00:27:03] ------Received ReadMsg------ 
AddReady from: [89 132 67 241 136 14 245 133 178 31 29 117 133 189 5 119 64 40 97 229]
INFO [12-20|00:27:03] send Ready msg 
INFO [12-20|00:27:03] send Ready msg 
AddReady from: [125 87 122 89 123 39 66 180 152 203 92 240 194 108 220 215 38 211 158 110]
INFO [12-20|00:27:03] send Ready msg 
INFO [12-20|00:27:03] Handle BFT Msg,                          msg="msg #8 (78 bytes)"
INFO [12-20|00:27:03] ------Received ReadMsg------ 
INFO [12-20|00:27:03] Handle BFT Msg,                          msg="msg #8 (78 bytes)"
INFO [12-20|00:27:03] ------Received ReadMsg------ 
AddReady from: [125 87 122 89 123 39 66 180 152 203 92 240 194 108 220 215 38 211 158 110]
INFO [12-20|00:27:03] Handle BFT Msg,                          msg="msg #8 (78 bytes)"
INFO [12-20|00:27:03] ------Received ReadMsg------ 
AddReady from: [89 132 67 241 136 14 245 133 178 31 29 117 133 189 5 119 64 40 97 229]
INFO [12-20|00:27:03] send Ready msg 
INFO [12-20|00:27:03] send Ready msg 
INFO [12-20|00:27:03] Handle BFT Msg,                          msg="msg #8 (78 bytes)"
INFO [12-20|00:27:03] ------Received ReadMsg------ 
AddReady from: [89 132 67 241 136 14 245 133 178 31 29 117 133 189 5 119 64 40 97 229]
INFO [12-20|00:27:03] send Ready msg 
INFO [12-20|00:27:03] Handle BFT Msg,                          msg="msg #8 (78 bytes)"
INFO [12-20|00:27:03] ------Received ReadMsg------ 
AddReady from: [125 87 122 89 123 39 66 180 152 203 92 240 194 108 220 215 38 211 158 110]
INFO [12-20|00:27:03] Handle BFT Msg,                          msg="msg #8 (78 bytes)"
INFO [12-20|00:27:03] ------Received ReadMsg------ 
AddReady from: [89 132 67 241 136 14 245 133 178 31 29 117 133 189 5 119 64 40 97 229]
INFO [12-20|00:27:03] Handle BFT Msg,                          msg="msg #8 (78 bytes)"
INFO [12-20|00:27:03] ------Received ReadMsg------ 
AddReady from: [130 169 120 179 245 150 42 91 9 87 217 238 158 239 71 46 229 91 66 241]
INFO [12-20|00:27:03] send Ready msg 
INFO [12-20|00:27:03] send Ready msg 
INFO [12-20|00:27:03] send Ready msg 
INFO [12-20|00:27:03] send Ready msg 
INFO [12-20|00:27:03] send Ready msg 
INFO [12-20|00:27:03] send Ready msg 
AddReady from: [130 169 120 179 245 150 42 91 9 87 217 238 158 239 71 46 229 91 66 241]
INFO [12-20|00:27:03] Handle BFT Msg,                          msg="msg #8 (78 bytes)"
INFO [12-20|00:27:03] ------Received ReadMsg------ 
INFO [12-20|00:27:03] Handle BFT Msg,                          msg="msg #8 (78 bytes)"
INFO [12-20|00:27:03] ------Received ReadMsg------ 
AddReady from: [130 169 120 179 245 150 42 91 9 87 217 238 158 239 71 46 229 91 66 241]
INFO [12-20|00:27:03] Handle BFT Msg,                          msg="msg #8 (78 bytes)"
INFO [12-20|00:27:03] ------Received ReadMsg------ 
AddReady from: [89 132 67 241 136 14 245 133 178 31 29 117 133 189 5 119 64 40 97 229]
INFO [12-20|00:27:03] Handle BFT Msg,                          msg="msg #8 (78 bytes)"
INFO [12-20|00:27:03] ------Received ReadMsg------ 
AddReady from: [125 87 122 89 123 39 66 180 152 203 92 240 194 108 220 215 38 211 158 110]
INFO [12-20|00:27:03] Handle BFT Msg,                          msg="msg #8 (78 bytes)"
INFO [12-20|00:27:03] ------Received ReadMsg------ 
AddReady from: [130 169 120 179 245 150 42 91 9 87 217 238 158 239 71 46 229 91 66 241]
AddReady from: [130 169 120 179 245 150 42 91 9 87 217 238 158 239 71 46 229 91 66 241]
INFO [12-20|00:27:03] Handle BFT Msg,                          msg="msg #8 (78 bytes)"
INFO [12-20|00:27:03] ------Received ReadMsg------ 
AddReady from: [119 219 43 235 186 121 219 66 169 120 248 150 150 143 74 252 231 70 234 31]
INFO [12-20|00:27:03] send Ready msg 
INFO [12-20|00:27:03] send Ready msg 
INFO [12-20|00:27:03] send Ready msg 
INFO [12-20|00:27:03] send Ready msg 
INFO [12-20|00:27:03] send Ready msg 
INFO [12-20|00:27:03] Handle BFT Msg,                          msg="msg #8 (78 bytes)"
INFO [12-20|00:27:03] ------Received ReadMsg------ 
AddReady from: [119 219 43 235 186 121 219 66 169 120 248 150 150 143 74 252 231 70 234 31]
INFO [12-20|00:27:03] Handle BFT Msg,                          msg="msg #8 (78 bytes)"
INFO [12-20|00:27:03] ------Received ReadMsg------ 
INFO [12-20|00:27:03] Handle BFT Msg,                          msg="msg #8 (78 bytes)"
INFO [12-20|00:27:03] ------Received ReadMsg------ 
AddReady from: [119 219 43 235 186 121 219 66 169 120 248 150 150 143 74 252 231 70 234 31]
INFO [12-20|00:27:03] Handle BFT Msg,                          msg="msg #8 (78 bytes)"
INFO [12-20|00:27:03] ------Received ReadMsg------ 
AddReady from: [119 219 43 235 186 121 219 66 169 120 248 150 150 143 74 252 231 70 234 31]
INFO [12-20|00:27:03] Handle BFT Msg,                          msg="msg #8 (78 bytes)"
INFO [12-20|00:27:03] ------Received ReadMsg------ 
AddReady from: [119 219 43 235 186 121 219 66 169 120 248 150 150 143 74 252 231 70 234 31]
AddReady from: [119 219 43 235 186 121 219 66 169 120 248 150 150 143 74 252 231 70 234 31]
INFO [12-20|00:27:03] Handle BFT Msg,                          msg="msg #8 (78 bytes)"
INFO [12-20|00:27:03] ------Received ReadMsg------ 
AddReady from: [19 203 184 217 156 108 78 15 39 40 199 215 38 6 231 138 41 196 226 36]
INFO [12-20|00:27:03] send Ready msg 
INFO [12-20|00:27:03] send Ready msg 
INFO [12-20|00:27:03] send Ready msg 
INFO [12-20|00:27:03] send Ready msg 
INFO [12-20|00:27:03] send Ready msg 
INFO [12-20|00:27:03] Handle BFT Msg,                          msg="msg #8 (78 bytes)"
INFO [12-20|00:27:03] ------Received ReadMsg------ 
INFO [12-20|00:27:03] Handle BFT Msg,                          msg="msg #8 (78 bytes)"
INFO [12-20|00:27:03] ------Received ReadMsg------ 
AddReady from: [19 203 184 217 156 108 78 15 39 40 199 215 38 6 231 138 41 196 226 36]
AddReady from: [19 203 184 217 156 108 78 15 39 40 199 215 38 6 231 138 41 196 226 36]
INFO [12-20|00:27:03] Handle BFT Msg,                          msg="msg #8 (78 bytes)"
INFO [12-20|00:27:03] ------Received ReadMsg------ 
INFO [12-20|00:27:03] Handle BFT Msg,                          msg="msg #8 (78 bytes)"
INFO [12-20|00:27:03] ------Received ReadMsg------ 
AddReady from: [19 203 184 217 156 108 78 15 39 40 199 215 38 6 231 138 41 196 226 36]
AddReady from: [19 203 184 217 156 108 78 15 39 40 199 215 38 6 231 138 41 196 226 36]
INFO [12-20|00:27:24] Transaction pool price threshold updated price=18000000000
INFO [12-20|00:27:24] Starting mining operation 
INFO [12-20|00:27:24] ---atomic.LoadInt32(&self.mining) == 1 && work.tcount == 0--- 
INFO [12-20|00:27:27] ---atomic.LoadInt32(&self.mining) == 1 && work.tcount == 0--- 
INFO [12-20|00:27:28] Handle BFT Msg,                          msg="msg #11 (120761 bytes)"
INFO [12-20|00:27:28] -------Received NewBlockProposalMsg------- 
bpHR: H: 1 R: 0
cmHR: H: 1 R: 0
INFO [12-20|00:27:28] --------------------------------------- 
INFO [12-20|00:27:28] ------------------this is sendMsig ------------------------- 
INFO [12-20|00:27:28] In IsValid() 
len(lockset.Votes): 0 lockset.EligibleVotesNum: 0
INFO [12-20|00:27:28] cm add BlockProposal                     h=1 r=0
INFO [12-20|00:27:28] in HasQuorum 
INFO [12-20|00:27:28] In IsValid() 
len(lockset.Votes): 1 lockset.EligibleVotesNum: 0
INFO [12-20|00:27:28] In addBlockCandidates!! 
INFO [12-20|00:27:28] -------in handle NewBlockProposalMsg, success!------- 
INFO [12-20|00:27:28] Handle BFT Msg,                          msg="msg #17 (107 bytes)"
INFO [12-20|00:27:28] ------Received VoteMsg------ 
voteHR: H: 1 R: 0 voteType:: 1 voteHash: [158 96 132 212 244 74 241 114 44 122 118 94 168 1 23 66 7 173 64 80 47 66 51 254 53 151 216 4 222 28 227 27]
cmHR: H: 1 R: 0
INFO [12-20|00:27:28] --------------------------------------- 
INFO [12-20|00:27:28] addVote to                               height=1 round=0 from=0x82a978b3f5962a5b0957d9ee9eef472ee55b42f1 success=true cm.coinbase=0xdceceaf3fc5c0a63d195d69b1a90011b7b19650d
INFO [12-20|00:27:28] ------in handle VoteMsg, success!------ 
INFO [12-20|00:27:30] Handle BFT Msg,                          msg="msg #17 (107 bytes)"
INFO [12-20|00:27:30] ------Received VoteMsg------ 
voteHR: H: 1 R: 0 voteType:: 2 voteHash: [0 0 0 0 0 0 0 0 0 0 0 0 0 0 0 0 0 0 0 0 0 0 0 0 0 0 0 0 0 0 0 0]
cmHR: H: 1 R: 0
INFO [12-20|00:27:30] --------------------------------------- 
INFO [12-20|00:27:30] addVote to                               height=1 round=0 from=0x7d577a597b2742b498cb5cf0c26cdcd726d39e6e success=true cm.coinbase=0xdceceaf3fc5c0a63d195d69b1a90011b7b19650d
INFO [12-20|00:27:30] ------in handle VoteMsg, success!------ 
INFO [12-20|00:27:30] ---atomic.LoadInt32(&self.mining) == 1 && work.tcount == 0--- 
INFO [12-20|00:27:33] ---atomic.LoadInt32(&self.mining) == 1 && work.tcount == 0--- 
INFO [12-20|00:27:34] Handle BFT Msg,                          msg="msg #17 (107 bytes)"
INFO [12-20|00:27:34] ------Received VoteMsg------ 
voteHR: H: 1 R: 1 voteType:: 1 voteHash: [158 96 132 212 244 74 241 114 44 122 118 94 168 1 23 66 7 173 64 80 47 66 51 254 53 151 216 4 222 28 227 27]
cmHR: H: 1 R: 0
INFO [12-20|00:27:34] --------------------------------------- 
INFO [12-20|00:27:34] addVote to                               height=1 round=1 from=0x82a978b3f5962a5b0957d9ee9eef472ee55b42f1 success=true cm.coinbase=0xdceceaf3fc5c0a63d195d69b1a90011b7b19650d
INFO [12-20|00:27:34] ------in handle VoteMsg, success!------ 
INFO [12-20|00:27:36] Handle BFT Msg,                          msg="msg #17 (107 bytes)"
INFO [12-20|00:27:36] ------Received VoteMsg------ 
voteHR: H: 1 R: 1 voteType:: 2 voteHash: [0 0 0 0 0 0 0 0 0 0 0 0 0 0 0 0 0 0 0 0 0 0 0 0 0 0 0 0 0 0 0 0]
cmHR: H: 1 R: 0
INFO [12-20|00:27:36] --------------------------------------- 
INFO [12-20|00:27:36] addVote to                               height=1 round=1 from=0x7d577a597b2742b498cb5cf0c26cdcd726d39e6e success=true cm.coinbase=0xdceceaf3fc5c0a63d195d69b1a90011b7b19650d
INFO [12-20|00:27:36] ------in handle VoteMsg, success!------ 
INFO [12-20|00:27:36] Commit new mining work                   number=1 txs=76 uncles=0 elapsed=43.594ms
INFO [12-20|00:27:36] Sealing                                  block n=1
StartConsensus, 1545236856667347000
INFO [12-20|00:27:36] Start Process 
INFO [12-20|00:27:36] in cm.Process, check lastCommittingLockset() 
INFO [12-20|00:27:36] In IsValid() 
len(lockset.Votes): 2 lockset.EligibleVotesNum: 0
INFO [12-20|00:27:36] in HasQuorum 
INFO [12-20|00:27:36] In IsValid() 
len(lockset.Votes): 2 lockset.EligibleVotesNum: 0
=====CM.COINBASE IS:===== [220 236 234 243 252 92 10 99 209 149 214 155 26 144 1 27 123 25 101 13] block number is: 1
INFO [12-20|00:27:36] case: default, cm.process 
ready: 6 need: 5.3333335
INFO [12-20|00:27:36] ---------------process------------------ 
INFO [12-20|00:27:36] In RM Process                            height=1 round=0
INFO [12-20|00:27:36] --------In rm.propose------- 
len(cc.validators)= 8
chosen= 1
INFO [12-20|00:27:36] ---------------in rm.vote----------------- 
INFO [12-20|00:27:36] in vote in RM                            height=1 round=0
INFO [12-20|00:27:36] vote mp 
INFO [12-20|00:27:36] vote success in                          height=1 round=0
INFO [12-20|00:27:36] Send VoteMsg 
INFO [12-20|00:27:36] in rm.process, check lockset HasQuorum 
INFO [12-20|00:27:36] in HasQuorum 
INFO [12-20|00:27:36] In IsValid() 
len(lockset.Votes): 3 lockset.EligibleVotesNum: 8
INFO [12-20|00:27:36] rm lockset is not valid yet 
INFO [12-20|00:27:36] after cm.process() 
INFO [12-20|00:27:36] case: default, cm.process 
ready: 6 need: 5.3333335
INFO [12-20|00:27:36] ---------------process------------------ 
INFO [12-20|00:27:36] In RM Process                            height=1 round=0
INFO [12-20|00:27:36] --------In rm.propose------- 
len(cc.validators)= 8
chosen= 1
INFO [12-20|00:27:36] ---------------in rm.vote----------------- 
INFO [12-20|00:27:36] voted 
INFO [12-20|00:27:36] in rm.process, check lockset HasQuorum 
INFO [12-20|00:27:36] in HasQuorum 
INFO [12-20|00:27:36] In IsValid() 
len(lockset.Votes): 3 lockset.EligibleVotesNum: 8
INFO [12-20|00:27:36] rm lockset is not valid yet 
INFO [12-20|00:27:36] after cm.process() 
INFO [12-20|00:27:36] case: default, cm.process 
ready: 6 need: 5.3333335
INFO [12-20|00:27:36] ---------------process------------------ 
INFO [12-20|00:27:36] In RM Process                            height=1 round=0
INFO [12-20|00:27:36] --------In rm.propose------- 
len(cc.validators)= 8
chosen= 1
INFO [12-20|00:27:36] ---------------in rm.vote----------------- 
INFO [12-20|00:27:36] voted 
INFO [12-20|00:27:36] in rm.process, check lockset HasQuorum 
INFO [12-20|00:27:36] in HasQuorum 
INFO [12-20|00:27:36] In IsValid() 
len(lockset.Votes): 3 lockset.EligibleVotesNum: 8
INFO [12-20|00:27:36] rm lockset is not valid yet 
INFO [12-20|00:27:36] after cm.process() 
INFO [12-20|00:27:36] case: default, cm.process 
ready: 6 need: 5.3333335
INFO [12-20|00:27:36] ---------------process------------------ 
INFO [12-20|00:27:36] In RM Process                            height=1 round=0
INFO [12-20|00:27:36] --------In rm.propose------- 
len(cc.validators)= 8
chosen= 1
INFO [12-20|00:27:36] ---------------in rm.vote----------------- 
INFO [12-20|00:27:36] voted 
INFO [12-20|00:27:36] in rm.process, check lockset HasQuorum 
INFO [12-20|00:27:36] in HasQuorum 
INFO [12-20|00:27:36] In IsValid() 
len(lockset.Votes): 3 lockset.EligibleVotesNum: 8
INFO [12-20|00:27:36] rm lockset is not valid yet 
INFO [12-20|00:27:36] after cm.process() 
INFO [12-20|00:27:37] case: default, cm.process 
ready: 6 need: 5.3333335
INFO [12-20|00:27:37] ---------------process------------------ 
INFO [12-20|00:27:37] In RM Process                            height=1 round=0
INFO [12-20|00:27:37] --------In rm.propose------- 
len(cc.validators)= 8
chosen= 1
INFO [12-20|00:27:37] ---------------in rm.vote----------------- 
INFO [12-20|00:27:37] voted 
INFO [12-20|00:27:37] in rm.process, check lockset HasQuorum 
INFO [12-20|00:27:37] in HasQuorum 
INFO [12-20|00:27:37] In IsValid() 
len(lockset.Votes): 3 lockset.EligibleVotesNum: 8
INFO [12-20|00:27:37] rm lockset is not valid yet 
INFO [12-20|00:27:37] after cm.process() 
INFO [12-20|00:27:37] case: default, cm.process 
ready: 6 need: 5.3333335
INFO [12-20|00:27:37] ---------------process------------------ 
INFO [12-20|00:27:37] In RM Process                            height=1 round=0
INFO [12-20|00:27:37] --------In rm.propose------- 
len(cc.validators)= 8
chosen= 1
INFO [12-20|00:27:37] ---------------in rm.vote----------------- 
INFO [12-20|00:27:37] voted 
INFO [12-20|00:27:37] in rm.process, check lockset HasQuorum 
INFO [12-20|00:27:37] in HasQuorum 
INFO [12-20|00:27:37] In IsValid() 
len(lockset.Votes): 3 lockset.EligibleVotesNum: 8
INFO [12-20|00:27:37] rm lockset is not valid yet 
INFO [12-20|00:27:37] after cm.process() 
INFO [12-20|00:27:37] case: default, cm.process 
ready: 6 need: 5.3333335
INFO [12-20|00:27:37] ---------------process------------------ 
INFO [12-20|00:27:37] In RM Process                            height=1 round=0
INFO [12-20|00:27:37] --------In rm.propose------- 
len(cc.validators)= 8
chosen= 1
INFO [12-20|00:27:37] ---------------in rm.vote----------------- 
INFO [12-20|00:27:37] voted 
INFO [12-20|00:27:37] in rm.process, check lockset HasQuorum 
INFO [12-20|00:27:37] in HasQuorum 
INFO [12-20|00:27:37] In IsValid() 
len(lockset.Votes): 3 lockset.EligibleVotesNum: 8
INFO [12-20|00:27:37] rm lockset is not valid yet 
INFO [12-20|00:27:37] after cm.process() 
INFO [12-20|00:27:37] case: default, cm.process 
ready: 6 need: 5.3333335
INFO [12-20|00:27:37] ---------------process------------------ 
INFO [12-20|00:27:37] In RM Process                            height=1 round=0
INFO [12-20|00:27:37] --------In rm.propose------- 
len(cc.validators)= 8
chosen= 1
INFO [12-20|00:27:37] ---------------in rm.vote----------------- 
INFO [12-20|00:27:37] voted 
INFO [12-20|00:27:37] in rm.process, check lockset HasQuorum 
INFO [12-20|00:27:37] in HasQuorum 
INFO [12-20|00:27:37] In IsValid() 
len(lockset.Votes): 3 lockset.EligibleVotesNum: 8
INFO [12-20|00:27:37] rm lockset is not valid yet 
INFO [12-20|00:27:37] after cm.process() 
INFO [12-20|00:27:37] case: default, cm.process 
ready: 6 need: 5.3333335
INFO [12-20|00:27:37] ---------------process------------------ 
INFO [12-20|00:27:37] In RM Process                            height=1 round=0
INFO [12-20|00:27:37] --------In rm.propose------- 
len(cc.validators)= 8
chosen= 1
INFO [12-20|00:27:37] ---------------in rm.vote----------------- 
INFO [12-20|00:27:37] voted 
INFO [12-20|00:27:37] in rm.process, check lockset HasQuorum 
INFO [12-20|00:27:37] in HasQuorum 
INFO [12-20|00:27:37] In IsValid() 
len(lockset.Votes): 3 lockset.EligibleVotesNum: 8
INFO [12-20|00:27:37] rm lockset is not valid yet 
INFO [12-20|00:27:37] after cm.process() 
INFO [12-20|00:27:37] case: default, cm.process 
ready: 6 need: 5.3333335
INFO [12-20|00:27:37] ---------------process------------------ 
INFO [12-20|00:27:37] In RM Process                            height=1 round=0
INFO [12-20|00:27:37] --------In rm.propose------- 
len(cc.validators)= 8
chosen= 1
INFO [12-20|00:27:37] ---------------in rm.vote----------------- 
INFO [12-20|00:27:37] voted 
INFO [12-20|00:27:37] in rm.process, check lockset HasQuorum 
INFO [12-20|00:27:37] in HasQuorum 
INFO [12-20|00:27:37] In IsValid() 
len(lockset.Votes): 3 lockset.EligibleVotesNum: 8
INFO [12-20|00:27:37] rm lockset is not valid yet 
INFO [12-20|00:27:37] after cm.process() 
INFO [12-20|00:27:37] case: default, cm.process 
ready: 6 need: 5.3333335
INFO [12-20|00:27:37] ---------------process------------------ 
INFO [12-20|00:27:37] In RM Process                            height=1 round=0
INFO [12-20|00:27:37] --------In rm.propose------- 
len(cc.validators)= 8
chosen= 1
INFO [12-20|00:27:37] ---------------in rm.vote----------------- 
INFO [12-20|00:27:37] voted 
INFO [12-20|00:27:37] in rm.process, check lockset HasQuorum 
INFO [12-20|00:27:37] in HasQuorum 
INFO [12-20|00:27:37] In IsValid() 
len(lockset.Votes): 3 lockset.EligibleVotesNum: 8
INFO [12-20|00:27:37] rm lockset is not valid yet 
INFO [12-20|00:27:37] after cm.process() 
INFO [12-20|00:27:37] case: default, cm.process 
ready: 6 need: 5.3333335
INFO [12-20|00:27:37] ---------------process------------------ 
INFO [12-20|00:27:37] In RM Process                            height=1 round=0
INFO [12-20|00:27:37] --------In rm.propose------- 
len(cc.validators)= 8
chosen= 1
INFO [12-20|00:27:37] ---------------in rm.vote----------------- 
INFO [12-20|00:27:37] voted 
INFO [12-20|00:27:37] in rm.process, check lockset HasQuorum 
INFO [12-20|00:27:37] in HasQuorum 
INFO [12-20|00:27:37] In IsValid() 
len(lockset.Votes): 3 lockset.EligibleVotesNum: 8
INFO [12-20|00:27:37] rm lockset is not valid yet 
INFO [12-20|00:27:37] after cm.process() 
INFO [12-20|00:27:37] case: default, cm.process 
ready: 6 need: 5.3333335
INFO [12-20|00:27:37] ---------------process------------------ 
INFO [12-20|00:27:37] In RM Process                            height=1 round=0
INFO [12-20|00:27:37] --------In rm.propose------- 
len(cc.validators)= 8
chosen= 1
INFO [12-20|00:27:37] ---------------in rm.vote----------------- 
INFO [12-20|00:27:37] voted 
INFO [12-20|00:27:37] in rm.process, check lockset HasQuorum 
INFO [12-20|00:27:37] in HasQuorum 
INFO [12-20|00:27:37] In IsValid() 
len(lockset.Votes): 3 lockset.EligibleVotesNum: 8
INFO [12-20|00:27:37] rm lockset is not valid yet 
INFO [12-20|00:27:37] after cm.process() 
INFO [12-20|00:27:37] case: default, cm.process 
ready: 6 need: 5.3333335
INFO [12-20|00:27:37] ---------------process------------------ 
INFO [12-20|00:27:37] In RM Process                            height=1 round=0
INFO [12-20|00:27:37] --------In rm.propose------- 
len(cc.validators)= 8
chosen= 1
INFO [12-20|00:27:37] ---------------in rm.vote----------------- 
INFO [12-20|00:27:37] voted 
INFO [12-20|00:27:37] in rm.process, check lockset HasQuorum 
INFO [12-20|00:27:37] in HasQuorum 
INFO [12-20|00:27:37] In IsValid() 
len(lockset.Votes): 3 lockset.EligibleVotesNum: 8
INFO [12-20|00:27:37] rm lockset is not valid yet 
INFO [12-20|00:27:37] after cm.process() 
INFO [12-20|00:27:38] case: default, cm.process 
ready: 6 need: 5.3333335
INFO [12-20|00:27:38] ---------------process------------------ 
INFO [12-20|00:27:38] In RM Process                            height=1 round=0
INFO [12-20|00:27:38] --------In rm.propose------- 
len(cc.validators)= 8
chosen= 1
INFO [12-20|00:27:38] ---------------in rm.vote----------------- 
INFO [12-20|00:27:38] voted 
INFO [12-20|00:27:38] in rm.process, check lockset HasQuorum 
INFO [12-20|00:27:38] in HasQuorum 
INFO [12-20|00:27:38] In IsValid() 
len(lockset.Votes): 3 lockset.EligibleVotesNum: 8
INFO [12-20|00:27:38] rm lockset is not valid yet 
INFO [12-20|00:27:38] after cm.process() 
INFO [12-20|00:27:38] case: default, cm.process 
ready: 6 need: 5.3333335
INFO [12-20|00:27:38] ---------------process------------------ 
INFO [12-20|00:27:38] In RM Process                            height=1 round=0
INFO [12-20|00:27:38] --------In rm.propose------- 
len(cc.validators)= 8
chosen= 1
INFO [12-20|00:27:38] ---------------in rm.vote----------------- 
INFO [12-20|00:27:38] voted 
INFO [12-20|00:27:38] in rm.process, check lockset HasQuorum 
INFO [12-20|00:27:38] in HasQuorum 
INFO [12-20|00:27:38] In IsValid() 
len(lockset.Votes): 3 lockset.EligibleVotesNum: 8
INFO [12-20|00:27:38] rm lockset is not valid yet 
INFO [12-20|00:27:38] after cm.process() 
INFO [12-20|00:27:38] case: default, cm.process 
ready: 6 need: 5.3333335
INFO [12-20|00:27:38] ---------------process------------------ 
INFO [12-20|00:27:38] In RM Process                            height=1 round=0
INFO [12-20|00:27:38] --------In rm.propose------- 
len(cc.validators)= 8
chosen= 1
INFO [12-20|00:27:38] ---------------in rm.vote----------------- 
INFO [12-20|00:27:38] voted 
INFO [12-20|00:27:38] in rm.process, check lockset HasQuorum 
INFO [12-20|00:27:38] in HasQuorum 
INFO [12-20|00:27:38] In IsValid() 
len(lockset.Votes): 3 lockset.EligibleVotesNum: 8
INFO [12-20|00:27:38] rm lockset is not valid yet 
INFO [12-20|00:27:38] after cm.process() 
INFO [12-20|00:27:38] case: default, cm.process 
ready: 6 need: 5.3333335
INFO [12-20|00:27:38] ---------------process------------------ 
INFO [12-20|00:27:38] In RM Process                            height=1 round=0
INFO [12-20|00:27:38] --------In rm.propose------- 
len(cc.validators)= 8
chosen= 1
INFO [12-20|00:27:38] ---------------in rm.vote----------------- 
INFO [12-20|00:27:38] voted 
INFO [12-20|00:27:38] in rm.process, check lockset HasQuorum 
INFO [12-20|00:27:38] in HasQuorum 
INFO [12-20|00:27:38] In IsValid() 
len(lockset.Votes): 3 lockset.EligibleVotesNum: 8
INFO [12-20|00:27:38] rm lockset is not valid yet 
INFO [12-20|00:27:38] after cm.process() 
INFO [12-20|00:27:38] case: default, cm.process 
ready: 6 need: 5.3333335
INFO [12-20|00:27:38] ---------------process------------------ 
INFO [12-20|00:27:38] In RM Process                            height=1 round=0
INFO [12-20|00:27:38] --------In rm.propose------- 
len(cc.validators)= 8
chosen= 1
INFO [12-20|00:27:38] ---------------in rm.vote----------------- 
INFO [12-20|00:27:38] voted 
INFO [12-20|00:27:38] in rm.process, check lockset HasQuorum 
INFO [12-20|00:27:38] in HasQuorum 
INFO [12-20|00:27:38] In IsValid() 
len(lockset.Votes): 3 lockset.EligibleVotesNum: 8
INFO [12-20|00:27:38] rm lockset is not valid yet 
INFO [12-20|00:27:38] after cm.process() 
INFO [12-20|00:27:38] case: default, cm.process 
ready: 6 need: 5.3333335
INFO [12-20|00:27:38] ---------------process------------------ 
INFO [12-20|00:27:38] In RM Process                            height=1 round=0
INFO [12-20|00:27:38] --------In rm.propose------- 
len(cc.validators)= 8
chosen= 1
INFO [12-20|00:27:38] ---------------in rm.vote----------------- 
INFO [12-20|00:27:38] voted 
INFO [12-20|00:27:38] in rm.process, check lockset HasQuorum 
INFO [12-20|00:27:38] in HasQuorum 
INFO [12-20|00:27:38] In IsValid() 
len(lockset.Votes): 3 lockset.EligibleVotesNum: 8
INFO [12-20|00:27:38] rm lockset is not valid yet 
INFO [12-20|00:27:38] after cm.process() 
INFO [12-20|00:27:38] case: default, cm.process 
ready: 6 need: 5.3333335
INFO [12-20|00:27:38] ---------------process------------------ 
INFO [12-20|00:27:38] In RM Process                            height=1 round=0
INFO [12-20|00:27:38] --------In rm.propose------- 
len(cc.validators)= 8
chosen= 1
INFO [12-20|00:27:38] ---------------in rm.vote----------------- 
INFO [12-20|00:27:38] voted 
INFO [12-20|00:27:38] in rm.process, check lockset HasQuorum 
INFO [12-20|00:27:38] in HasQuorum 
INFO [12-20|00:27:38] In IsValid() 
len(lockset.Votes): 3 lockset.EligibleVotesNum: 8
INFO [12-20|00:27:38] rm lockset is not valid yet 
INFO [12-20|00:27:38] after cm.process() 
INFO [12-20|00:27:38] case: default, cm.process 
ready: 6 need: 5.3333335
INFO [12-20|00:27:38] ---------------process------------------ 
INFO [12-20|00:27:38] In RM Process                            height=1 round=0
INFO [12-20|00:27:38] --------In rm.propose------- 
len(cc.validators)= 8
chosen= 1
INFO [12-20|00:27:38] ---------------in rm.vote----------------- 
INFO [12-20|00:27:38] voted 
INFO [12-20|00:27:38] in rm.process, check lockset HasQuorum 
INFO [12-20|00:27:38] in HasQuorum 
INFO [12-20|00:27:38] In IsValid() 
len(lockset.Votes): 3 lockset.EligibleVotesNum: 8
INFO [12-20|00:27:38] rm lockset is not valid yet 
INFO [12-20|00:27:38] after cm.process() 
INFO [12-20|00:27:38] case: default, cm.process 
ready: 6 need: 5.3333335
INFO [12-20|00:27:38] ---------------process------------------ 
INFO [12-20|00:27:38] In RM Process                            height=1 round=0
INFO [12-20|00:27:38] --------In rm.propose------- 
len(cc.validators)= 8
chosen= 1
INFO [12-20|00:27:38] ---------------in rm.vote----------------- 
INFO [12-20|00:27:38] voted 
INFO [12-20|00:27:38] in rm.process, check lockset HasQuorum 
INFO [12-20|00:27:38] in HasQuorum 
INFO [12-20|00:27:38] In IsValid() 
len(lockset.Votes): 3 lockset.EligibleVotesNum: 8
INFO [12-20|00:27:38] rm lockset is not valid yet 
INFO [12-20|00:27:38] after cm.process() 
INFO [12-20|00:27:38] case: default, cm.process 
ready: 6 need: 5.3333335
INFO [12-20|00:27:38] ---------------process------------------ 
INFO [12-20|00:27:38] In RM Process                            height=1 round=0
INFO [12-20|00:27:38] --------In rm.propose------- 
len(cc.validators)= 8
chosen= 1
INFO [12-20|00:27:38] ---------------in rm.vote----------------- 
INFO [12-20|00:27:38] voted 
INFO [12-20|00:27:38] in rm.process, check lockset HasQuorum 
INFO [12-20|00:27:38] in HasQuorum 
INFO [12-20|00:27:38] In IsValid() 
len(lockset.Votes): 3 lockset.EligibleVotesNum: 8
INFO [12-20|00:27:38] rm lockset is not valid yet 
INFO [12-20|00:27:38] after cm.process() 
INFO [12-20|00:27:39] case: default, cm.process 
ready: 6 need: 5.3333335
INFO [12-20|00:27:39] ---------------process------------------ 
INFO [12-20|00:27:39] In RM Process                            height=1 round=0
INFO [12-20|00:27:39] --------In rm.propose------- 
len(cc.validators)= 8
chosen= 1
INFO [12-20|00:27:39] ---------------in rm.vote----------------- 
INFO [12-20|00:27:39] voted 
INFO [12-20|00:27:39] in rm.process, check lockset HasQuorum 
INFO [12-20|00:27:39] in HasQuorum 
INFO [12-20|00:27:39] In IsValid() 
len(lockset.Votes): 3 lockset.EligibleVotesNum: 8
INFO [12-20|00:27:39] rm lockset is not valid yet 
INFO [12-20|00:27:39] after cm.process() 
INFO [12-20|00:27:39] case: default, cm.process 
ready: 6 need: 5.3333335
INFO [12-20|00:27:39] ---------------process------------------ 
INFO [12-20|00:27:39] In RM Process                            height=1 round=0
INFO [12-20|00:27:39] --------In rm.propose------- 
len(cc.validators)= 8
chosen= 1
INFO [12-20|00:27:39] ---------------in rm.vote----------------- 
INFO [12-20|00:27:39] voted 
INFO [12-20|00:27:39] in rm.process, check lockset HasQuorum 
INFO [12-20|00:27:39] in HasQuorum 
INFO [12-20|00:27:39] In IsValid() 
len(lockset.Votes): 3 lockset.EligibleVotesNum: 8
INFO [12-20|00:27:39] rm lockset is not valid yet 
INFO [12-20|00:27:39] after cm.process() 
INFO [12-20|00:27:39] case: default, cm.process 
ready: 6 need: 5.3333335
INFO [12-20|00:27:39] ---------------process------------------ 
INFO [12-20|00:27:39] In RM Process                            height=1 round=0
INFO [12-20|00:27:39] --------In rm.propose------- 
len(cc.validators)= 8
chosen= 1
INFO [12-20|00:27:39] ---------------in rm.vote----------------- 
INFO [12-20|00:27:39] voted 
INFO [12-20|00:27:39] in rm.process, check lockset HasQuorum 
INFO [12-20|00:27:39] in HasQuorum 
INFO [12-20|00:27:39] In IsValid() 
len(lockset.Votes): 3 lockset.EligibleVotesNum: 8
INFO [12-20|00:27:39] rm lockset is not valid yet 
INFO [12-20|00:27:39] after cm.process() 
INFO [12-20|00:27:39] case: default, cm.process 
ready: 6 need: 5.3333335
INFO [12-20|00:27:39] ---------------process------------------ 
INFO [12-20|00:27:39] In RM Process                            height=1 round=0
INFO [12-20|00:27:39] --------In rm.propose------- 
len(cc.validators)= 8
chosen= 1
INFO [12-20|00:27:39] ---------------in rm.vote----------------- 
INFO [12-20|00:27:39] voted 
INFO [12-20|00:27:39] in rm.process, check lockset HasQuorum 
INFO [12-20|00:27:39] in HasQuorum 
INFO [12-20|00:27:39] In IsValid() 
len(lockset.Votes): 3 lockset.EligibleVotesNum: 8
INFO [12-20|00:27:39] rm lockset is not valid yet 
INFO [12-20|00:27:39] after cm.process() 
INFO [12-20|00:27:39] case: default, cm.process 
ready: 6 need: 5.3333335
INFO [12-20|00:27:39] ---------------process------------------ 
INFO [12-20|00:27:39] In RM Process                            height=1 round=0
INFO [12-20|00:27:39] --------In rm.propose------- 
len(cc.validators)= 8
chosen= 1
INFO [12-20|00:27:39] ---------------in rm.vote----------------- 
INFO [12-20|00:27:39] voted 
INFO [12-20|00:27:39] in rm.process, check lockset HasQuorum 
INFO [12-20|00:27:39] in HasQuorum 
INFO [12-20|00:27:39] In IsValid() 
len(lockset.Votes): 3 lockset.EligibleVotesNum: 8
INFO [12-20|00:27:39] rm lockset is not valid yet 
INFO [12-20|00:27:39] after cm.process() 
INFO [12-20|00:27:39] case: default, cm.process 
ready: 6 need: 5.3333335
INFO [12-20|00:27:39] ---------------process------------------ 
INFO [12-20|00:27:39] In RM Process                            height=1 round=0
INFO [12-20|00:27:39] --------In rm.propose------- 
len(cc.validators)= 8
chosen= 1
INFO [12-20|00:27:39] ---------------in rm.vote----------------- 
INFO [12-20|00:27:39] voted 
INFO [12-20|00:27:39] in rm.process, check lockset HasQuorum 
INFO [12-20|00:27:39] in HasQuorum 
INFO [12-20|00:27:39] In IsValid() 
len(lockset.Votes): 3 lockset.EligibleVotesNum: 8
INFO [12-20|00:27:39] rm lockset is not valid yet 
INFO [12-20|00:27:39] after cm.process() 
INFO [12-20|00:27:39] case: default, cm.process 
ready: 6 need: 5.3333335
INFO [12-20|00:27:39] ---------------process------------------ 
INFO [12-20|00:27:39] In RM Process                            height=1 round=0
INFO [12-20|00:27:39] --------In rm.propose------- 
len(cc.validators)= 8
chosen= 1
INFO [12-20|00:27:39] ---------------in rm.vote----------------- 
INFO [12-20|00:27:39] voted 
INFO [12-20|00:27:39] in rm.process, check lockset HasQuorum 
INFO [12-20|00:27:39] in HasQuorum 
INFO [12-20|00:27:39] In IsValid() 
len(lockset.Votes): 3 lockset.EligibleVotesNum: 8
INFO [12-20|00:27:39] rm lockset is not valid yet 
INFO [12-20|00:27:39] after cm.process() 
INFO [12-20|00:27:39] case: default, cm.process 
ready: 6 need: 5.3333335
INFO [12-20|00:27:39] ---------------process------------------ 
INFO [12-20|00:27:39] In RM Process                            height=1 round=0
INFO [12-20|00:27:39] --------In rm.propose------- 
len(cc.validators)= 8
chosen= 1
INFO [12-20|00:27:39] ---------------in rm.vote----------------- 
INFO [12-20|00:27:39] voted 
INFO [12-20|00:27:39] in rm.process, check lockset HasQuorum 
INFO [12-20|00:27:39] in HasQuorum 
INFO [12-20|00:27:39] In IsValid() 
len(lockset.Votes): 3 lockset.EligibleVotesNum: 8
INFO [12-20|00:27:39] rm lockset is not valid yet 
INFO [12-20|00:27:39] after cm.process() 
INFO [12-20|00:27:39] case: default, cm.process 
ready: 6 need: 5.3333335
INFO [12-20|00:27:39] ---------------process------------------ 
INFO [12-20|00:27:39] In RM Process                            height=1 round=0
INFO [12-20|00:27:39] --------In rm.propose------- 
len(cc.validators)= 8
chosen= 1
INFO [12-20|00:27:39] ---------------in rm.vote----------------- 
INFO [12-20|00:27:39] voted 
INFO [12-20|00:27:39] in rm.process, check lockset HasQuorum 
INFO [12-20|00:27:39] in HasQuorum 
INFO [12-20|00:27:39] In IsValid() 
len(lockset.Votes): 3 lockset.EligibleVotesNum: 8
INFO [12-20|00:27:39] rm lockset is not valid yet 
INFO [12-20|00:27:39] after cm.process() 
INFO [12-20|00:27:40] case: default, cm.process 
ready: 6 need: 5.3333335
INFO [12-20|00:27:40] ---------------process------------------ 
INFO [12-20|00:27:40] In RM Process                            height=1 round=0
INFO [12-20|00:27:40] --------In rm.propose------- 
len(cc.validators)= 8
chosen= 1
INFO [12-20|00:27:40] ---------------in rm.vote----------------- 
INFO [12-20|00:27:40] voted 
INFO [12-20|00:27:40] in rm.process, check lockset HasQuorum 
INFO [12-20|00:27:40] in HasQuorum 
INFO [12-20|00:27:40] In IsValid() 
len(lockset.Votes): 3 lockset.EligibleVotesNum: 8
INFO [12-20|00:27:40] rm lockset is not valid yet 
INFO [12-20|00:27:40] after cm.process() 
INFO [12-20|00:27:40] case: default, cm.process 
ready: 6 need: 5.3333335
INFO [12-20|00:27:40] ---------------process------------------ 
INFO [12-20|00:27:40] In RM Process                            height=1 round=0
INFO [12-20|00:27:40] --------In rm.propose------- 
len(cc.validators)= 8
chosen= 1
INFO [12-20|00:27:40] ---------------in rm.vote----------------- 
INFO [12-20|00:27:40] voted 
INFO [12-20|00:27:40] in rm.process, check lockset HasQuorum 
INFO [12-20|00:27:40] in HasQuorum 
INFO [12-20|00:27:40] In IsValid() 
len(lockset.Votes): 3 lockset.EligibleVotesNum: 8
INFO [12-20|00:27:40] rm lockset is not valid yet 
INFO [12-20|00:27:40] after cm.process() 
INFO [12-20|00:27:40] case: default, cm.process 
ready: 6 need: 5.3333335
INFO [12-20|00:27:40] ---------------process------------------ 
INFO [12-20|00:27:40] In RM Process                            height=1 round=0
INFO [12-20|00:27:40] --------In rm.propose------- 
len(cc.validators)= 8
chosen= 1
INFO [12-20|00:27:40] ---------------in rm.vote----------------- 
INFO [12-20|00:27:40] voted 
INFO [12-20|00:27:40] in rm.process, check lockset HasQuorum 
INFO [12-20|00:27:40] in HasQuorum 
INFO [12-20|00:27:40] In IsValid() 
len(lockset.Votes): 3 lockset.EligibleVotesNum: 8
INFO [12-20|00:27:40] rm lockset is not valid yet 
INFO [12-20|00:27:40] after cm.process() 
INFO [12-20|00:27:40] case: default, cm.process 
ready: 6 need: 5.3333335
INFO [12-20|00:27:40] ---------------process------------------ 
INFO [12-20|00:27:40] In RM Process                            height=1 round=0
INFO [12-20|00:27:40] --------In rm.propose------- 
len(cc.validators)= 8
chosen= 1
INFO [12-20|00:27:40] ---------------in rm.vote----------------- 
INFO [12-20|00:27:40] voted 
INFO [12-20|00:27:40] in rm.process, check lockset HasQuorum 
INFO [12-20|00:27:40] in HasQuorum 
INFO [12-20|00:27:40] In IsValid() 
len(lockset.Votes): 3 lockset.EligibleVotesNum: 8
INFO [12-20|00:27:40] rm lockset is not valid yet 
INFO [12-20|00:27:40] after cm.process() 
INFO [12-20|00:27:40] case: default, cm.process 
ready: 6 need: 5.3333335
INFO [12-20|00:27:40] ---------------process------------------ 
INFO [12-20|00:27:40] In RM Process                            height=1 round=0
INFO [12-20|00:27:40] --------In rm.propose------- 
len(cc.validators)= 8
chosen= 1
INFO [12-20|00:27:40] ---------------in rm.vote----------------- 
INFO [12-20|00:27:40] voted 
INFO [12-20|00:27:40] in rm.process, check lockset HasQuorum 
INFO [12-20|00:27:40] in HasQuorum 
INFO [12-20|00:27:40] In IsValid() 
len(lockset.Votes): 3 lockset.EligibleVotesNum: 8
INFO [12-20|00:27:40] rm lockset is not valid yet 
INFO [12-20|00:27:40] after cm.process() 
INFO [12-20|00:27:40] case: default, cm.process 
ready: 6 need: 5.3333335
INFO [12-20|00:27:40] ---------------process------------------ 
INFO [12-20|00:27:40] In RM Process                            height=1 round=0
INFO [12-20|00:27:40] --------In rm.propose------- 
len(cc.validators)= 8
chosen= 1
INFO [12-20|00:27:40] ---------------in rm.vote----------------- 
INFO [12-20|00:27:40] voted 
INFO [12-20|00:27:40] in rm.process, check lockset HasQuorum 
INFO [12-20|00:27:40] in HasQuorum 
INFO [12-20|00:27:40] In IsValid() 
len(lockset.Votes): 3 lockset.EligibleVotesNum: 8
INFO [12-20|00:27:40] rm lockset is not valid yet 
INFO [12-20|00:27:40] after cm.process() 
INFO [12-20|00:27:40] case: default, cm.process 
ready: 6 need: 5.3333335
INFO [12-20|00:27:40] ---------------process------------------ 
INFO [12-20|00:27:40] In RM Process                            height=1 round=0
INFO [12-20|00:27:40] --------In rm.propose------- 
len(cc.validators)= 8
chosen= 1
INFO [12-20|00:27:40] ---------------in rm.vote----------------- 
INFO [12-20|00:27:40] voted 
INFO [12-20|00:27:40] in rm.process, check lockset HasQuorum 
INFO [12-20|00:27:40] in HasQuorum 
INFO [12-20|00:27:40] In IsValid() 
len(lockset.Votes): 3 lockset.EligibleVotesNum: 8
INFO [12-20|00:27:40] rm lockset is not valid yet 
INFO [12-20|00:27:40] after cm.process() 
INFO [12-20|00:27:40] case: default, cm.process 
ready: 6 need: 5.3333335
INFO [12-20|00:27:40] ---------------process------------------ 
INFO [12-20|00:27:40] In RM Process                            height=1 round=0
INFO [12-20|00:27:40] --------In rm.propose------- 
len(cc.validators)= 8
chosen= 1
INFO [12-20|00:27:40] ---------------in rm.vote----------------- 
INFO [12-20|00:27:40] voted 
INFO [12-20|00:27:40] in rm.process, check lockset HasQuorum 
INFO [12-20|00:27:40] in HasQuorum 
INFO [12-20|00:27:40] In IsValid() 
len(lockset.Votes): 3 lockset.EligibleVotesNum: 8
INFO [12-20|00:27:40] rm lockset is not valid yet 
INFO [12-20|00:27:40] after cm.process() 
INFO [12-20|00:27:40] case: default, cm.process 
ready: 6 need: 5.3333335
INFO [12-20|00:27:40] ---------------process------------------ 
INFO [12-20|00:27:40] In RM Process                            height=1 round=0
INFO [12-20|00:27:40] --------In rm.propose------- 
len(cc.validators)= 8
chosen= 1
INFO [12-20|00:27:40] ---------------in rm.vote----------------- 
INFO [12-20|00:27:40] voted 
INFO [12-20|00:27:40] in rm.process, check lockset HasQuorum 
INFO [12-20|00:27:40] in HasQuorum 
INFO [12-20|00:27:40] In IsValid() 
len(lockset.Votes): 3 lockset.EligibleVotesNum: 8
INFO [12-20|00:27:40] rm lockset is not valid yet 
INFO [12-20|00:27:40] after cm.process() 
INFO [12-20|00:27:40] case: default, cm.process 
ready: 6 need: 5.3333335
INFO [12-20|00:27:40] ---------------process------------------ 
INFO [12-20|00:27:40] In RM Process                            height=1 round=0
INFO [12-20|00:27:40] --------In rm.propose------- 
len(cc.validators)= 8
chosen= 1
INFO [12-20|00:27:40] ---------------in rm.vote----------------- 
INFO [12-20|00:27:40] voted 
INFO [12-20|00:27:40] in rm.process, check lockset HasQuorum 
INFO [12-20|00:27:40] in HasQuorum 
INFO [12-20|00:27:40] In IsValid() 
len(lockset.Votes): 3 lockset.EligibleVotesNum: 8
INFO [12-20|00:27:40] rm lockset is not valid yet 
INFO [12-20|00:27:40] after cm.process() 
INFO [12-20|00:27:41] case: default, cm.process 
ready: 6 need: 5.3333335
INFO [12-20|00:27:41] ---------------process------------------ 
INFO [12-20|00:27:41] In RM Process                            height=1 round=0
INFO [12-20|00:27:41] --------In rm.propose------- 
len(cc.validators)= 8
chosen= 1
INFO [12-20|00:27:41] ---------------in rm.vote----------------- 
INFO [12-20|00:27:41] voted 
INFO [12-20|00:27:41] in rm.process, check lockset HasQuorum 
INFO [12-20|00:27:41] in HasQuorum 
INFO [12-20|00:27:41] In IsValid() 
len(lockset.Votes): 3 lockset.EligibleVotesNum: 8
INFO [12-20|00:27:41] rm lockset is not valid yet 
INFO [12-20|00:27:41] after cm.process() 
INFO [12-20|00:27:41] case: default, cm.process 
ready: 6 need: 5.3333335
INFO [12-20|00:27:41] ---------------process------------------ 
INFO [12-20|00:27:41] In RM Process                            height=1 round=1
INFO [12-20|00:27:41] --------In rm.propose------- 
len(cc.validators)= 8
chosen= 0
INFO [12-20|00:27:41] ---------------in rm.vote----------------- 
INFO [12-20|00:27:41] in vote in RM                            height=1 round=1
INFO [12-20|00:27:41] Timeout time not reach, curr vs timeout: curr=1545236861.000 timeout=1545236868.500
INFO [12-20|00:27:41] in rm.process, check lockset HasQuorum 
INFO [12-20|00:27:41] in HasQuorum 
INFO [12-20|00:27:41] In IsValid() 
len(lockset.Votes): 2 lockset.EligibleVotesNum: 8
INFO [12-20|00:27:41] rm lockset is not valid yet 
INFO [12-20|00:27:41] after cm.process() 
INFO [12-20|00:27:41] case: default, cm.process 
ready: 6 need: 5.3333335
INFO [12-20|00:27:41] ---------------process------------------ 
INFO [12-20|00:27:41] In RM Process                            height=1 round=1
INFO [12-20|00:27:41] --------In rm.propose------- 
len(cc.validators)= 8
chosen= 0
INFO [12-20|00:27:41] ---------------in rm.vote----------------- 
INFO [12-20|00:27:41] in vote in RM                            height=1 round=1
INFO [12-20|00:27:41] Timeout time not reach, curr vs timeout: curr=1545236861.000 timeout=1545236868.500
INFO [12-20|00:27:41] in rm.process, check lockset HasQuorum 
INFO [12-20|00:27:41] in HasQuorum 
INFO [12-20|00:27:41] In IsValid() 
len(lockset.Votes): 2 lockset.EligibleVotesNum: 8
INFO [12-20|00:27:41] rm lockset is not valid yet 
INFO [12-20|00:27:41] after cm.process() 
INFO [12-20|00:27:41] case: default, cm.process 
ready: 6 need: 5.3333335
INFO [12-20|00:27:41] ---------------process------------------ 
INFO [12-20|00:27:41] In RM Process                            height=1 round=1
INFO [12-20|00:27:41] --------In rm.propose------- 
len(cc.validators)= 8
chosen= 0
INFO [12-20|00:27:41] ---------------in rm.vote----------------- 
INFO [12-20|00:27:41] in vote in RM                            height=1 round=1
INFO [12-20|00:27:41] Timeout time not reach, curr vs timeout: curr=1545236861.000 timeout=1545236868.500
INFO [12-20|00:27:41] in rm.process, check lockset HasQuorum 
INFO [12-20|00:27:41] in HasQuorum 
INFO [12-20|00:27:41] In IsValid() 
len(lockset.Votes): 2 lockset.EligibleVotesNum: 8
INFO [12-20|00:27:41] rm lockset is not valid yet 
INFO [12-20|00:27:41] after cm.process() 
INFO [12-20|00:27:41] case: default, cm.process 
ready: 6 need: 5.3333335
INFO [12-20|00:27:41] ---------------process------------------ 
INFO [12-20|00:27:41] In RM Process                            height=1 round=1
INFO [12-20|00:27:41] --------In rm.propose------- 
len(cc.validators)= 8
chosen= 0
INFO [12-20|00:27:41] ---------------in rm.vote----------------- 
INFO [12-20|00:27:41] in vote in RM                            height=1 round=1
INFO [12-20|00:27:41] Timeout time not reach, curr vs timeout: curr=1545236861.000 timeout=1545236868.500
INFO [12-20|00:27:41] in rm.process, check lockset HasQuorum 
INFO [12-20|00:27:41] in HasQuorum 
INFO [12-20|00:27:41] In IsValid() 
len(lockset.Votes): 2 lockset.EligibleVotesNum: 8
INFO [12-20|00:27:41] rm lockset is not valid yet 
INFO [12-20|00:27:41] after cm.process() 
INFO [12-20|00:27:41] case: default, cm.process 
ready: 6 need: 5.3333335
INFO [12-20|00:27:41] ---------------process------------------ 
INFO [12-20|00:27:41] In RM Process                            height=1 round=1
INFO [12-20|00:27:41] --------In rm.propose------- 
len(cc.validators)= 8
chosen= 0
INFO [12-20|00:27:41] ---------------in rm.vote----------------- 
INFO [12-20|00:27:41] in vote in RM                            height=1 round=1
INFO [12-20|00:27:41] Timeout time not reach, curr vs timeout: curr=1545236861.000 timeout=1545236868.500
INFO [12-20|00:27:41] in rm.process, check lockset HasQuorum 
INFO [12-20|00:27:41] in HasQuorum 
INFO [12-20|00:27:41] In IsValid() 
len(lockset.Votes): 2 lockset.EligibleVotesNum: 8
INFO [12-20|00:27:41] rm lockset is not valid yet 
INFO [12-20|00:27:41] after cm.process() 
INFO [12-20|00:27:41] case: default, cm.process 
ready: 6 need: 5.3333335
INFO [12-20|00:27:41] ---------------process------------------ 
INFO [12-20|00:27:41] In RM Process                            height=1 round=1
INFO [12-20|00:27:41] --------In rm.propose------- 
len(cc.validators)= 8
chosen= 0
INFO [12-20|00:27:41] ---------------in rm.vote----------------- 
INFO [12-20|00:27:41] in vote in RM                            height=1 round=1
INFO [12-20|00:27:41] Timeout time not reach, curr vs timeout: curr=1545236861.000 timeout=1545236868.500
INFO [12-20|00:27:41] in rm.process, check lockset HasQuorum 
INFO [12-20|00:27:41] in HasQuorum 
INFO [12-20|00:27:41] In IsValid() 
len(lockset.Votes): 2 lockset.EligibleVotesNum: 8
INFO [12-20|00:27:41] rm lockset is not valid yet 
INFO [12-20|00:27:41] after cm.process() 
INFO [12-20|00:27:41] case: default, cm.process 
ready: 6 need: 5.3333335
INFO [12-20|00:27:41] ---------------process------------------ 
INFO [12-20|00:27:41] In RM Process                            height=1 round=1
INFO [12-20|00:27:41] --------In rm.propose------- 
len(cc.validators)= 8
chosen= 0
INFO [12-20|00:27:41] ---------------in rm.vote----------------- 
INFO [12-20|00:27:41] in vote in RM                            height=1 round=1
INFO [12-20|00:27:41] Timeout time not reach, curr vs timeout: curr=1545236861.000 timeout=1545236868.500
INFO [12-20|00:27:41] in rm.process, check lockset HasQuorum 
INFO [12-20|00:27:41] in HasQuorum 
INFO [12-20|00:27:41] In IsValid() 
len(lockset.Votes): 2 lockset.EligibleVotesNum: 8
INFO [12-20|00:27:41] rm lockset is not valid yet 
INFO [12-20|00:27:41] after cm.process() 
INFO [12-20|00:27:41] case: default, cm.process 
ready: 6 need: 5.3333335
INFO [12-20|00:27:41] ---------------process------------------ 
INFO [12-20|00:27:41] In RM Process                            height=1 round=1
INFO [12-20|00:27:41] --------In rm.propose------- 
len(cc.validators)= 8
chosen= 0
INFO [12-20|00:27:41] ---------------in rm.vote----------------- 
INFO [12-20|00:27:41] in vote in RM                            height=1 round=1
INFO [12-20|00:27:41] Timeout time not reach, curr vs timeout: curr=1545236861.000 timeout=1545236868.500
INFO [12-20|00:27:41] in rm.process, check lockset HasQuorum 
INFO [12-20|00:27:41] in HasQuorum 
INFO [12-20|00:27:41] In IsValid() 
len(lockset.Votes): 2 lockset.EligibleVotesNum: 8
INFO [12-20|00:27:41] rm lockset is not valid yet 
INFO [12-20|00:27:41] after cm.process() 
INFO [12-20|00:27:41] case: default, cm.process 
ready: 6 need: 5.3333335
INFO [12-20|00:27:41] ---------------process------------------ 
INFO [12-20|00:27:41] In RM Process                            height=1 round=1
INFO [12-20|00:27:41] --------In rm.propose------- 
len(cc.validators)= 8
chosen= 0
INFO [12-20|00:27:41] ---------------in rm.vote----------------- 
INFO [12-20|00:27:41] in vote in RM                            height=1 round=1
INFO [12-20|00:27:41] Timeout time not reach, curr vs timeout: curr=1545236861.000 timeout=1545236868.500
INFO [12-20|00:27:41] in rm.process, check lockset HasQuorum 
INFO [12-20|00:27:41] in HasQuorum 
INFO [12-20|00:27:41] In IsValid() 
len(lockset.Votes): 2 lockset.EligibleVotesNum: 8
INFO [12-20|00:27:41] rm lockset is not valid yet 
INFO [12-20|00:27:41] after cm.process() 
INFO [12-20|00:27:42] case: default, cm.process 
ready: 6 need: 5.3333335
INFO [12-20|00:27:42] ---------------process------------------ 
INFO [12-20|00:27:42] In RM Process                            height=1 round=1
INFO [12-20|00:27:42] --------In rm.propose------- 
len(cc.validators)= 8
chosen= 0
INFO [12-20|00:27:42] ---------------in rm.vote----------------- 
INFO [12-20|00:27:42] in vote in RM                            height=1 round=1
INFO [12-20|00:27:42] Timeout time not reach, curr vs timeout: curr=1545236862.000 timeout=1545236868.500
INFO [12-20|00:27:42] in rm.process, check lockset HasQuorum 
INFO [12-20|00:27:42] in HasQuorum 
INFO [12-20|00:27:42] In IsValid() 
len(lockset.Votes): 2 lockset.EligibleVotesNum: 8
INFO [12-20|00:27:42] rm lockset is not valid yet 
INFO [12-20|00:27:42] after cm.process() 
INFO [12-20|00:27:42] case: default, cm.process 
ready: 6 need: 5.3333335
INFO [12-20|00:27:42] ---------------process------------------ 
INFO [12-20|00:27:42] In RM Process                            height=1 round=1
INFO [12-20|00:27:42] --------In rm.propose------- 
len(cc.validators)= 8
chosen= 0
INFO [12-20|00:27:42] ---------------in rm.vote----------------- 
INFO [12-20|00:27:42] in vote in RM                            height=1 round=1
INFO [12-20|00:27:42] Timeout time not reach, curr vs timeout: curr=1545236862.000 timeout=1545236868.500
INFO [12-20|00:27:42] in rm.process, check lockset HasQuorum 
INFO [12-20|00:27:42] in HasQuorum 
INFO [12-20|00:27:42] In IsValid() 
len(lockset.Votes): 2 lockset.EligibleVotesNum: 8
INFO [12-20|00:27:42] rm lockset is not valid yet 
INFO [12-20|00:27:42] after cm.process() 
INFO [12-20|00:27:42] case: default, cm.process 
ready: 6 need: 5.3333335
INFO [12-20|00:27:42] ---------------process------------------ 
INFO [12-20|00:27:42] In RM Process                            height=1 round=1
INFO [12-20|00:27:42] --------In rm.propose------- 
len(cc.validators)= 8
chosen= 0
INFO [12-20|00:27:42] ---------------in rm.vote----------------- 
INFO [12-20|00:27:42] in vote in RM                            height=1 round=1
INFO [12-20|00:27:42] Timeout time not reach, curr vs timeout: curr=1545236862.000 timeout=1545236868.500
INFO [12-20|00:27:42] in rm.process, check lockset HasQuorum 
INFO [12-20|00:27:42] in HasQuorum 
INFO [12-20|00:27:42] In IsValid() 
len(lockset.Votes): 2 lockset.EligibleVotesNum: 8
INFO [12-20|00:27:42] rm lockset is not valid yet 
INFO [12-20|00:27:42] after cm.process() 
INFO [12-20|00:27:42] case: default, cm.process 
ready: 6 need: 5.3333335
INFO [12-20|00:27:42] ---------------process------------------ 
INFO [12-20|00:27:42] In RM Process                            height=1 round=1
INFO [12-20|00:27:42] --------In rm.propose------- 
len(cc.validators)= 8
chosen= 0
INFO [12-20|00:27:42] ---------------in rm.vote----------------- 
INFO [12-20|00:27:42] in vote in RM                            height=1 round=1
INFO [12-20|00:27:42] Timeout time not reach, curr vs timeout: curr=1545236862.000 timeout=1545236868.500
INFO [12-20|00:27:42] in rm.process, check lockset HasQuorum 
INFO [12-20|00:27:42] in HasQuorum 
INFO [12-20|00:27:42] In IsValid() 
len(lockset.Votes): 2 lockset.EligibleVotesNum: 8
INFO [12-20|00:27:42] rm lockset is not valid yet 
INFO [12-20|00:27:42] after cm.process() 
INFO [12-20|00:27:42] case: default, cm.process 
ready: 6 need: 5.3333335
INFO [12-20|00:27:42] ---------------process------------------ 
INFO [12-20|00:27:42] In RM Process                            height=1 round=1
INFO [12-20|00:27:42] --------In rm.propose------- 
len(cc.validators)= 8
chosen= 0
INFO [12-20|00:27:42] ---------------in rm.vote----------------- 
INFO [12-20|00:27:42] in vote in RM                            height=1 round=1
INFO [12-20|00:27:42] Timeout time not reach, curr vs timeout: curr=1545236862.000 timeout=1545236868.500
INFO [12-20|00:27:42] in rm.process, check lockset HasQuorum 
INFO [12-20|00:27:42] in HasQuorum 
INFO [12-20|00:27:42] In IsValid() 
len(lockset.Votes): 2 lockset.EligibleVotesNum: 8
INFO [12-20|00:27:42] rm lockset is not valid yet 
INFO [12-20|00:27:42] after cm.process() 
INFO [12-20|00:27:42] case: default, cm.process 
ready: 6 need: 5.3333335
INFO [12-20|00:27:42] ---------------process------------------ 
INFO [12-20|00:27:42] In RM Process                            height=1 round=1
INFO [12-20|00:27:42] --------In rm.propose------- 
len(cc.validators)= 8
chosen= 0
INFO [12-20|00:27:42] ---------------in rm.vote----------------- 
INFO [12-20|00:27:42] in vote in RM                            height=1 round=1
INFO [12-20|00:27:42] Timeout time not reach, curr vs timeout: curr=1545236862.000 timeout=1545236868.500
INFO [12-20|00:27:42] in rm.process, check lockset HasQuorum 
INFO [12-20|00:27:42] in HasQuorum 
INFO [12-20|00:27:42] In IsValid() 
len(lockset.Votes): 2 lockset.EligibleVotesNum: 8
INFO [12-20|00:27:42] rm lockset is not valid yet 
INFO [12-20|00:27:42] after cm.process() 
INFO [12-20|00:27:42] case: default, cm.process 
ready: 6 need: 5.3333335
INFO [12-20|00:27:42] ---------------process------------------ 
INFO [12-20|00:27:42] In RM Process                            height=1 round=1
INFO [12-20|00:27:42] --------In rm.propose------- 
len(cc.validators)= 8
chosen= 0
INFO [12-20|00:27:42] ---------------in rm.vote----------------- 
INFO [12-20|00:27:42] in vote in RM                            height=1 round=1
INFO [12-20|00:27:42] Timeout time not reach, curr vs timeout: curr=1545236862.000 timeout=1545236868.500
INFO [12-20|00:27:42] in rm.process, check lockset HasQuorum 
INFO [12-20|00:27:42] in HasQuorum 
INFO [12-20|00:27:42] In IsValid() 
len(lockset.Votes): 2 lockset.EligibleVotesNum: 8
INFO [12-20|00:27:42] rm lockset is not valid yet 
INFO [12-20|00:27:42] after cm.process() 
INFO [12-20|00:27:42] case: default, cm.process 
ready: 6 need: 5.3333335
INFO [12-20|00:27:42] ---------------process------------------ 
INFO [12-20|00:27:42] In RM Process                            height=1 round=1
INFO [12-20|00:27:42] --------In rm.propose------- 
len(cc.validators)= 8
chosen= 0
INFO [12-20|00:27:42] ---------------in rm.vote----------------- 
INFO [12-20|00:27:42] in vote in RM                            height=1 round=1
INFO [12-20|00:27:42] Timeout time not reach, curr vs timeout: curr=1545236862.000 timeout=1545236868.500
INFO [12-20|00:27:42] in rm.process, check lockset HasQuorum 
INFO [12-20|00:27:42] in HasQuorum 
INFO [12-20|00:27:42] In IsValid() 
len(lockset.Votes): 2 lockset.EligibleVotesNum: 8
INFO [12-20|00:27:42] rm lockset is not valid yet 
INFO [12-20|00:27:42] after cm.process() 
INFO [12-20|00:27:42] case: default, cm.process 
ready: 6 need: 5.3333335
INFO [12-20|00:27:42] ---------------process------------------ 
INFO [12-20|00:27:42] In RM Process                            height=1 round=1
INFO [12-20|00:27:42] --------In rm.propose------- 
len(cc.validators)= 8
chosen= 0
INFO [12-20|00:27:42] ---------------in rm.vote----------------- 
INFO [12-20|00:27:42] in vote in RM                            height=1 round=1
INFO [12-20|00:27:42] Timeout time not reach, curr vs timeout: curr=1545236862.000 timeout=1545236868.500
INFO [12-20|00:27:42] in rm.process, check lockset HasQuorum 
INFO [12-20|00:27:42] in HasQuorum 
INFO [12-20|00:27:42] In IsValid() 
len(lockset.Votes): 2 lockset.EligibleVotesNum: 8
INFO [12-20|00:27:42] rm lockset is not valid yet 
INFO [12-20|00:27:42] after cm.process() 
INFO [12-20|00:27:42] case: default, cm.process 
ready: 6 need: 5.3333335
INFO [12-20|00:27:42] ---------------process------------------ 
INFO [12-20|00:27:42] In RM Process                            height=1 round=1
INFO [12-20|00:27:42] --------In rm.propose------- 
len(cc.validators)= 8
chosen= 0
INFO [12-20|00:27:42] ---------------in rm.vote----------------- 
INFO [12-20|00:27:42] in vote in RM                            height=1 round=1
INFO [12-20|00:27:42] Timeout time not reach, curr vs timeout: curr=1545236862.000 timeout=1545236868.500
INFO [12-20|00:27:42] in rm.process, check lockset HasQuorum 
INFO [12-20|00:27:42] in HasQuorum 
INFO [12-20|00:27:42] In IsValid() 
len(lockset.Votes): 2 lockset.EligibleVotesNum: 8
INFO [12-20|00:27:42] rm lockset is not valid yet 
INFO [12-20|00:27:42] after cm.process() 
INFO [12-20|00:27:43] case: default, cm.process 
ready: 6 need: 5.3333335
INFO [12-20|00:27:43] ---------------process------------------ 
INFO [12-20|00:27:43] In RM Process                            height=1 round=1
INFO [12-20|00:27:43] --------In rm.propose------- 
len(cc.validators)= 8
chosen= 0
INFO [12-20|00:27:43] ---------------in rm.vote----------------- 
INFO [12-20|00:27:43] in vote in RM                            height=1 round=1
INFO [12-20|00:27:43] Timeout time not reach, curr vs timeout: curr=1545236863.000 timeout=1545236868.500
INFO [12-20|00:27:43] in rm.process, check lockset HasQuorum 
INFO [12-20|00:27:43] in HasQuorum 
INFO [12-20|00:27:43] In IsValid() 
len(lockset.Votes): 2 lockset.EligibleVotesNum: 8
INFO [12-20|00:27:43] rm lockset is not valid yet 
INFO [12-20|00:27:43] after cm.process() 
INFO [12-20|00:27:43] case: default, cm.process 
ready: 6 need: 5.3333335
INFO [12-20|00:27:43] ---------------process------------------ 
INFO [12-20|00:27:43] In RM Process                            height=1 round=1
INFO [12-20|00:27:43] --------In rm.propose------- 
len(cc.validators)= 8
chosen= 0
INFO [12-20|00:27:43] ---------------in rm.vote----------------- 
INFO [12-20|00:27:43] in vote in RM                            height=1 round=1
INFO [12-20|00:27:43] Timeout time not reach, curr vs timeout: curr=1545236863.000 timeout=1545236868.500
INFO [12-20|00:27:43] in rm.process, check lockset HasQuorum 
INFO [12-20|00:27:43] in HasQuorum 
INFO [12-20|00:27:43] In IsValid() 
len(lockset.Votes): 2 lockset.EligibleVotesNum: 8
INFO [12-20|00:27:43] rm lockset is not valid yet 
INFO [12-20|00:27:43] after cm.process() 
INFO [12-20|00:27:43] case: default, cm.process 
ready: 6 need: 5.3333335
INFO [12-20|00:27:43] ---------------process------------------ 
INFO [12-20|00:27:43] In RM Process                            height=1 round=1
INFO [12-20|00:27:43] --------In rm.propose------- 
len(cc.validators)= 8
chosen= 0
INFO [12-20|00:27:43] ---------------in rm.vote----------------- 
INFO [12-20|00:27:43] in vote in RM                            height=1 round=1
INFO [12-20|00:27:43] Timeout time not reach, curr vs timeout: curr=1545236863.000 timeout=1545236868.500
INFO [12-20|00:27:43] in rm.process, check lockset HasQuorum 
INFO [12-20|00:27:43] in HasQuorum 
INFO [12-20|00:27:43] In IsValid() 
len(lockset.Votes): 2 lockset.EligibleVotesNum: 8
INFO [12-20|00:27:43] rm lockset is not valid yet 
INFO [12-20|00:27:43] after cm.process() 
INFO [12-20|00:27:43] case: default, cm.process 
ready: 6 need: 5.3333335
INFO [12-20|00:27:43] ---------------process------------------ 
INFO [12-20|00:27:43] In RM Process                            height=1 round=1
INFO [12-20|00:27:43] --------In rm.propose------- 
len(cc.validators)= 8
chosen= 0
INFO [12-20|00:27:43] ---------------in rm.vote----------------- 
INFO [12-20|00:27:43] in vote in RM                            height=1 round=1
INFO [12-20|00:27:43] Timeout time not reach, curr vs timeout: curr=1545236863.000 timeout=1545236868.500
INFO [12-20|00:27:43] in rm.process, check lockset HasQuorum 
INFO [12-20|00:27:43] in HasQuorum 
INFO [12-20|00:27:43] In IsValid() 
len(lockset.Votes): 2 lockset.EligibleVotesNum: 8
INFO [12-20|00:27:43] rm lockset is not valid yet 
INFO [12-20|00:27:43] after cm.process() 
INFO [12-20|00:27:43] case: default, cm.process 
ready: 6 need: 5.3333335
INFO [12-20|00:27:43] ---------------process------------------ 
INFO [12-20|00:27:43] In RM Process                            height=1 round=1
INFO [12-20|00:27:43] --------In rm.propose------- 
len(cc.validators)= 8
chosen= 0
INFO [12-20|00:27:43] ---------------in rm.vote----------------- 
INFO [12-20|00:27:43] in vote in RM                            height=1 round=1
INFO [12-20|00:27:43] Timeout time not reach, curr vs timeout: curr=1545236863.000 timeout=1545236868.500
INFO [12-20|00:27:43] in rm.process, check lockset HasQuorum 
INFO [12-20|00:27:43] in HasQuorum 
INFO [12-20|00:27:43] In IsValid() 
len(lockset.Votes): 2 lockset.EligibleVotesNum: 8
INFO [12-20|00:27:43] rm lockset is not valid yet 
INFO [12-20|00:27:43] after cm.process() 
INFO [12-20|00:27:43] case: default, cm.process 
ready: 6 need: 5.3333335
INFO [12-20|00:27:43] ---------------process------------------ 
INFO [12-20|00:27:43] In RM Process                            height=1 round=1
INFO [12-20|00:27:43] --------In rm.propose------- 
len(cc.validators)= 8
chosen= 0
INFO [12-20|00:27:43] ---------------in rm.vote----------------- 
INFO [12-20|00:27:43] in vote in RM                            height=1 round=1
INFO [12-20|00:27:43] Timeout time not reach, curr vs timeout: curr=1545236863.000 timeout=1545236868.500
INFO [12-20|00:27:43] in rm.process, check lockset HasQuorum 
INFO [12-20|00:27:43] in HasQuorum 
INFO [12-20|00:27:43] In IsValid() 
len(lockset.Votes): 2 lockset.EligibleVotesNum: 8
INFO [12-20|00:27:43] rm lockset is not valid yet 
INFO [12-20|00:27:43] after cm.process() 
INFO [12-20|00:27:43] case: default, cm.process 
ready: 6 need: 5.3333335
INFO [12-20|00:27:43] ---------------process------------------ 
INFO [12-20|00:27:43] In RM Process                            height=1 round=1
INFO [12-20|00:27:43] --------In rm.propose------- 
len(cc.validators)= 8
chosen= 0
INFO [12-20|00:27:43] ---------------in rm.vote----------------- 
INFO [12-20|00:27:43] in vote in RM                            height=1 round=1
INFO [12-20|00:27:43] Timeout time not reach, curr vs timeout: curr=1545236863.000 timeout=1545236868.500
INFO [12-20|00:27:43] in rm.process, check lockset HasQuorum 
INFO [12-20|00:27:43] in HasQuorum 
INFO [12-20|00:27:43] In IsValid() 
len(lockset.Votes): 2 lockset.EligibleVotesNum: 8
INFO [12-20|00:27:43] rm lockset is not valid yet 
INFO [12-20|00:27:43] after cm.process() 
INFO [12-20|00:27:43] case: default, cm.process 
ready: 6 need: 5.3333335
INFO [12-20|00:27:43] ---------------process------------------ 
INFO [12-20|00:27:43] In RM Process                            height=1 round=1
INFO [12-20|00:27:43] --------In rm.propose------- 
len(cc.validators)= 8
chosen= 0
INFO [12-20|00:27:43] ---------------in rm.vote----------------- 
INFO [12-20|00:27:43] in vote in RM                            height=1 round=1
INFO [12-20|00:27:43] Timeout time not reach, curr vs timeout: curr=1545236863.000 timeout=1545236868.500
INFO [12-20|00:27:43] in rm.process, check lockset HasQuorum 
INFO [12-20|00:27:43] in HasQuorum 
INFO [12-20|00:27:43] In IsValid() 
len(lockset.Votes): 2 lockset.EligibleVotesNum: 8
INFO [12-20|00:27:43] rm lockset is not valid yet 
INFO [12-20|00:27:43] after cm.process() 
INFO [12-20|00:27:43] case: default, cm.process 
ready: 6 need: 5.3333335
INFO [12-20|00:27:43] ---------------process------------------ 
INFO [12-20|00:27:43] In RM Process                            height=1 round=1
INFO [12-20|00:27:43] --------In rm.propose------- 
len(cc.validators)= 8
chosen= 0
INFO [12-20|00:27:43] ---------------in rm.vote----------------- 
INFO [12-20|00:27:43] in vote in RM                            height=1 round=1
INFO [12-20|00:27:43] Timeout time not reach, curr vs timeout: curr=1545236863.000 timeout=1545236868.500
INFO [12-20|00:27:43] in rm.process, check lockset HasQuorum 
INFO [12-20|00:27:43] in HasQuorum 
INFO [12-20|00:27:43] In IsValid() 
len(lockset.Votes): 2 lockset.EligibleVotesNum: 8
INFO [12-20|00:27:43] rm lockset is not valid yet 
INFO [12-20|00:27:43] after cm.process() 
INFO [12-20|00:27:43] case: default, cm.process 
ready: 6 need: 5.3333335
INFO [12-20|00:27:43] ---------------process------------------ 
INFO [12-20|00:27:43] In RM Process                            height=1 round=1
INFO [12-20|00:27:43] --------In rm.propose------- 
len(cc.validators)= 8
chosen= 0
INFO [12-20|00:27:43] ---------------in rm.vote----------------- 
INFO [12-20|00:27:43] in vote in RM                            height=1 round=1
INFO [12-20|00:27:43] Timeout time not reach, curr vs timeout: curr=1545236863.000 timeout=1545236868.500
INFO [12-20|00:27:43] in rm.process, check lockset HasQuorum 
INFO [12-20|00:27:43] in HasQuorum 
INFO [12-20|00:27:43] In IsValid() 
len(lockset.Votes): 2 lockset.EligibleVotesNum: 8
INFO [12-20|00:27:43] rm lockset is not valid yet 
INFO [12-20|00:27:43] after cm.process() 
INFO [12-20|00:27:44] case: default, cm.process 
ready: 6 need: 5.3333335
INFO [12-20|00:27:44] ---------------process------------------ 
INFO [12-20|00:27:44] In RM Process                            height=1 round=1
INFO [12-20|00:27:44] --------In rm.propose------- 
len(cc.validators)= 8
chosen= 0
INFO [12-20|00:27:44] ---------------in rm.vote----------------- 
INFO [12-20|00:27:44] in vote in RM                            height=1 round=1
INFO [12-20|00:27:44] Timeout time not reach, curr vs timeout: curr=1545236864.000 timeout=1545236868.500
INFO [12-20|00:27:44] in rm.process, check lockset HasQuorum 
INFO [12-20|00:27:44] in HasQuorum 
INFO [12-20|00:27:44] In IsValid() 
len(lockset.Votes): 2 lockset.EligibleVotesNum: 8
INFO [12-20|00:27:44] rm lockset is not valid yet 
INFO [12-20|00:27:44] after cm.process() 
INFO [12-20|00:27:44] Handle BFT Msg,                          msg="msg #17 (107 bytes)"
INFO [12-20|00:27:44] ------Received VoteMsg------ 
voteHR: H: 1 R: 2 voteType:: 1 voteHash: [158 96 132 212 244 74 241 114 44 122 118 94 168 1 23 66 7 173 64 80 47 66 51 254 53 151 216 4 222 28 227 27]
cmHR: H: 1 R: 1
INFO [12-20|00:27:44] --------------------------------------- 
INFO [12-20|00:27:44] addVote to                               height=1 round=2 from=0x82a978b3f5962a5b0957d9ee9eef472ee55b42f1 success=true cm.coinbase=0xdceceaf3fc5c0a63d195d69b1a90011b7b19650d
INFO [12-20|00:27:44] ------in handle VoteMsg, success!------ 
INFO [12-20|00:27:44] case: default, cm.process 
ready: 6 need: 5.3333335
INFO [12-20|00:27:44] ---------------process------------------ 
INFO [12-20|00:27:44] In RM Process                            height=1 round=1
INFO [12-20|00:27:44] --------In rm.propose------- 
len(cc.validators)= 8
chosen= 0
INFO [12-20|00:27:44] ---------------in rm.vote----------------- 
INFO [12-20|00:27:44] in vote in RM                            height=1 round=1
INFO [12-20|00:27:44] Timeout time not reach, curr vs timeout: curr=1545236864.000 timeout=1545236868.500
INFO [12-20|00:27:44] in rm.process, check lockset HasQuorum 
INFO [12-20|00:27:44] in HasQuorum 
INFO [12-20|00:27:44] In IsValid() 
len(lockset.Votes): 2 lockset.EligibleVotesNum: 8
INFO [12-20|00:27:44] rm lockset is not valid yet 
INFO [12-20|00:27:44] after cm.process() 
INFO [12-20|00:27:44] case: default, cm.process 
ready: 6 need: 5.3333335
INFO [12-20|00:27:44] ---------------process------------------ 
INFO [12-20|00:27:44] In RM Process                            height=1 round=1
INFO [12-20|00:27:44] --------In rm.propose------- 
len(cc.validators)= 8
chosen= 0
INFO [12-20|00:27:44] ---------------in rm.vote----------------- 
INFO [12-20|00:27:44] in vote in RM                            height=1 round=1
INFO [12-20|00:27:44] Timeout time not reach, curr vs timeout: curr=1545236864.000 timeout=1545236868.500
INFO [12-20|00:27:44] in rm.process, check lockset HasQuorum 
INFO [12-20|00:27:44] in HasQuorum 
INFO [12-20|00:27:44] In IsValid() 
len(lockset.Votes): 2 lockset.EligibleVotesNum: 8
INFO [12-20|00:27:44] rm lockset is not valid yet 
INFO [12-20|00:27:44] after cm.process() 
INFO [12-20|00:27:44] case: default, cm.process 
ready: 6 need: 5.3333335
INFO [12-20|00:27:44] ---------------process------------------ 
INFO [12-20|00:27:44] In RM Process                            height=1 round=1
INFO [12-20|00:27:44] --------In rm.propose------- 
len(cc.validators)= 8
chosen= 0
INFO [12-20|00:27:44] ---------------in rm.vote----------------- 
INFO [12-20|00:27:44] in vote in RM                            height=1 round=1
INFO [12-20|00:27:44] Timeout time not reach, curr vs timeout: curr=1545236864.000 timeout=1545236868.500
INFO [12-20|00:27:44] in rm.process, check lockset HasQuorum 
INFO [12-20|00:27:44] in HasQuorum 
INFO [12-20|00:27:44] In IsValid() 
len(lockset.Votes): 2 lockset.EligibleVotesNum: 8
INFO [12-20|00:27:44] rm lockset is not valid yet 
INFO [12-20|00:27:44] after cm.process() 
INFO [12-20|00:27:44] case: default, cm.process 
ready: 6 need: 5.3333335
INFO [12-20|00:27:44] ---------------process------------------ 
INFO [12-20|00:27:44] In RM Process                            height=1 round=1
INFO [12-20|00:27:44] --------In rm.propose------- 
len(cc.validators)= 8
chosen= 0
INFO [12-20|00:27:44] ---------------in rm.vote----------------- 
INFO [12-20|00:27:44] in vote in RM                            height=1 round=1
INFO [12-20|00:27:44] Timeout time not reach, curr vs timeout: curr=1545236864.000 timeout=1545236868.500
INFO [12-20|00:27:44] in rm.process, check lockset HasQuorum 
INFO [12-20|00:27:44] in HasQuorum 
INFO [12-20|00:27:44] In IsValid() 
len(lockset.Votes): 2 lockset.EligibleVotesNum: 8
INFO [12-20|00:27:44] rm lockset is not valid yet 
INFO [12-20|00:27:44] after cm.process() 
INFO [12-20|00:27:44] case: default, cm.process 
ready: 6 need: 5.3333335
INFO [12-20|00:27:44] ---------------process------------------ 
INFO [12-20|00:27:44] In RM Process                            height=1 round=1
INFO [12-20|00:27:44] --------In rm.propose------- 
len(cc.validators)= 8
chosen= 0
INFO [12-20|00:27:44] ---------------in rm.vote----------------- 
INFO [12-20|00:27:44] in vote in RM                            height=1 round=1
INFO [12-20|00:27:44] Timeout time not reach, curr vs timeout: curr=1545236864.000 timeout=1545236868.500
INFO [12-20|00:27:44] in rm.process, check lockset HasQuorum 
INFO [12-20|00:27:44] in HasQuorum 
INFO [12-20|00:27:44] In IsValid() 
len(lockset.Votes): 2 lockset.EligibleVotesNum: 8
INFO [12-20|00:27:44] rm lockset is not valid yet 
INFO [12-20|00:27:44] after cm.process() 
INFO [12-20|00:27:44] case: default, cm.process 
ready: 6 need: 5.3333335
INFO [12-20|00:27:44] ---------------process------------------ 
INFO [12-20|00:27:44] In RM Process                            height=1 round=1
INFO [12-20|00:27:44] --------In rm.propose------- 
len(cc.validators)= 8
chosen= 0
INFO [12-20|00:27:44] ---------------in rm.vote----------------- 
INFO [12-20|00:27:44] in vote in RM                            height=1 round=1
INFO [12-20|00:27:44] Timeout time not reach, curr vs timeout: curr=1545236864.000 timeout=1545236868.500
INFO [12-20|00:27:44] in rm.process, check lockset HasQuorum 
INFO [12-20|00:27:44] in HasQuorum 
INFO [12-20|00:27:44] In IsValid() 
len(lockset.Votes): 2 lockset.EligibleVotesNum: 8
INFO [12-20|00:27:44] rm lockset is not valid yet 
INFO [12-20|00:27:44] after cm.process() 
INFO [12-20|00:27:44] case: default, cm.process 
ready: 6 need: 5.3333335
INFO [12-20|00:27:44] ---------------process------------------ 
INFO [12-20|00:27:44] In RM Process                            height=1 round=1
INFO [12-20|00:27:44] --------In rm.propose------- 
len(cc.validators)= 8
chosen= 0
INFO [12-20|00:27:44] ---------------in rm.vote----------------- 
INFO [12-20|00:27:44] in vote in RM                            height=1 round=1
INFO [12-20|00:27:44] Timeout time not reach, curr vs timeout: curr=1545236864.000 timeout=1545236868.500
INFO [12-20|00:27:44] in rm.process, check lockset HasQuorum 
INFO [12-20|00:27:44] in HasQuorum 
INFO [12-20|00:27:44] In IsValid() 
len(lockset.Votes): 2 lockset.EligibleVotesNum: 8
INFO [12-20|00:27:44] rm lockset is not valid yet 
INFO [12-20|00:27:44] after cm.process() 
INFO [12-20|00:27:44] case: default, cm.process 
ready: 6 need: 5.3333335
INFO [12-20|00:27:44] ---------------process------------------ 
INFO [12-20|00:27:44] In RM Process                            height=1 round=1
INFO [12-20|00:27:44] --------In rm.propose------- 
len(cc.validators)= 8
chosen= 0
INFO [12-20|00:27:44] ---------------in rm.vote----------------- 
INFO [12-20|00:27:44] in vote in RM                            height=1 round=1
INFO [12-20|00:27:44] Timeout time not reach, curr vs timeout: curr=1545236864.000 timeout=1545236868.500
INFO [12-20|00:27:44] in rm.process, check lockset HasQuorum 
INFO [12-20|00:27:44] in HasQuorum 
INFO [12-20|00:27:44] In IsValid() 
len(lockset.Votes): 2 lockset.EligibleVotesNum: 8
INFO [12-20|00:27:44] rm lockset is not valid yet 
INFO [12-20|00:27:44] after cm.process() 
INFO [12-20|00:27:44] case: default, cm.process 
ready: 6 need: 5.3333335
INFO [12-20|00:27:44] ---------------process------------------ 
INFO [12-20|00:27:44] In RM Process                            height=1 round=1
INFO [12-20|00:27:44] --------In rm.propose------- 
len(cc.validators)= 8
chosen= 0
INFO [12-20|00:27:44] ---------------in rm.vote----------------- 
INFO [12-20|00:27:44] in vote in RM                            height=1 round=1
INFO [12-20|00:27:44] Timeout time not reach, curr vs timeout: curr=1545236864.000 timeout=1545236868.500
INFO [12-20|00:27:44] in rm.process, check lockset HasQuorum 
INFO [12-20|00:27:44] in HasQuorum 
INFO [12-20|00:27:44] In IsValid() 
len(lockset.Votes): 2 lockset.EligibleVotesNum: 8
INFO [12-20|00:27:44] rm lockset is not valid yet 
INFO [12-20|00:27:44] after cm.process() 
INFO [12-20|00:27:45] case: default, cm.process 
ready: 6 need: 5.3333335
INFO [12-20|00:27:45] ---------------process------------------ 
INFO [12-20|00:27:45] In RM Process                            height=1 round=1
INFO [12-20|00:27:45] --------In rm.propose------- 
len(cc.validators)= 8
chosen= 0
INFO [12-20|00:27:45] ---------------in rm.vote----------------- 
INFO [12-20|00:27:45] in vote in RM                            height=1 round=1
INFO [12-20|00:27:45] vote previous vote 
INFO [12-20|00:27:45] vote success in                          height=1 round=1
INFO [12-20|00:27:45] Send VoteMsg 
INFO [12-20|00:27:45] in rm.process, check lockset HasQuorum 
INFO [12-20|00:27:45] in HasQuorum 
INFO [12-20|00:27:45] In IsValid() 
len(lockset.Votes): 3 lockset.EligibleVotesNum: 8
INFO [12-20|00:27:45] rm lockset is not valid yet 
INFO [12-20|00:27:45] after cm.process() 
INFO [12-20|00:27:45] case: default, cm.process 
ready: 6 need: 5.3333335
INFO [12-20|00:27:45] ---------------process------------------ 
INFO [12-20|00:27:45] In RM Process                            height=1 round=1
INFO [12-20|00:27:45] --------In rm.propose------- 
len(cc.validators)= 8
chosen= 0
INFO [12-20|00:27:45] ---------------in rm.vote----------------- 
INFO [12-20|00:27:45] voted 
INFO [12-20|00:27:45] in rm.process, check lockset HasQuorum 
INFO [12-20|00:27:45] in HasQuorum 
INFO [12-20|00:27:45] In IsValid() 
len(lockset.Votes): 3 lockset.EligibleVotesNum: 8
INFO [12-20|00:27:45] rm lockset is not valid yet 
INFO [12-20|00:27:45] after cm.process() 
INFO [12-20|00:27:45] case: default, cm.process 
ready: 6 need: 5.3333335
INFO [12-20|00:27:45] ---------------process------------------ 
INFO [12-20|00:27:45] In RM Process                            height=1 round=1
INFO [12-20|00:27:45] --------In rm.propose------- 
len(cc.validators)= 8
chosen= 0
INFO [12-20|00:27:45] ---------------in rm.vote----------------- 
INFO [12-20|00:27:45] voted 
INFO [12-20|00:27:45] in rm.process, check lockset HasQuorum 
INFO [12-20|00:27:45] in HasQuorum 
INFO [12-20|00:27:45] In IsValid() 
len(lockset.Votes): 3 lockset.EligibleVotesNum: 8
INFO [12-20|00:27:45] rm lockset is not valid yet 
INFO [12-20|00:27:45] after cm.process() 
INFO [12-20|00:27:45] case: default, cm.process 
ready: 6 need: 5.3333335
INFO [12-20|00:27:45] ---------------process------------------ 
INFO [12-20|00:27:45] In RM Process                            height=1 round=1
INFO [12-20|00:27:45] --------In rm.propose------- 
len(cc.validators)= 8
chosen= 0
INFO [12-20|00:27:45] ---------------in rm.vote----------------- 
INFO [12-20|00:27:45] voted 
INFO [12-20|00:27:45] in rm.process, check lockset HasQuorum 
INFO [12-20|00:27:45] in HasQuorum 
INFO [12-20|00:27:45] In IsValid() 
len(lockset.Votes): 3 lockset.EligibleVotesNum: 8
INFO [12-20|00:27:45] rm lockset is not valid yet 
INFO [12-20|00:27:45] after cm.process() 
INFO [12-20|00:27:45] case: default, cm.process 
ready: 6 need: 5.3333335
INFO [12-20|00:27:45] ---------------process------------------ 
INFO [12-20|00:27:45] In RM Process                            height=1 round=1
INFO [12-20|00:27:45] --------In rm.propose------- 
len(cc.validators)= 8
chosen= 0
INFO [12-20|00:27:45] ---------------in rm.vote----------------- 
INFO [12-20|00:27:45] voted 
INFO [12-20|00:27:45] in rm.process, check lockset HasQuorum 
INFO [12-20|00:27:45] in HasQuorum 
INFO [12-20|00:27:45] In IsValid() 
len(lockset.Votes): 3 lockset.EligibleVotesNum: 8
INFO [12-20|00:27:45] rm lockset is not valid yet 
INFO [12-20|00:27:45] after cm.process() 
INFO [12-20|00:27:45] case: default, cm.process 
ready: 6 need: 5.3333335
INFO [12-20|00:27:45] ---------------process------------------ 
INFO [12-20|00:27:45] In RM Process                            height=1 round=1
INFO [12-20|00:27:45] --------In rm.propose------- 
len(cc.validators)= 8
chosen= 0
INFO [12-20|00:27:45] ---------------in rm.vote----------------- 
INFO [12-20|00:27:45] voted 
INFO [12-20|00:27:45] in rm.process, check lockset HasQuorum 
INFO [12-20|00:27:45] in HasQuorum 
INFO [12-20|00:27:45] In IsValid() 
len(lockset.Votes): 3 lockset.EligibleVotesNum: 8
INFO [12-20|00:27:45] rm lockset is not valid yet 
INFO [12-20|00:27:45] after cm.process() 
INFO [12-20|00:27:45] case: default, cm.process 
ready: 6 need: 5.3333335
INFO [12-20|00:27:45] ---------------process------------------ 
INFO [12-20|00:27:45] In RM Process                            height=1 round=1
INFO [12-20|00:27:45] --------In rm.propose------- 
len(cc.validators)= 8
chosen= 0
INFO [12-20|00:27:45] ---------------in rm.vote----------------- 
INFO [12-20|00:27:45] voted 
INFO [12-20|00:27:45] in rm.process, check lockset HasQuorum 
INFO [12-20|00:27:45] in HasQuorum 
INFO [12-20|00:27:45] In IsValid() 
len(lockset.Votes): 3 lockset.EligibleVotesNum: 8
INFO [12-20|00:27:45] rm lockset is not valid yet 
INFO [12-20|00:27:45] after cm.process() 
