{"remiAddr": ["0xd448fe1c58f1278241f9965349beeab1e9a79b87", "0x6bcc1c36dc387db52decbdcd5ac38136bc55ffd2", "0xdc955f65f7bf97798a484460fce7be0c6283974f", "0x78ef27edc77d8249bffc1b9fcd0be532b7d8fa1c", "0x23f4b1c389500dd9bfd93d80a7aec5f96e1b4410", "0x4b96947bedcc82d2d772d29d8ad31542bef340f4"], "txCounts": 10000, "prvKeys": ["174be283b364123f2295153c7c23088a2fc429b60e04e434a202350343973c26", "767d762cda8eb994dbb63a7341e988a34da08f13e13a9e9368e2e60f0248aed6", "e8e4957728406443eac408c37e4da50e99bb458da2fec92876260d4a7dd819d4", "43303a722b3b4222e1306087127a6eaea937c0e95a2104f25772c057a15ffb0b", "27e2e8fb6795ab3c7d9c2385abb45b5df94027ab2cf8382617edf7af1eea151a", "8e70f37ae6d78159d7fc8d3dce391c77602e6cf3c721db52ad941158e67d28c7"], "ipcPort": ["./data1/node1/geth.ipc", "./data1/node2/geth.ipc", "./data1/node3/geth.ipc", "./data1/node4/geth.ipc", "./data1/node5/geth.ipc", "./data1/node6/geth.ipc"]}
------start sendtx------
Start to send txs from: &{{0xc4200742d0 56801477886352874503752530336110794416424660158658544069484989442825130052387 53590952917169866093381009759389707949196967362544169507928472836722904671520} 10537272392592960965249905798687876964430012883545588515763441362341471927334} to [212 72 254 28 88 241 39 130 65 249 150 83 73 190 234 177 233 167 155 135]
finished list of txs creation, there are: 10000 txs
finished txs sending
Start to send txs from: &{{0xc4200742d0 109254275827925411409114349425672242965539398579256567984060009769305262651546 43928448176611365491504797330832218782458710366295386747160800262221120369241} 53594587631246099723872164002444435414493809072294067903609395378101905043158} to [107 204 28 54 220 56 125 181 45 236 189 205 90 195 129 54 188 85 255 210]
finished list of txs creation, there are: 10000 txs
finished txs sending
Start to send txs from: &{{0xc4200742d0 63163090937236936946699099319024586226189281080716546031296768272511041973217 28803012508442906923051112381787624958462998895193794596503970003309673516767} 105340453574765579774472768927064174463661269002333926152583839664867070450132} to [220 149 95 101 247 191 151 121 138 72 68 96 252 231 190 12 98 131 151 79]
finished list of txs creation, there are: 10000 txs
finished txs sending
Start to send txs from: &{{0xc4200742d0 51811599222462336588331227746965800720983009611370438625110813522605857659190 86389948969226989984543216587773742823540963118530642364960021342311063175327} 30390172893463050387527769283307772992884045676402827693970712568323062627083} to [120 239 39 237 199 125 130 73 191 252 27 159 205 11 229 50 183 216 250 28]
finished list of txs creation, there are: 10000 txs
finished txs sending
Start to send txs from: &{{0xc4200742d0 56604627603860936556289433940652326393253456926376288781511537174834335246868 58527852630014873841810863049835540316180096196693062266442656431032296873520} 18041116514395109123387964576529694015692475924812562930957495299868962985242} to [35 244 177 195 137 80 13 217 191 217 61 128 167 174 197 249 110 27 68 16]
finished list of txs creation, there are: 10000 txs
finished txs sending
Start to send txs from: &{{0xc4200742d0 74212423722346573874587576770620661744546552528615104285264825344669579472641 100564987382522582171306877464384263634245294104640723795379324494100712926903} 64427991807865250505993667596626585666775241430493166609789430538227874080967} to [75 150 148 123 237 204 130 210 215 114 210 157 138 211 21 66 190 243 64 244]
finished list of txs creation, there are: 10000 txs
finished txs sending
Test 0 nounce: 10000
Start to send txs from: &{{0xc4200742d0 56801477886352874503752530336110794416424660158658544069484989442825130052387 53590952917169866093381009759389707949196967362544169507928472836722904671520} 10537272392592960965249905798687876964430012883545588515763441362341471927334} to [212 72 254 28 88 241 39 130 65 249 150 83 73 190 234 177 233 167 155 135]
finished list of txs creation, there are: 10000 txs
finished txs sending
Start to send txs from: &{{0xc4200742d0 109254275827925411409114349425672242965539398579256567984060009769305262651546 43928448176611365491504797330832218782458710366295386747160800262221120369241} 53594587631246099723872164002444435414493809072294067903609395378101905043158} to [107 204 28 54 220 56 125 181 45 236 189 205 90 195 129 54 188 85 255 210]
finished list of txs creation, there are: 10000 txs
finished txs sending
Start to send txs from: &{{0xc4200742d0 63163090937236936946699099319024586226189281080716546031296768272511041973217 28803012508442906923051112381787624958462998895193794596503970003309673516767} 105340453574765579774472768927064174463661269002333926152583839664867070450132} to [220 149 95 101 247 191 151 121 138 72 68 96 252 231 190 12 98 131 151 79]
finished list of txs creation, there are: 10000 txs
finished txs sending
Start to send txs from: &{{0xc4200742d0 51811599222462336588331227746965800720983009611370438625110813522605857659190 86389948969226989984543216587773742823540963118530642364960021342311063175327} 30390172893463050387527769283307772992884045676402827693970712568323062627083} to [120 239 39 237 199 125 130 73 191 252 27 159 205 11 229 50 183 216 250 28]
finished list of txs creation, there are: 10000 txs
finished txs sending
Start to send txs from: &{{0xc4200742d0 56604627603860936556289433940652326393253456926376288781511537174834335246868 58527852630014873841810863049835540316180096196693062266442656431032296873520} 18041116514395109123387964576529694015692475924812562930957495299868962985242} to [35 244 177 195 137 80 13 217 191 217 61 128 167 174 197 249 110 27 68 16]
finished list of txs creation, there are: 10000 txs
finished txs sending
Start to send txs from: &{{0xc4200742d0 74212423722346573874587576770620661744546552528615104285264825344669579472641 100564987382522582171306877464384263634245294104640723795379324494100712926903} 64427991807865250505993667596626585666775241430493166609789430538227874080967} to [75 150 148 123 237 204 130 210 215 114 210 157 138 211 21 66 190 243 64 244]
finished list of txs creation, there are: 10000 txs
finished txs sending
Test 1 nounce: 20000
Start to send txs from: &{{0xc4200742d0 56801477886352874503752530336110794416424660158658544069484989442825130052387 53590952917169866093381009759389707949196967362544169507928472836722904671520} 10537272392592960965249905798687876964430012883545588515763441362341471927334} to [212 72 254 28 88 241 39 130 65 249 150 83 73 190 234 177 233 167 155 135]
finished list of txs creation, there are: 10000 txs
