INFO [12-20|00:31:51] Starting peer-to-peer node               instance=Geth/v1.6.7-unstable-8a69efc3/darwin-amd64/go1.9.7
INFO [12-20|00:31:51] Allocated cache and file handles         database=/Users/sujianwei20/FastBFT_ethereum/msigcode/examples/data/node2/geth/chaindata cache=128 handles=1024
WARN [12-20|00:31:51] Upgrading chain database to use sequential keys 
INFO [12-20|00:31:51] Database conversion successful 
INFO [12-20|00:31:51] Initialised chain configuration          config="{ChainID: 2235 Homestead: 1 DAO: <nil> DAOSupport: false EIP150: 2 EIP155: 3 EIP158: 3 Metropolis: <nil> Engine: ethash}"
INFO [12-20|00:31:51] config bft is                            bft=true
WARN [12-20|00:31:51] Upgrading db log bloom bins 
INFO [12-20|00:31:51] Bloom-bin upgrade completed              elapsed=94.699µs
INFO [12-20|00:31:51] Initialising Ethereum protocol           versions="[63 62]" network=2234
INFO [12-20|00:31:51] Loaded most recent local header          number=0 hash=ff5d29…69547f td=1048576
INFO [12-20|00:31:51] Loaded most recent local full block      number=0 hash=ff5d29…69547f td=1048576
INFO [12-20|00:31:51] Loaded most recent local fast block      number=0 hash=ff5d29…69547f td=1048576
INFO [12-20|00:31:51] in NewTxPool, call resetState 
INFO [12-20|00:31:51] in NewTxPool, call pool.eventLoog() 
INFO [12-20|00:31:51] Allocated cache and file handles         database=/Users/sujianwei20/FastBFT_ethereum/msigcode/examples/data/node2/geth/bftData   cache=128 handles=1024
INFO [12-20|00:31:51] addVote to                               height=0 round=0 from=0x7d577a597b2742b498cb5cf0c26cdcd726d39e6e success=true cm.coinbase=0x7d577a597b2742b498cb5cf0c26cdcd726d39e6e
ready: 1 need: 5.3333335
INFO [12-20|00:31:51] consensusManager not ready  
ready: 1 need: 5.3333335
INFO [12-20|00:31:51] Starting P2P networking 
INFO [12-20|00:31:51] ---In BFTvalidatorCommitBlock--- 
INFO [12-20|00:31:51] RLPx listener up                         self="enode://6d11b37ef4fc909ae1ec6c63584f99843f04ea9466730f8e58950c8c7262e6933ca3dd37304995604f567517e8c6e6074de37eab843f91475f713bd062067e61@[::]:30304?discport=0"
INFO [12-20|00:31:51] HTTP endpoint opened: http://127.0.0.1:8546 
INFO [12-20|00:31:51] IPC endpoint opened: /Users/sujianwei20/FastBFT_ethereum/msigcode/examples/data/node2/geth.ipc 
INFO [12-20|00:31:51] send Ready msg 
INFO [12-20|00:31:51] send Ready msg 
INFO [12-20|00:31:51] Handle BFT Msg,                          msg="msg #8 (78 bytes)"
INFO [12-20|00:31:51] ------Received ReadMsg------ 
AddReady from: [125 87 122 89 123 39 66 180 152 203 92 240 194 108 220 215 38 211 158 110]
INFO [12-20|00:31:51] Handle BFT Msg,                          msg="msg #8 (78 bytes)"
INFO [12-20|00:31:51] ------Received ReadMsg------ 
INFO [12-20|00:31:51] send Ready msg 
INFO [12-20|00:31:51] Handle BFT Msg,                          msg="msg #8 (78 bytes)"
INFO [12-20|00:31:51] ------Received ReadMsg------ 
AddReady from: [125 87 122 89 123 39 66 180 152 203 92 240 194 108 220 215 38 211 158 110]
AddReady from: [125 87 122 89 123 39 66 180 152 203 92 240 194 108 220 215 38 211 158 110]
INFO [12-20|00:31:51] send Ready msg 
INFO [12-20|00:31:52] Handle BFT Msg,                          msg="msg #8 (78 bytes)"
INFO [12-20|00:31:52] ------Received ReadMsg------ 
AddReady from: [130 169 120 179 245 150 42 91 9 87 217 238 158 239 71 46 229 91 66 241]
INFO [12-20|00:31:52] send Ready msg 
INFO [12-20|00:31:52] send Ready msg 
INFO [12-20|00:31:52] send Ready msg 
INFO [12-20|00:31:52] send Ready msg 
INFO [12-20|00:31:52] send Ready msg 
INFO [12-20|00:31:52] Handle BFT Msg,                          msg="msg #8 (78 bytes)"
INFO [12-20|00:31:52] ------Received ReadMsg------ 
AddReady from: [130 169 120 179 245 150 42 91 9 87 217 238 158 239 71 46 229 91 66 241]
INFO [12-20|00:31:52] Handle BFT Msg,                          msg="msg #8 (78 bytes)"
INFO [12-20|00:31:52] ------Received ReadMsg------ 
AddReady from: [130 169 120 179 245 150 42 91 9 87 217 238 158 239 71 46 229 91 66 241]
INFO [12-20|00:31:52] Handle BFT Msg,                          msg="msg #8 (78 bytes)"
INFO [12-20|00:31:52] ------Received ReadMsg------ 
AddReady from: [220 236 234 243 252 92 10 99 209 149 214 155 26 144 1 27 123 25 101 13]
INFO [12-20|00:31:52] send Ready msg 
INFO [12-20|00:31:52] send Ready msg 
INFO [12-20|00:31:52] send Ready msg 
INFO [12-20|00:31:52] send Ready msg 
INFO [12-20|00:31:52] send Ready msg 
INFO [12-20|00:31:52] Handle BFT Msg,                          msg="msg #8 (78 bytes)"
INFO [12-20|00:31:52] ------Received ReadMsg------ 
AddReady from: [220 236 234 243 252 92 10 99 209 149 214 155 26 144 1 27 123 25 101 13]
INFO [12-20|00:31:52] Handle BFT Msg,                          msg="msg #8 (78 bytes)"
INFO [12-20|00:31:52] ------Received ReadMsg------ 
AddReady from: [130 169 120 179 245 150 42 91 9 87 217 238 158 239 71 46 229 91 66 241]
INFO [12-20|00:31:52] Handle BFT Msg,                          msg="msg #8 (78 bytes)"
INFO [12-20|00:31:52] ------Received ReadMsg------ 
AddReady from: [220 236 234 243 252 92 10 99 209 149 214 155 26 144 1 27 123 25 101 13]
INFO [12-20|00:31:52] Handle BFT Msg,                          msg="msg #8 (78 bytes)"
INFO [12-20|00:31:52] ------Received ReadMsg------ 
AddReady from: [220 236 234 243 252 92 10 99 209 149 214 155 26 144 1 27 123 25 101 13]
INFO [12-20|00:31:52] Handle BFT Msg,                          msg="msg #8 (78 bytes)"
INFO [12-20|00:31:52] ------Received ReadMsg------ 
AddReady from: [220 236 234 243 252 92 10 99 209 149 214 155 26 144 1 27 123 25 101 13]
INFO [12-20|00:31:52] Handle BFT Msg,                          msg="msg #8 (78 bytes)"
INFO [12-20|00:31:52] ------Received ReadMsg------ 
AddReady from: [130 169 120 179 245 150 42 91 9 87 217 238 158 239 71 46 229 91 66 241]
INFO [12-20|00:31:52] Handle BFT Msg,                          msg="msg #8 (78 bytes)"
INFO [12-20|00:31:52] ------Received ReadMsg------ 
AddReady from: [220 236 234 243 252 92 10 99 209 149 214 155 26 144 1 27 123 25 101 13]
INFO [12-20|00:31:52] Handle BFT Msg,                          msg="msg #8 (78 bytes)"
INFO [12-20|00:31:52] ------Received ReadMsg------ 
AddReady from: [220 236 234 243 252 92 10 99 209 149 214 155 26 144 1 27 123 25 101 13]
INFO [12-20|00:31:52] Handle BFT Msg,                          msg="msg #8 (78 bytes)"
INFO [12-20|00:31:52] ------Received ReadMsg------ 
AddReady from: [19 203 184 217 156 108 78 15 39 40 199 215 38 6 231 138 41 196 226 36]
INFO [12-20|00:31:52] send Ready msg 
INFO [12-20|00:31:52] send Ready msg 
INFO [12-20|00:31:52] send Ready msg 
INFO [12-20|00:31:52] send Ready msg 
INFO [12-20|00:31:52] send Ready msg 
INFO [12-20|00:31:52] Handle BFT Msg,                          msg="msg #8 (78 bytes)"
INFO [12-20|00:31:52] ------Received ReadMsg------ 
AddReady from: [19 203 184 217 156 108 78 15 39 40 199 215 38 6 231 138 41 196 226 36]
INFO [12-20|00:31:52] Handle BFT Msg,                          msg="msg #8 (78 bytes)"
INFO [12-20|00:31:52] ------Received ReadMsg------ 
AddReady from: [19 203 184 217 156 108 78 15 39 40 199 215 38 6 231 138 41 196 226 36]
INFO [12-20|00:31:52] Handle BFT Msg,                          msg="msg #8 (78 bytes)"
INFO [12-20|00:31:52] ------Received ReadMsg------ 
AddReady from: [19 203 184 217 156 108 78 15 39 40 199 215 38 6 231 138 41 196 226 36]
INFO [12-20|00:31:52] Handle BFT Msg,                          msg="msg #8 (78 bytes)"
INFO [12-20|00:31:52] ------Received ReadMsg------ 
AddReady from: [19 203 184 217 156 108 78 15 39 40 199 215 38 6 231 138 41 196 226 36]
INFO [12-20|00:31:52] Handle BFT Msg,                          msg="msg #8 (78 bytes)"
INFO [12-20|00:31:52] ------Received ReadMsg------ 
AddReady from: [89 132 67 241 136 14 245 133 178 31 29 117 133 189 5 119 64 40 97 229]
INFO [12-20|00:31:52] send Ready msg 
INFO [12-20|00:31:52] send Ready msg 
INFO [12-20|00:31:52] send Ready msg 
INFO [12-20|00:31:52] send Ready msg 
INFO [12-20|00:31:52] send Ready msg 
INFO [12-20|00:31:52] Handle BFT Msg,                          msg="msg #8 (78 bytes)"
INFO [12-20|00:31:52] ------Received ReadMsg------ 
AddReady from: [89 132 67 241 136 14 245 133 178 31 29 117 133 189 5 119 64 40 97 229]
INFO [12-20|00:31:52] Handle BFT Msg,                          msg="msg #8 (78 bytes)"
INFO [12-20|00:31:52] ------Received ReadMsg------ 
AddReady from: [89 132 67 241 136 14 245 133 178 31 29 117 133 189 5 119 64 40 97 229]
INFO [12-20|00:31:52] Handle BFT Msg,                          msg="msg #8 (78 bytes)"
INFO [12-20|00:31:52] ------Received ReadMsg------ 
INFO [12-20|00:31:52] Handle BFT Msg,                          msg="msg #8 (78 bytes)"
INFO [12-20|00:31:52] ------Received ReadMsg------ 
AddReady from: [89 132 67 241 136 14 245 133 178 31 29 117 133 189 5 119 64 40 97 229]
AddReady from: [89 132 67 241 136 14 245 133 178 31 29 117 133 189 5 119 64 40 97 229]
ready: 5 need: 5.3333335
INFO [12-20|00:31:52] consensusManager not ready  
ready: 5 need: 5.3333335
INFO [12-20|00:31:52] Handle BFT Msg,                          msg="msg #8 (78 bytes)"
INFO [12-20|00:31:52] ------Received ReadMsg------ 
AddReady from: [119 219 43 235 186 121 219 66 169 120 248 150 150 143 74 252 231 70 234 31]
INFO [12-20|00:31:52] send Ready msg 
INFO [12-20|00:31:52] send Ready msg 
INFO [12-20|00:31:52] send Ready msg 
INFO [12-20|00:31:52] send Ready msg 
INFO [12-20|00:31:52] send Ready msg 
INFO [12-20|00:31:52] Handle BFT Msg,                          msg="msg #8 (78 bytes)"
INFO [12-20|00:31:52] ------Received ReadMsg------ 
AddReady from: [119 219 43 235 186 121 219 66 169 120 248 150 150 143 74 252 231 70 234 31]
INFO [12-20|00:31:52] Handle BFT Msg,                          msg="msg #8 (78 bytes)"
INFO [12-20|00:31:52] ------Received ReadMsg------ 
INFO [12-20|00:31:52] Handle BFT Msg,                          msg="msg #8 (78 bytes)"
INFO [12-20|00:31:52] ------Received ReadMsg------ 
AddReady from: [119 219 43 235 186 121 219 66 169 120 248 150 150 143 74 252 231 70 234 31]
AddReady from: [119 219 43 235 186 121 219 66 169 120 248 150 150 143 74 252 231 70 234 31]
INFO [12-20|00:31:52] Handle BFT Msg,                          msg="msg #8 (78 bytes)"
INFO [12-20|00:31:52] ------Received ReadMsg------ 
AddReady from: [119 219 43 235 186 121 219 66 169 120 248 150 150 143 74 252 231 70 234 31]
INFO [12-20|00:31:52] Handle BFT Msg,                          msg="msg #8 (78 bytes)"
INFO [12-20|00:31:52] ------Received ReadMsg------ 
AddReady from: [119 219 43 235 186 121 219 66 169 120 248 150 150 143 74 252 231 70 234 31]
INFO [12-20|00:31:52] Handle BFT Msg,                          msg="msg #8 (78 bytes)"
INFO [12-20|00:31:52] ------Received ReadMsg------ 
AddReady from: [119 219 43 235 186 121 219 66 169 120 248 150 150 143 74 252 231 70 234 31]
INFO [12-20|00:31:52] send Ready msg 
INFO [12-20|00:31:52] Handle BFT Msg,                          msg="msg #8 (78 bytes)"
INFO [12-20|00:31:52] ------Received ReadMsg------ 
INFO [12-20|00:31:52] send Ready msg 
AddReady from: [119 219 43 235 186 121 219 66 169 120 248 150 150 143 74 252 231 70 234 31]
INFO [12-20|00:31:52] send Ready msg 
INFO [12-20|00:31:52] Handle BFT Msg,                          msg="msg #8 (78 bytes)"
INFO [12-20|00:31:52] ------Received ReadMsg------ 
INFO [12-20|00:31:52] Handle BFT Msg,                          msg="msg #8 (78 bytes)"
INFO [12-20|00:31:52] ------Received ReadMsg------ 
AddReady from: [125 87 122 89 123 39 66 180 152 203 92 240 194 108 220 215 38 211 158 110]
INFO [12-20|00:31:52] send Ready msg 
INFO [12-20|00:31:52] send Ready msg 
AddReady from: [125 87 122 89 123 39 66 180 152 203 92 240 194 108 220 215 38 211 158 110]
INFO [12-20|00:31:52] Handle BFT Msg,                          msg="msg #8 (78 bytes)"
INFO [12-20|00:31:52] ------Received ReadMsg------ 
AddReady from: [125 87 122 89 123 39 66 180 152 203 92 240 194 108 220 215 38 211 158 110]
INFO [12-20|00:31:52] Handle BFT Msg,                          msg="msg #8 (78 bytes)"
INFO [12-20|00:31:52] ------Received ReadMsg------ 
AddReady from: [125 87 122 89 123 39 66 180 152 203 92 240 194 108 220 215 38 211 158 110]
INFO [12-20|00:31:52] Handle BFT Msg,                          msg="msg #8 (78 bytes)"
INFO [12-20|00:31:52] ------Received ReadMsg------ 
AddReady from: [125 87 122 89 123 39 66 180 152 203 92 240 194 108 220 215 38 211 158 110]
INFO [12-20|00:31:52] send Ready msg 
INFO [12-20|00:31:52] send Ready msg 
INFO [12-20|00:31:52] Handle BFT Msg,                          msg="msg #8 (78 bytes)"
INFO [12-20|00:31:52] ------Received ReadMsg------ 
AddReady from: [130 169 120 179 245 150 42 91 9 87 217 238 158 239 71 46 229 91 66 241]
INFO [12-20|00:31:52] send Ready msg 
INFO [12-20|00:31:52] send Ready msg 
INFO [12-20|00:31:52] Handle BFT Msg,                          msg="msg #8 (78 bytes)"
INFO [12-20|00:31:52] ------Received ReadMsg------ 
INFO [12-20|00:31:52] Handle BFT Msg,                          msg="msg #8 (78 bytes)"
INFO [12-20|00:31:52] ------Received ReadMsg------ 
AddReady from: [130 169 120 179 245 150 42 91 9 87 217 238 158 239 71 46 229 91 66 241]
INFO [12-20|00:31:52] send Ready msg 
INFO [12-20|00:31:52] send Ready msg 
INFO [12-20|00:31:52] send Ready msg 
INFO [12-20|00:31:52] send Ready msg 
INFO [12-20|00:31:52] send Ready msg 
INFO [12-20|00:31:52] send Ready msg 
INFO [12-20|00:31:52] Handle BFT Msg,                          msg="msg #8 (78 bytes)"
INFO [12-20|00:31:52] ------Received ReadMsg------ 
AddReady from: [130 169 120 179 245 150 42 91 9 87 217 238 158 239 71 46 229 91 66 241]
INFO [12-20|00:31:52] Handle BFT Msg,                          msg="msg #8 (78 bytes)"
INFO [12-20|00:31:52] ------Received ReadMsg------ 
AddReady from: [130 169 120 179 245 150 42 91 9 87 217 238 158 239 71 46 229 91 66 241]
AddReady from: [130 169 120 179 245 150 42 91 9 87 217 238 158 239 71 46 229 91 66 241]
INFO [12-20|00:31:52] Handle BFT Msg,                          msg="msg #8 (78 bytes)"
INFO [12-20|00:31:52] ------Received ReadMsg------ 
AddReady from: [220 236 234 243 252 92 10 99 209 149 214 155 26 144 1 27 123 25 101 13]
INFO [12-20|00:31:52] send Ready msg 
INFO [12-20|00:31:52] send Ready msg 
INFO [12-20|00:31:52] send Ready msg 
INFO [12-20|00:31:52] send Ready msg 
INFO [12-20|00:31:52] send Ready msg 
INFO [12-20|00:31:52] Handle BFT Msg,                          msg="msg #8 (78 bytes)"
INFO [12-20|00:31:52] ------Received ReadMsg------ 
AddReady from: [220 236 234 243 252 92 10 99 209 149 214 155 26 144 1 27 123 25 101 13]
INFO [12-20|00:31:52] Handle BFT Msg,                          msg="msg #8 (78 bytes)"
INFO [12-20|00:31:52] ------Received ReadMsg------ 
AddReady from: [220 236 234 243 252 92 10 99 209 149 214 155 26 144 1 27 123 25 101 13]
INFO [12-20|00:31:52] Handle BFT Msg,                          msg="msg #8 (78 bytes)"
INFO [12-20|00:31:52] ------Received ReadMsg------ 
AddReady from: [220 236 234 243 252 92 10 99 209 149 214 155 26 144 1 27 123 25 101 13]
INFO [12-20|00:31:52] Handle BFT Msg,                          msg="msg #8 (78 bytes)"
INFO [12-20|00:31:52] ------Received ReadMsg------ 
AddReady from: [220 236 234 243 252 92 10 99 209 149 214 155 26 144 1 27 123 25 101 13]
INFO [12-20|00:31:52] Handle BFT Msg,                          msg="msg #8 (78 bytes)"
INFO [12-20|00:31:52] ------Received ReadMsg------ 
AddReady from: [19 203 184 217 156 108 78 15 39 40 199 215 38 6 231 138 41 196 226 36]
INFO [12-20|00:31:52] send Ready msg 
INFO [12-20|00:31:52] send Ready msg 
INFO [12-20|00:31:52] send Ready msg 
INFO [12-20|00:31:52] send Ready msg 
INFO [12-20|00:31:52] send Ready msg 
INFO [12-20|00:31:52] Handle BFT Msg,                          msg="msg #8 (78 bytes)"
INFO [12-20|00:31:52] ------Received ReadMsg------ 
AddReady from: [19 203 184 217 156 108 78 15 39 40 199 215 38 6 231 138 41 196 226 36]
INFO [12-20|00:31:52] Handle BFT Msg,                          msg="msg #8 (78 bytes)"
INFO [12-20|00:31:52] ------Received ReadMsg------ 
AddReady from: [19 203 184 217 156 108 78 15 39 40 199 215 38 6 231 138 41 196 226 36]
INFO [12-20|00:31:52] Handle BFT Msg,                          msg="msg #8 (78 bytes)"
INFO [12-20|00:31:52] ------Received ReadMsg------ 
AddReady from: [19 203 184 217 156 108 78 15 39 40 199 215 38 6 231 138 41 196 226 36]
INFO [12-20|00:31:52] Handle BFT Msg,                          msg="msg #8 (78 bytes)"
INFO [12-20|00:31:52] ------Received ReadMsg------ 
AddReady from: [19 203 184 217 156 108 78 15 39 40 199 215 38 6 231 138 41 196 226 36]
INFO [12-20|00:31:52] Handle BFT Msg,                          msg="msg #8 (78 bytes)"
INFO [12-20|00:31:52] ------Received ReadMsg------ 
AddReady from: [89 132 67 241 136 14 245 133 178 31 29 117 133 189 5 119 64 40 97 229]
INFO [12-20|00:31:52] send Ready msg 
INFO [12-20|00:31:52] send Ready msg 
INFO [12-20|00:31:52] send Ready msg 
INFO [12-20|00:31:52] send Ready msg 
INFO [12-20|00:31:52] send Ready msg 
INFO [12-20|00:31:52] Handle BFT Msg,                          msg="msg #8 (78 bytes)"
INFO [12-20|00:31:52] ------Received ReadMsg------ 
AddReady from: [89 132 67 241 136 14 245 133 178 31 29 117 133 189 5 119 64 40 97 229]
INFO [12-20|00:31:52] Handle BFT Msg,                          msg="msg #8 (78 bytes)"
INFO [12-20|00:31:52] ------Received ReadMsg------ 
INFO [12-20|00:31:52] Handle BFT Msg,                          msg="msg #8 (78 bytes)"
INFO [12-20|00:31:52] ------Received ReadMsg------ 
AddReady from: [89 132 67 241 136 14 245 133 178 31 29 117 133 189 5 119 64 40 97 229]
AddReady from: [89 132 67 241 136 14 245 133 178 31 29 117 133 189 5 119 64 40 97 229]
INFO [12-20|00:31:52] Handle BFT Msg,                          msg="msg #8 (78 bytes)"
INFO [12-20|00:31:52] ------Received ReadMsg------ 
AddReady from: [89 132 67 241 136 14 245 133 178 31 29 117 133 189 5 119 64 40 97 229]
INFO [12-20|00:31:52] Handle BFT Msg,                          msg="msg #8 (78 bytes)"
INFO [12-20|00:31:52] ------Received ReadMsg------ 
AddReady from: [89 132 67 241 136 14 245 133 178 31 29 117 133 189 5 119 64 40 97 229]
INFO [12-20|00:31:52] Handle BFT Msg,                          msg="msg #8 (78 bytes)"
INFO [12-20|00:31:52] ------Received ReadMsg------ 
AddReady from: [119 219 43 235 186 121 219 66 169 120 248 150 150 143 74 252 231 70 234 31]
INFO [12-20|00:31:52] send Ready msg 
INFO [12-20|00:31:52] send Ready msg 
INFO [12-20|00:31:52] send Ready msg 
INFO [12-20|00:31:52] send Ready msg 
INFO [12-20|00:31:52] send Ready msg 
INFO [12-20|00:31:52] Handle BFT Msg,                          msg="msg #8 (78 bytes)"
INFO [12-20|00:31:52] ------Received ReadMsg------ 
INFO [12-20|00:31:52] Handle BFT Msg,                          msg="msg #8 (78 bytes)"
AddReady from: [119 219 43 235 186 121 219 66 169 120 248 150 150 143 74 252 231 70 234 31]
INFO [12-20|00:31:52] ------Received ReadMsg------ 
INFO [12-20|00:31:52] Handle BFT Msg,                          msg="msg #8 (78 bytes)"
INFO [12-20|00:31:52] ------Received ReadMsg------ 
INFO [12-20|00:31:52] Handle BFT Msg,                          msg="msg #8 (78 bytes)"
INFO [12-20|00:31:52] ------Received ReadMsg------ 
AddReady from: [119 219 43 235 186 121 219 66 169 120 248 150 150 143 74 252 231 70 234 31]
AddReady from: [119 219 43 235 186 121 219 66 169 120 248 150 150 143 74 252 231 70 234 31]
AddReady from: [119 219 43 235 186 121 219 66 169 120 248 150 150 143 74 252 231 70 234 31]
ready: 6 need: 5.3333335
ready: 6 need: 5.3333335
INFO [12-20|00:31:52] send Ready msg 
INFO [12-20|00:31:52] send Ready msg 
INFO [12-20|00:31:52] send Ready msg 
INFO [12-20|00:31:52] send Ready msg 
INFO [12-20|00:31:52] send Ready msg 
INFO [12-20|00:31:52] -----------------consensusManager Ready------------------------- 
INFO [12-20|00:31:52] Handle BFT Msg,                          msg="msg #8 (78 bytes)"
INFO [12-20|00:31:52] ------Received ReadMsg------ 
AddReady from: [125 87 122 89 123 39 66 180 152 203 92 240 194 108 220 215 38 211 158 110]
INFO [12-20|00:31:52] Handle BFT Msg,                          msg="msg #8 (78 bytes)"
INFO [12-20|00:31:52] ------Received ReadMsg------ 
INFO [12-20|00:31:52] Handle BFT Msg,                          msg="msg #8 (78 bytes)"
INFO [12-20|00:31:52] ------Received ReadMsg------ 
AddReady from: [125 87 122 89 123 39 66 180 152 203 92 240 194 108 220 215 38 211 158 110]
INFO [12-20|00:31:52] Handle BFT Msg,                          msg="msg #8 (78 bytes)"
INFO [12-20|00:31:52] ------Received ReadMsg------ 
AddReady from: [125 87 122 89 123 39 66 180 152 203 92 240 194 108 220 215 38 211 158 110]
INFO [12-20|00:31:52] Handle BFT Msg,                          msg="msg #8 (78 bytes)"
INFO [12-20|00:31:52] ------Received ReadMsg------ 
AddReady from: [125 87 122 89 123 39 66 180 152 203 92 240 194 108 220 215 38 211 158 110]
AddReady from: [125 87 122 89 123 39 66 180 152 203 92 240 194 108 220 215 38 211 158 110]
INFO [12-20|00:32:12] Got interrupt, shutting down... 
INFO [12-20|00:32:12] HTTP endpoint closed: http://127.0.0.1:8546 
INFO [12-20|00:32:12] IPC endpoint closed: /Users/sujianwei20/FastBFT_ethereum/msigcode/examples/data/node2/geth.ipc 
INFO [12-20|00:32:12] Blockchain manager stopped 
INFO [12-20|00:32:12] Stopping Ethereum protocol 
INFO [12-20|00:32:12] **in eth.handler**, get result from ch 
panic: runtime error: invalid memory address or nil pointer dereference
[signal SIGSEGV: segmentation violation code=0x1 addr=0x8 pc=0x47389a0]

goroutine 74 [running]:
github.com/ethereum/go-ethereum/eth.(*ProtocolManager).BFTvalidatorCommitBlock(0xc42022ef70)
	/Users/sujianwei20/FastBFT_ethereum/msigcode/build/_workspace/src/github.com/ethereum/go-ethereum/eth/handler.go:322 +0xb0
created by github.com/ethereum/go-ethereum/eth.(*ProtocolManager).Start
	/Users/sujianwei20/FastBFT_ethereum/msigcode/build/_workspace/src/github.com/ethereum/go-ethereum/eth/handler.go:220 +0x1b7
