INFO [01-30|22:04:06] Starting peer-to-peer node               instance=Geth/v1.6.7-unstable-deaaed87/darwin-amd64/go1.9.6
INFO [01-30|22:04:06] Allocated cache and file handles         database=/Users/jianweisu/Desktop/Ethereum/FastBFT_ethereum/examples/data/node1/geth/chaindata cache=128 handles=1024
WARN [01-30|22:04:06] Upgrading chain database to use sequential keys 
INFO [01-30|22:04:06] Database conversion successful 
INFO [01-30|22:04:06] Initialised chain configuration          config="{ChainID: 2235 Homestead: 1 DAO: <nil> DAOSupport: false EIP150: 2 EIP155: 3 EIP158: 3 Metropolis: <nil> Engine: ethash}"
INFO [01-30|22:04:06] config bft is                            bft=true
WARN [01-30|22:04:06] Upgrading db log bloom bins 
INFO [01-30|22:04:06] Bloom-bin upgrade completed              elapsed=144.785µs
INFO [01-30|22:04:06] Initialising Ethereum protocol           versions="[63 62]" network=2234
INFO [01-30|22:04:06] Loaded most recent local header          number=0 hash=c97b85…f2ed18 td=1048576
INFO [01-30|22:04:06] Loaded most recent local full block      number=0 hash=c97b85…f2ed18 td=1048576
INFO [01-30|22:04:06] Loaded most recent local fast block      number=0 hash=c97b85…f2ed18 td=1048576
INFO [01-30|22:04:06] in NewTxPool, call resetState 
INFO [01-30|22:04:06] in NewTxPool, call pool.eventLoog() 
INFO [01-30|22:04:06] Allocated cache and file handles         database=/Users/jianweisu/Desktop/Ethereum/FastBFT_ethereum/examples/data/node1/geth/bftData   cache=128 handles=1024
INFO [01-30|22:04:06] addVote to                               height=0 round=0 from=0x82a978b3f5962a5b0957d9ee9eef472ee55b42f1 success=true cm.coinbase=0x82a978b3f5962a5b0957d9ee9eef472ee55b42f1
ready: 1 need: 2.6666667
INFO [01-30|22:04:06] consensusManager not ready  
ready: 1 need: 2.6666667
INFO [01-30|22:04:06] Starting P2P networking 
INFO [01-30|22:04:06] RLPx listener up                         self="enode://d67104e65b61fca1fc73a74175667c11f16c037fa8e414499189df9d68706aca6e1a1b4ea02b702f101eb609c4cd2964d4790047a06458ba8a1a19040ab1fe0d@[::]:30303?discport=0"
INFO [01-30|22:04:06] ---In BFTvalidatorCommitBlock--- 
INFO [01-30|22:04:06] IPC endpoint opened: /Users/jianweisu/Desktop/Ethereum/FastBFT_ethereum/examples/data/node1/geth.ipc 
INFO [01-30|22:04:06] HTTP endpoint opened: http://127.0.0.1:8545 
INFO [01-30|22:04:06] Handle BFT Msg,                          msg="msg #8 (78 bytes)"
INFO [01-30|22:04:06] ------Received ReadMsg------ 
AddReady from: [220 236 234 243 252 92 10 99 209 149 214 155 26 144 1 27 123 25 101 13]
INFO [01-30|22:04:06] send Ready msg 
INFO [01-30|22:04:06] send Ready msg 
INFO [01-30|22:04:06] Handle BFT Msg,                          msg="msg #8 (78 bytes)"
INFO [01-30|22:04:06] ------Received ReadMsg------ 
INFO [01-30|22:04:06] Handle BFT Msg,                          msg="msg #8 (78 bytes)"
INFO [01-30|22:04:06] ------Received ReadMsg------ 
AddReady from: [220 236 234 243 252 92 10 99 209 149 214 155 26 144 1 27 123 25 101 13]
INFO [01-30|22:04:06] send Ready msg 
INFO [01-30|22:04:06] send Ready msg 
AddReady from: [220 236 234 243 252 92 10 99 209 149 214 155 26 144 1 27 123 25 101 13]
INFO [01-30|22:04:06] Handle BFT Msg,                          msg="msg #8 (78 bytes)"
INFO [01-30|22:04:06] ------Received ReadMsg------ 
AddReady from: [125 87 122 89 123 39 66 180 152 203 92 240 194 108 220 215 38 211 158 110]
INFO [01-30|22:04:06] send Ready msg 
INFO [01-30|22:04:06] send Ready msg 
INFO [01-30|22:04:06] send Ready msg 
INFO [01-30|22:04:06] Handle BFT Msg,                          msg="msg #8 (78 bytes)"
INFO [01-30|22:04:06] ------Received ReadMsg------ 
INFO [01-30|22:04:06] Handle BFT Msg,                          msg="msg #8 (78 bytes)"
INFO [01-30|22:04:06] ------Received ReadMsg------ 
AddReady from: [125 87 122 89 123 39 66 180 152 203 92 240 194 108 220 215 38 211 158 110]
AddReady from: [125 87 122 89 123 39 66 180 152 203 92 240 194 108 220 215 38 211 158 110]
ready: 3 need: 2.6666667
ready: 3 need: 2.6666667
INFO [01-30|22:04:06] send Ready msg 
INFO [01-30|22:04:06] send Ready msg 
INFO [01-30|22:04:06] send Ready msg 
INFO [01-30|22:04:06] -----------------consensusManager Ready------------------------- 
INFO [01-30|22:04:06] Handle BFT Msg,                          msg="msg #8 (78 bytes)"
INFO [01-30|22:04:06] ------Received ReadMsg------ 
AddReady from: [130 169 120 179 245 150 42 91 9 87 217 238 158 239 71 46 229 91 66 241]
INFO [01-30|22:04:06] Handle BFT Msg,                          msg="msg #8 (78 bytes)"
INFO [01-30|22:04:06] ------Received ReadMsg------ 
INFO [01-30|22:04:06] Handle BFT Msg,                          msg="msg #8 (78 bytes)"
INFO [01-30|22:04:06] ------Received ReadMsg------ 
AddReady from: [130 169 120 179 245 150 42 91 9 87 217 238 158 239 71 46 229 91 66 241]
AddReady from: [130 169 120 179 245 150 42 91 9 87 217 238 158 239 71 46 229 91 66 241]
INFO [01-30|22:04:06] Handle BFT Msg,                          msg="msg #8 (78 bytes)"
INFO [01-30|22:04:06] ------Received ReadMsg------ 
AddReady from: [89 132 67 241 136 14 245 133 178 31 29 117 133 189 5 119 64 40 97 229]
INFO [01-30|22:04:06] send Ready msg 
INFO [01-30|22:04:06] Handle BFT Msg,                          msg="msg #8 (78 bytes)"
INFO [01-30|22:04:06] ------Received ReadMsg------ 
INFO [01-30|22:04:06] send Ready msg 
INFO [01-30|22:04:06] send Ready msg 
INFO [01-30|22:04:06] Handle BFT Msg,                          msg="msg #8 (78 bytes)"
INFO [01-30|22:04:06] ------Received ReadMsg------ 
AddReady from: [89 132 67 241 136 14 245 133 178 31 29 117 133 189 5 119 64 40 97 229]
AddReady from: [89 132 67 241 136 14 245 133 178 31 29 117 133 189 5 119 64 40 97 229]
INFO [01-30|22:04:06] Handle BFT Msg,                          msg="msg #8 (78 bytes)"
INFO [01-30|22:04:06] ------Received ReadMsg------ 
AddReady from: [220 236 234 243 252 92 10 99 209 149 214 155 26 144 1 27 123 25 101 13]
INFO [01-30|22:04:06] send Ready msg 
INFO [01-30|22:04:06] send Ready msg 
INFO [01-30|22:04:06] send Ready msg 
INFO [01-30|22:04:06] Handle BFT Msg,                          msg="msg #8 (78 bytes)"
INFO [01-30|22:04:06] ------Received ReadMsg------ 
AddReady from: [220 236 234 243 252 92 10 99 209 149 214 155 26 144 1 27 123 25 101 13]
INFO [01-30|22:04:06] Handle BFT Msg,                          msg="msg #8 (78 bytes)"
INFO [01-30|22:04:06] ------Received ReadMsg------ 
AddReady from: [220 236 234 243 252 92 10 99 209 149 214 155 26 144 1 27 123 25 101 13]
INFO [01-30|22:04:07] Handle BFT Msg,                          msg="msg #8 (78 bytes)"
INFO [01-30|22:04:07] ------Received ReadMsg------ 
AddReady from: [125 87 122 89 123 39 66 180 152 203 92 240 194 108 220 215 38 211 158 110]
INFO [01-30|22:04:07] send Ready msg 
INFO [01-30|22:04:07] send Ready msg 
INFO [01-30|22:04:07] send Ready msg 
INFO [01-30|22:04:07] Handle BFT Msg,                          msg="msg #8 (78 bytes)"
INFO [01-30|22:04:07] ------Received ReadMsg------ 
AddReady from: [125 87 122 89 123 39 66 180 152 203 92 240 194 108 220 215 38 211 158 110]
INFO [01-30|22:04:07] Handle BFT Msg,                          msg="msg #8 (78 bytes)"
INFO [01-30|22:04:07] ------Received ReadMsg------ 
AddReady from: [125 87 122 89 123 39 66 180 152 203 92 240 194 108 220 215 38 211 158 110]
INFO [01-30|22:04:07] Handle BFT Msg,                          msg="msg #8 (78 bytes)"
INFO [01-30|22:04:07] ------Received ReadMsg------ 
AddReady from: [125 87 122 89 123 39 66 180 152 203 92 240 194 108 220 215 38 211 158 110]
INFO [01-30|22:04:41] Transaction pool price threshold updated price=18000000000
INFO [01-30|22:04:41] Starting mining operation 
INFO [01-30|22:04:41] ---atomic.LoadInt32(&self.mining) == 1 && work.tcount == 0--- 
INFO [01-30|22:04:44] ---atomic.LoadInt32(&self.mining) == 1 && work.tcount == 0--- 
INFO [01-30|22:04:47] ---atomic.LoadInt32(&self.mining) == 1 && work.tcount == 0--- 
INFO [01-30|22:04:50] ---atomic.LoadInt32(&self.mining) == 1 && work.tcount == 0--- 
INFO [01-30|22:04:53] ---atomic.LoadInt32(&self.mining) == 1 && work.tcount == 0--- 
INFO [01-30|22:04:56] ---atomic.LoadInt32(&self.mining) == 1 && work.tcount == 0--- 
INFO [01-30|22:04:59] ---atomic.LoadInt32(&self.mining) == 1 && work.tcount == 0--- 
INFO [01-30|22:05:02] ---atomic.LoadInt32(&self.mining) == 1 && work.tcount == 0--- 
INFO [01-30|22:05:05] ---atomic.LoadInt32(&self.mining) == 1 && work.tcount == 0--- 
INFO [01-30|22:05:08] ---atomic.LoadInt32(&self.mining) == 1 && work.tcount == 0--- 
INFO [01-30|22:05:11] ---atomic.LoadInt32(&self.mining) == 1 && work.tcount == 0--- 
INFO [01-30|22:05:14] ---atomic.LoadInt32(&self.mining) == 1 && work.tcount == 0--- 
INFO [01-30|22:05:17] ---atomic.LoadInt32(&self.mining) == 1 && work.tcount == 0--- 
INFO [01-30|22:05:20] ---atomic.LoadInt32(&self.mining) == 1 && work.tcount == 0--- 
INFO [01-30|22:05:23] ---atomic.LoadInt32(&self.mining) == 1 && work.tcount == 0--- 
INFO [01-30|22:05:26] ---atomic.LoadInt32(&self.mining) == 1 && work.tcount == 0--- 
INFO [01-30|22:05:29] ---atomic.LoadInt32(&self.mining) == 1 && work.tcount == 0--- 
INFO [01-30|22:05:32] ---atomic.LoadInt32(&self.mining) == 1 && work.tcount == 0--- 
INFO [01-30|22:05:35] ---atomic.LoadInt32(&self.mining) == 1 && work.tcount == 0--- 
INFO [01-30|22:05:38] ---atomic.LoadInt32(&self.mining) == 1 && work.tcount == 0--- 
INFO [01-30|22:05:41] ---atomic.LoadInt32(&self.mining) == 1 && work.tcount == 0--- 
INFO [01-30|22:05:44] ---atomic.LoadInt32(&self.mining) == 1 && work.tcount == 0--- 
INFO [01-30|22:05:47] ---atomic.LoadInt32(&self.mining) == 1 && work.tcount == 0--- 
INFO [01-30|22:05:50] ---atomic.LoadInt32(&self.mining) == 1 && work.tcount == 0--- 
INFO [01-30|22:05:53] ---atomic.LoadInt32(&self.mining) == 1 && work.tcount == 0--- 
INFO [01-30|22:05:57] ---atomic.LoadInt32(&self.mining) == 1 && work.tcount == 0--- 
INFO [01-30|22:06:00] ---atomic.LoadInt32(&self.mining) == 1 && work.tcount == 0--- 
INFO [01-30|22:06:03] ---atomic.LoadInt32(&self.mining) == 1 && work.tcount == 0--- 
INFO [01-30|22:06:06] ---atomic.LoadInt32(&self.mining) == 1 && work.tcount == 0--- 
INFO [01-30|22:06:09] ---atomic.LoadInt32(&self.mining) == 1 && work.tcount == 0--- 
INFO [01-30|22:06:12] ---atomic.LoadInt32(&self.mining) == 1 && work.tcount == 0--- 
INFO [01-30|22:06:15] ---atomic.LoadInt32(&self.mining) == 1 && work.tcount == 0--- 
INFO [01-30|22:06:18] ---atomic.LoadInt32(&self.mining) == 1 && work.tcount == 0--- 
INFO [01-30|22:06:21] ---atomic.LoadInt32(&self.mining) == 1 && work.tcount == 0--- 
INFO [01-30|22:06:24] ---atomic.LoadInt32(&self.mining) == 1 && work.tcount == 0--- 
INFO [01-30|22:06:27] ---atomic.LoadInt32(&self.mining) == 1 && work.tcount == 0--- 
INFO [01-30|22:06:30] ---atomic.LoadInt32(&self.mining) == 1 && work.tcount == 0--- 
INFO [01-30|22:06:33] ---atomic.LoadInt32(&self.mining) == 1 && work.tcount == 0--- 
INFO [01-30|22:06:36] ---atomic.LoadInt32(&self.mining) == 1 && work.tcount == 0--- 
INFO [01-30|22:06:39] ---atomic.LoadInt32(&self.mining) == 1 && work.tcount == 0--- 
INFO [01-30|22:06:42] ---atomic.LoadInt32(&self.mining) == 1 && work.tcount == 0--- 
INFO [01-30|22:06:45] ---atomic.LoadInt32(&self.mining) == 1 && work.tcount == 0--- 
INFO [01-30|22:06:48] ---atomic.LoadInt32(&self.mining) == 1 && work.tcount == 0--- 
INFO [01-30|22:06:51] ---atomic.LoadInt32(&self.mining) == 1 && work.tcount == 0--- 
INFO [01-30|22:06:54] ---atomic.LoadInt32(&self.mining) == 1 && work.tcount == 0--- 
INFO [01-30|22:06:57] ---atomic.LoadInt32(&self.mining) == 1 && work.tcount == 0--- 
INFO [01-30|22:07:00] ---atomic.LoadInt32(&self.mining) == 1 && work.tcount == 0--- 
INFO [01-30|22:07:03] ---atomic.LoadInt32(&self.mining) == 1 && work.tcount == 0--- 
INFO [01-30|22:07:06] ---atomic.LoadInt32(&self.mining) == 1 && work.tcount == 0--- 
INFO [01-30|22:07:09] ---atomic.LoadInt32(&self.mining) == 1 && work.tcount == 0--- 
INFO [01-30|22:07:12] ---atomic.LoadInt32(&self.mining) == 1 && work.tcount == 0--- 
INFO [01-30|22:07:15] ---atomic.LoadInt32(&self.mining) == 1 && work.tcount == 0--- 
INFO [01-30|22:07:18] ---atomic.LoadInt32(&self.mining) == 1 && work.tcount == 0--- 
INFO [01-30|22:07:21] ---atomic.LoadInt32(&self.mining) == 1 && work.tcount == 0--- 
INFO [01-30|22:07:24] ---atomic.LoadInt32(&self.mining) == 1 && work.tcount == 0--- 
INFO [01-30|22:07:27] ---atomic.LoadInt32(&self.mining) == 1 && work.tcount == 0--- 
INFO [01-30|22:07:30] ---atomic.LoadInt32(&self.mining) == 1 && work.tcount == 0--- 
INFO [01-30|22:07:33] ---atomic.LoadInt32(&self.mining) == 1 && work.tcount == 0--- 
INFO [01-30|22:07:36] ---atomic.LoadInt32(&self.mining) == 1 && work.tcount == 0--- 
INFO [01-30|22:07:39] ---atomic.LoadInt32(&self.mining) == 1 && work.tcount == 0--- 
INFO [01-30|22:07:42] ---atomic.LoadInt32(&self.mining) == 1 && work.tcount == 0--- 
INFO [01-30|22:07:45] ---atomic.LoadInt32(&self.mining) == 1 && work.tcount == 0--- 
INFO [01-30|22:07:48] ---atomic.LoadInt32(&self.mining) == 1 && work.tcount == 0--- 
INFO [01-30|22:07:51] ---atomic.LoadInt32(&self.mining) == 1 && work.tcount == 0--- 
INFO [01-30|22:07:54] ---atomic.LoadInt32(&self.mining) == 1 && work.tcount == 0--- 
INFO [01-30|22:07:57] ---atomic.LoadInt32(&self.mining) == 1 && work.tcount == 0--- 
INFO [01-30|22:08:00] ---atomic.LoadInt32(&self.mining) == 1 && work.tcount == 0--- 
INFO [01-30|22:08:03] ---atomic.LoadInt32(&self.mining) == 1 && work.tcount == 0--- 
INFO [01-30|22:08:06] ---atomic.LoadInt32(&self.mining) == 1 && work.tcount == 0--- 
INFO [01-30|22:08:09] ---atomic.LoadInt32(&self.mining) == 1 && work.tcount == 0--- 
INFO [01-30|22:08:12] ---atomic.LoadInt32(&self.mining) == 1 && work.tcount == 0--- 
INFO [01-30|22:08:15] ---atomic.LoadInt32(&self.mining) == 1 && work.tcount == 0--- 
INFO [01-30|22:08:18] ---atomic.LoadInt32(&self.mining) == 1 && work.tcount == 0--- 
INFO [01-30|22:08:21] ---atomic.LoadInt32(&self.mining) == 1 && work.tcount == 0--- 
INFO [01-30|22:08:24] ---atomic.LoadInt32(&self.mining) == 1 && work.tcount == 0--- 
INFO [01-30|22:08:27] ---atomic.LoadInt32(&self.mining) == 1 && work.tcount == 0--- 
INFO [01-30|22:08:30] ---atomic.LoadInt32(&self.mining) == 1 && work.tcount == 0--- 
INFO [01-30|22:08:33] ---atomic.LoadInt32(&self.mining) == 1 && work.tcount == 0--- 
INFO [01-30|22:08:36] ---atomic.LoadInt32(&self.mining) == 1 && work.tcount == 0--- 
INFO [01-30|22:11:46] ---atomic.LoadInt32(&self.mining) == 1 && work.tcount == 0--- 
INFO [01-30|22:11:49] ---atomic.LoadInt32(&self.mining) == 1 && work.tcount == 0--- 
INFO [01-30|22:11:52] ---atomic.LoadInt32(&self.mining) == 1 && work.tcount == 0--- 
INFO [01-30|22:11:55] ---atomic.LoadInt32(&self.mining) == 1 && work.tcount == 0--- 
INFO [01-30|22:11:58] ---atomic.LoadInt32(&self.mining) == 1 && work.tcount == 0--- 
INFO [01-30|22:12:01] ---atomic.LoadInt32(&self.mining) == 1 && work.tcount == 0--- 
INFO [01-30|22:12:04] ---atomic.LoadInt32(&self.mining) == 1 && work.tcount == 0--- 
INFO [01-30|22:12:07] ---atomic.LoadInt32(&self.mining) == 1 && work.tcount == 0--- 
INFO [01-30|22:12:10] ---atomic.LoadInt32(&self.mining) == 1 && work.tcount == 0--- 
INFO [01-30|22:12:13] ---atomic.LoadInt32(&self.mining) == 1 && work.tcount == 0--- 
INFO [01-30|22:12:16] ---atomic.LoadInt32(&self.mining) == 1 && work.tcount == 0--- 
INFO [01-30|22:12:19] ---atomic.LoadInt32(&self.mining) == 1 && work.tcount == 0--- 
INFO [01-30|22:12:22] ---atomic.LoadInt32(&self.mining) == 1 && work.tcount == 0--- 
INFO [01-30|22:12:25] ---atomic.LoadInt32(&self.mining) == 1 && work.tcount == 0--- 
INFO [01-30|22:12:28] ---atomic.LoadInt32(&self.mining) == 1 && work.tcount == 0--- 
INFO [01-30|22:12:31] ---atomic.LoadInt32(&self.mining) == 1 && work.tcount == 0--- 
INFO [01-30|22:12:34] ---atomic.LoadInt32(&self.mining) == 1 && work.tcount == 0--- 
INFO [01-30|22:12:37] ---atomic.LoadInt32(&self.mining) == 1 && work.tcount == 0--- 
INFO [01-30|22:12:40] ---atomic.LoadInt32(&self.mining) == 1 && work.tcount == 0--- 
INFO [01-30|22:12:43] ---atomic.LoadInt32(&self.mining) == 1 && work.tcount == 0--- 
INFO [01-30|22:12:46] ---atomic.LoadInt32(&self.mining) == 1 && work.tcount == 0--- 
INFO [01-30|22:12:49] ---atomic.LoadInt32(&self.mining) == 1 && work.tcount == 0--- 
INFO [01-30|22:12:52] ---atomic.LoadInt32(&self.mining) == 1 && work.tcount == 0--- 
INFO [01-30|22:12:55] ---atomic.LoadInt32(&self.mining) == 1 && work.tcount == 0--- 
INFO [01-30|22:12:58] ---atomic.LoadInt32(&self.mining) == 1 && work.tcount == 0--- 
INFO [01-30|22:13:01] ---atomic.LoadInt32(&self.mining) == 1 && work.tcount == 0--- 
INFO [01-30|22:13:04] ---atomic.LoadInt32(&self.mining) == 1 && work.tcount == 0--- 
INFO [01-30|22:13:07] ---atomic.LoadInt32(&self.mining) == 1 && work.tcount == 0--- 
INFO [01-30|22:13:10] ---atomic.LoadInt32(&self.mining) == 1 && work.tcount == 0--- 
INFO [01-30|22:13:13] ---atomic.LoadInt32(&self.mining) == 1 && work.tcount == 0--- 
INFO [01-30|22:13:16] ---atomic.LoadInt32(&self.mining) == 1 && work.tcount == 0--- 
INFO [01-30|22:13:19] ---atomic.LoadInt32(&self.mining) == 1 && work.tcount == 0--- 
INFO [01-30|22:13:22] ---atomic.LoadInt32(&self.mining) == 1 && work.tcount == 0--- 
INFO [01-30|22:13:25] ---atomic.LoadInt32(&self.mining) == 1 && work.tcount == 0--- 
INFO [01-30|22:13:28] ---atomic.LoadInt32(&self.mining) == 1 && work.tcount == 0--- 
INFO [01-30|22:13:31] ---atomic.LoadInt32(&self.mining) == 1 && work.tcount == 0--- 
INFO [01-30|22:13:34] ---atomic.LoadInt32(&self.mining) == 1 && work.tcount == 0--- 
INFO [01-30|22:13:37] ---atomic.LoadInt32(&self.mining) == 1 && work.tcount == 0--- 
INFO [01-30|22:13:40] ---atomic.LoadInt32(&self.mining) == 1 && work.tcount == 0--- 
INFO [01-30|22:13:43] ---atomic.LoadInt32(&self.mining) == 1 && work.tcount == 0--- 
INFO [01-30|22:13:46] ---atomic.LoadInt32(&self.mining) == 1 && work.tcount == 0--- 
INFO [01-30|22:13:49] ---atomic.LoadInt32(&self.mining) == 1 && work.tcount == 0--- 
INFO [01-30|22:13:52] ---atomic.LoadInt32(&self.mining) == 1 && work.tcount == 0--- 
INFO [01-30|22:13:55] ---atomic.LoadInt32(&self.mining) == 1 && work.tcount == 0--- 
INFO [01-30|22:13:58] ---atomic.LoadInt32(&self.mining) == 1 && work.tcount == 0--- 
INFO [01-30|22:14:01] ---atomic.LoadInt32(&self.mining) == 1 && work.tcount == 0--- 
INFO [01-30|22:14:04] ---atomic.LoadInt32(&self.mining) == 1 && work.tcount == 0--- 
INFO [01-30|22:14:07] ---atomic.LoadInt32(&self.mining) == 1 && work.tcount == 0--- 
INFO [01-30|22:14:10] ---atomic.LoadInt32(&self.mining) == 1 && work.tcount == 0--- 
INFO [01-30|22:14:13] ---atomic.LoadInt32(&self.mining) == 1 && work.tcount == 0--- 
INFO [01-30|22:14:16] ---atomic.LoadInt32(&self.mining) == 1 && work.tcount == 0--- 
INFO [01-30|22:14:19] ---atomic.LoadInt32(&self.mining) == 1 && work.tcount == 0--- 
INFO [01-30|22:14:22] ---atomic.LoadInt32(&self.mining) == 1 && work.tcount == 0--- 
INFO [01-30|22:14:25] ---atomic.LoadInt32(&self.mining) == 1 && work.tcount == 0--- 
INFO [01-30|22:14:28] ---atomic.LoadInt32(&self.mining) == 1 && work.tcount == 0--- 
INFO [01-30|22:14:31] ---atomic.LoadInt32(&self.mining) == 1 && work.tcount == 0--- 
INFO [01-30|22:14:34] ---atomic.LoadInt32(&self.mining) == 1 && work.tcount == 0--- 
INFO [01-30|22:14:37] ---atomic.LoadInt32(&self.mining) == 1 && work.tcount == 0--- 
INFO [01-30|22:14:40] ---atomic.LoadInt32(&self.mining) == 1 && work.tcount == 0--- 
INFO [01-30|22:14:43] ---atomic.LoadInt32(&self.mining) == 1 && work.tcount == 0--- 
INFO [01-30|22:14:46] ---atomic.LoadInt32(&self.mining) == 1 && work.tcount == 0--- 
INFO [01-30|22:14:49] ---atomic.LoadInt32(&self.mining) == 1 && work.tcount == 0--- 
INFO [01-30|22:14:52] ---atomic.LoadInt32(&self.mining) == 1 && work.tcount == 0--- 
INFO [01-30|22:14:55] ---atomic.LoadInt32(&self.mining) == 1 && work.tcount == 0--- 
INFO [01-30|22:14:58] ---atomic.LoadInt32(&self.mining) == 1 && work.tcount == 0--- 
INFO [01-30|22:15:01] ---atomic.LoadInt32(&self.mining) == 1 && work.tcount == 0--- 
INFO [01-30|22:15:04] ---atomic.LoadInt32(&self.mining) == 1 && work.tcount == 0--- 
INFO [01-30|22:15:07] ---atomic.LoadInt32(&self.mining) == 1 && work.tcount == 0--- 
INFO [01-30|22:15:10] ---atomic.LoadInt32(&self.mining) == 1 && work.tcount == 0--- 
INFO [01-30|22:15:13] ---atomic.LoadInt32(&self.mining) == 1 && work.tcount == 0--- 
INFO [01-30|22:15:16] ---atomic.LoadInt32(&self.mining) == 1 && work.tcount == 0--- 
INFO [01-30|22:15:19] ---atomic.LoadInt32(&self.mining) == 1 && work.tcount == 0--- 
INFO [01-30|22:15:22] ---atomic.LoadInt32(&self.mining) == 1 && work.tcount == 0--- 
INFO [01-30|22:15:25] ---atomic.LoadInt32(&self.mining) == 1 && work.tcount == 0--- 
INFO [01-30|22:15:28] ---atomic.LoadInt32(&self.mining) == 1 && work.tcount == 0--- 
INFO [01-30|22:15:31] ---atomic.LoadInt32(&self.mining) == 1 && work.tcount == 0--- 
INFO [01-30|22:15:34] ---atomic.LoadInt32(&self.mining) == 1 && work.tcount == 0--- 
INFO [01-30|22:15:37] ---atomic.LoadInt32(&self.mining) == 1 && work.tcount == 0--- 
INFO [01-30|22:15:40] ---atomic.LoadInt32(&self.mining) == 1 && work.tcount == 0--- 
INFO [01-30|22:15:43] ---atomic.LoadInt32(&self.mining) == 1 && work.tcount == 0--- 
INFO [01-30|22:15:46] ---atomic.LoadInt32(&self.mining) == 1 && work.tcount == 0--- 
INFO [01-30|22:15:49] ---atomic.LoadInt32(&self.mining) == 1 && work.tcount == 0--- 
INFO [01-30|22:15:52] ---atomic.LoadInt32(&self.mining) == 1 && work.tcount == 0--- 
INFO [01-30|22:15:55] ---atomic.LoadInt32(&self.mining) == 1 && work.tcount == 0--- 
INFO [01-30|22:15:58] ---atomic.LoadInt32(&self.mining) == 1 && work.tcount == 0--- 
INFO [01-30|22:16:01] ---atomic.LoadInt32(&self.mining) == 1 && work.tcount == 0--- 
INFO [01-30|22:16:04] ---atomic.LoadInt32(&self.mining) == 1 && work.tcount == 0--- 
INFO [01-30|22:16:07] ---atomic.LoadInt32(&self.mining) == 1 && work.tcount == 0--- 
INFO [01-30|22:16:10] ---atomic.LoadInt32(&self.mining) == 1 && work.tcount == 0--- 
INFO [01-30|22:16:13] ---atomic.LoadInt32(&self.mining) == 1 && work.tcount == 0--- 
INFO [01-30|22:16:16] ---atomic.LoadInt32(&self.mining) == 1 && work.tcount == 0--- 
INFO [01-30|22:16:19] ---atomic.LoadInt32(&self.mining) == 1 && work.tcount == 0--- 
INFO [01-30|22:16:22] ---atomic.LoadInt32(&self.mining) == 1 && work.tcount == 0--- 
INFO [01-30|22:16:25] ---atomic.LoadInt32(&self.mining) == 1 && work.tcount == 0--- 
INFO [01-30|22:16:28] ---atomic.LoadInt32(&self.mining) == 1 && work.tcount == 0--- 
INFO [01-30|22:16:31] ---atomic.LoadInt32(&self.mining) == 1 && work.tcount == 0--- 
INFO [01-30|22:16:34] ---atomic.LoadInt32(&self.mining) == 1 && work.tcount == 0--- 
INFO [01-30|22:16:37] ---atomic.LoadInt32(&self.mining) == 1 && work.tcount == 0--- 
INFO [01-30|22:16:40] ---atomic.LoadInt32(&self.mining) == 1 && work.tcount == 0--- 
INFO [01-30|22:16:43] ---atomic.LoadInt32(&self.mining) == 1 && work.tcount == 0--- 
INFO [01-30|22:16:46] ---atomic.LoadInt32(&self.mining) == 1 && work.tcount == 0--- 
INFO [01-30|22:16:49] ---atomic.LoadInt32(&self.mining) == 1 && work.tcount == 0--- 
INFO [01-30|22:16:52] ---atomic.LoadInt32(&self.mining) == 1 && work.tcount == 0--- 
INFO [01-30|22:16:55] ---atomic.LoadInt32(&self.mining) == 1 && work.tcount == 0--- 
INFO [01-30|22:16:58] ---atomic.LoadInt32(&self.mining) == 1 && work.tcount == 0--- 
INFO [01-30|22:17:01] ---atomic.LoadInt32(&self.mining) == 1 && work.tcount == 0--- 
INFO [01-30|22:17:04] ---atomic.LoadInt32(&self.mining) == 1 && work.tcount == 0--- 
INFO [01-30|22:17:07] ---atomic.LoadInt32(&self.mining) == 1 && work.tcount == 0--- 
INFO [01-30|22:17:10] ---atomic.LoadInt32(&self.mining) == 1 && work.tcount == 0--- 
INFO [01-30|22:17:13] ---atomic.LoadInt32(&self.mining) == 1 && work.tcount == 0--- 
INFO [01-30|22:17:16] ---atomic.LoadInt32(&self.mining) == 1 && work.tcount == 0--- 
INFO [01-30|22:17:19] ---atomic.LoadInt32(&self.mining) == 1 && work.tcount == 0--- 
INFO [01-30|22:17:22] ---atomic.LoadInt32(&self.mining) == 1 && work.tcount == 0--- 
INFO [01-30|22:17:25] ---atomic.LoadInt32(&self.mining) == 1 && work.tcount == 0--- 
INFO [01-30|22:17:28] ---atomic.LoadInt32(&self.mining) == 1 && work.tcount == 0--- 
INFO [01-30|22:17:31] ---atomic.LoadInt32(&self.mining) == 1 && work.tcount == 0--- 
INFO [01-30|22:17:34] ---atomic.LoadInt32(&self.mining) == 1 && work.tcount == 0--- 
INFO [01-30|22:17:37] ---atomic.LoadInt32(&self.mining) == 1 && work.tcount == 0--- 
INFO [01-30|22:17:40] ---atomic.LoadInt32(&self.mining) == 1 && work.tcount == 0--- 
INFO [01-30|22:17:43] ---atomic.LoadInt32(&self.mining) == 1 && work.tcount == 0--- 
INFO [01-30|22:17:46] ---atomic.LoadInt32(&self.mining) == 1 && work.tcount == 0--- 
INFO [01-30|22:17:49] ---atomic.LoadInt32(&self.mining) == 1 && work.tcount == 0--- 
INFO [01-30|22:17:52] ---atomic.LoadInt32(&self.mining) == 1 && work.tcount == 0--- 
INFO [01-30|22:17:55] ---atomic.LoadInt32(&self.mining) == 1 && work.tcount == 0--- 
INFO [01-30|22:17:58] ---atomic.LoadInt32(&self.mining) == 1 && work.tcount == 0--- 
INFO [01-30|22:18:01] ---atomic.LoadInt32(&self.mining) == 1 && work.tcount == 0--- 
INFO [01-30|22:18:04] ---atomic.LoadInt32(&self.mining) == 1 && work.tcount == 0--- 
INFO [01-30|22:18:07] ---atomic.LoadInt32(&self.mining) == 1 && work.tcount == 0--- 
INFO [01-30|22:18:10] ---atomic.LoadInt32(&self.mining) == 1 && work.tcount == 0--- 
INFO [01-30|22:18:13] ---atomic.LoadInt32(&self.mining) == 1 && work.tcount == 0--- 
INFO [01-30|22:18:16] ---atomic.LoadInt32(&self.mining) == 1 && work.tcount == 0--- 
INFO [01-30|22:18:19] ---atomic.LoadInt32(&self.mining) == 1 && work.tcount == 0--- 
INFO [01-30|22:18:22] ---atomic.LoadInt32(&self.mining) == 1 && work.tcount == 0--- 
INFO [01-30|22:18:25] ---atomic.LoadInt32(&self.mining) == 1 && work.tcount == 0--- 
INFO [01-30|22:18:28] ---atomic.LoadInt32(&self.mining) == 1 && work.tcount == 0--- 
INFO [01-30|22:18:31] ---atomic.LoadInt32(&self.mining) == 1 && work.tcount == 0--- 
INFO [01-30|22:18:34] ---atomic.LoadInt32(&self.mining) == 1 && work.tcount == 0--- 
INFO [01-30|22:18:37] ---atomic.LoadInt32(&self.mining) == 1 && work.tcount == 0--- 
INFO [01-30|22:18:40] ---atomic.LoadInt32(&self.mining) == 1 && work.tcount == 0--- 
INFO [01-30|22:18:43] ---atomic.LoadInt32(&self.mining) == 1 && work.tcount == 0--- 
INFO [01-30|22:18:46] ---atomic.LoadInt32(&self.mining) == 1 && work.tcount == 0--- 
INFO [01-30|22:18:49] ---atomic.LoadInt32(&self.mining) == 1 && work.tcount == 0--- 
INFO [01-30|22:18:52] ---atomic.LoadInt32(&self.mining) == 1 && work.tcount == 0--- 
INFO [01-30|22:18:55] ---atomic.LoadInt32(&self.mining) == 1 && work.tcount == 0--- 
INFO [01-30|22:18:58] ---atomic.LoadInt32(&self.mining) == 1 && work.tcount == 0--- 
INFO [01-30|22:19:01] ---atomic.LoadInt32(&self.mining) == 1 && work.tcount == 0--- 
INFO [01-30|22:19:04] ---atomic.LoadInt32(&self.mining) == 1 && work.tcount == 0--- 
INFO [01-30|22:19:07] ---atomic.LoadInt32(&self.mining) == 1 && work.tcount == 0--- 
INFO [01-30|22:19:10] ---atomic.LoadInt32(&self.mining) == 1 && work.tcount == 0--- 
INFO [01-30|22:19:13] ---atomic.LoadInt32(&self.mining) == 1 && work.tcount == 0--- 
INFO [01-30|22:19:16] ---atomic.LoadInt32(&self.mining) == 1 && work.tcount == 0--- 
INFO [01-30|22:19:19] ---atomic.LoadInt32(&self.mining) == 1 && work.tcount == 0--- 
INFO [01-30|22:19:22] ---atomic.LoadInt32(&self.mining) == 1 && work.tcount == 0--- 
INFO [01-30|22:19:25] ---atomic.LoadInt32(&self.mining) == 1 && work.tcount == 0--- 
INFO [01-30|22:19:28] ---atomic.LoadInt32(&self.mining) == 1 && work.tcount == 0--- 
INFO [01-30|22:19:31] ---atomic.LoadInt32(&self.mining) == 1 && work.tcount == 0--- 
INFO [01-30|22:19:34] ---atomic.LoadInt32(&self.mining) == 1 && work.tcount == 0--- 
INFO [01-30|22:19:37] ---atomic.LoadInt32(&self.mining) == 1 && work.tcount == 0--- 
INFO [01-30|22:19:40] ---atomic.LoadInt32(&self.mining) == 1 && work.tcount == 0--- 
INFO [01-30|22:19:43] ---atomic.LoadInt32(&self.mining) == 1 && work.tcount == 0--- 
INFO [01-30|22:19:46] ---atomic.LoadInt32(&self.mining) == 1 && work.tcount == 0--- 
INFO [01-30|22:19:49] ---atomic.LoadInt32(&self.mining) == 1 && work.tcount == 0--- 
INFO [01-30|22:19:53] ---atomic.LoadInt32(&self.mining) == 1 && work.tcount == 0--- 
INFO [01-30|22:19:56] ---atomic.LoadInt32(&self.mining) == 1 && work.tcount == 0--- 
INFO [01-30|22:19:59] ---atomic.LoadInt32(&self.mining) == 1 && work.tcount == 0--- 
INFO [01-30|22:20:02] ---atomic.LoadInt32(&self.mining) == 1 && work.tcount == 0--- 
INFO [01-30|22:20:05] ---atomic.LoadInt32(&self.mining) == 1 && work.tcount == 0--- 
INFO [01-30|22:20:08] ---atomic.LoadInt32(&self.mining) == 1 && work.tcount == 0--- 
INFO [01-30|22:20:11] ---atomic.LoadInt32(&self.mining) == 1 && work.tcount == 0--- 
INFO [01-30|22:20:14] ---atomic.LoadInt32(&self.mining) == 1 && work.tcount == 0--- 
INFO [01-30|22:20:17] ---atomic.LoadInt32(&self.mining) == 1 && work.tcount == 0--- 
INFO [01-30|22:20:20] ---atomic.LoadInt32(&self.mining) == 1 && work.tcount == 0--- 
INFO [01-30|22:20:23] ---atomic.LoadInt32(&self.mining) == 1 && work.tcount == 0--- 
INFO [01-30|22:20:26] ---atomic.LoadInt32(&self.mining) == 1 && work.tcount == 0--- 
INFO [01-30|22:20:29] ---atomic.LoadInt32(&self.mining) == 1 && work.tcount == 0--- 
INFO [01-30|22:20:32] ---atomic.LoadInt32(&self.mining) == 1 && work.tcount == 0--- 
INFO [01-30|22:20:35] ---atomic.LoadInt32(&self.mining) == 1 && work.tcount == 0--- 
INFO [01-30|22:20:38] ---atomic.LoadInt32(&self.mining) == 1 && work.tcount == 0--- 
INFO [01-30|22:20:41] ---atomic.LoadInt32(&self.mining) == 1 && work.tcount == 0--- 
INFO [01-30|22:20:44] ---atomic.LoadInt32(&self.mining) == 1 && work.tcount == 0--- 
INFO [01-30|22:20:47] ---atomic.LoadInt32(&self.mining) == 1 && work.tcount == 0--- 
INFO [01-30|22:20:50] ---atomic.LoadInt32(&self.mining) == 1 && work.tcount == 0--- 
INFO [01-30|22:20:53] ---atomic.LoadInt32(&self.mining) == 1 && work.tcount == 0--- 
INFO [01-30|22:20:56] ---atomic.LoadInt32(&self.mining) == 1 && work.tcount == 0--- 
INFO [01-30|22:20:59] ---atomic.LoadInt32(&self.mining) == 1 && work.tcount == 0--- 
INFO [01-30|22:21:02] ---atomic.LoadInt32(&self.mining) == 1 && work.tcount == 0--- 
INFO [01-30|22:21:05] ---atomic.LoadInt32(&self.mining) == 1 && work.tcount == 0--- 
INFO [01-30|22:21:08] ---atomic.LoadInt32(&self.mining) == 1 && work.tcount == 0--- 
INFO [01-30|22:21:11] ---atomic.LoadInt32(&self.mining) == 1 && work.tcount == 0--- 
INFO [01-30|22:21:14] ---atomic.LoadInt32(&self.mining) == 1 && work.tcount == 0--- 
INFO [01-30|22:21:17] ---atomic.LoadInt32(&self.mining) == 1 && work.tcount == 0--- 
INFO [01-30|22:21:20] ---atomic.LoadInt32(&self.mining) == 1 && work.tcount == 0--- 
INFO [01-30|22:21:23] ---atomic.LoadInt32(&self.mining) == 1 && work.tcount == 0--- 
INFO [01-30|22:21:26] ---atomic.LoadInt32(&self.mining) == 1 && work.tcount == 0--- 
INFO [01-30|22:21:29] ---atomic.LoadInt32(&self.mining) == 1 && work.tcount == 0--- 
INFO [01-30|22:21:32] ---atomic.LoadInt32(&self.mining) == 1 && work.tcount == 0--- 
INFO [01-30|22:21:35] ---atomic.LoadInt32(&self.mining) == 1 && work.tcount == 0--- 
INFO [01-30|22:21:38] ---atomic.LoadInt32(&self.mining) == 1 && work.tcount == 0--- 
INFO [01-30|22:21:41] ---atomic.LoadInt32(&self.mining) == 1 && work.tcount == 0--- 
INFO [01-30|22:21:44] ---atomic.LoadInt32(&self.mining) == 1 && work.tcount == 0--- 
INFO [01-30|22:21:47] ---atomic.LoadInt32(&self.mining) == 1 && work.tcount == 0--- 
INFO [01-30|22:21:50] ---atomic.LoadInt32(&self.mining) == 1 && work.tcount == 0--- 
INFO [01-30|22:21:53] ---atomic.LoadInt32(&self.mining) == 1 && work.tcount == 0--- 
INFO [01-30|22:21:56] ---atomic.LoadInt32(&self.mining) == 1 && work.tcount == 0--- 
INFO [01-30|22:21:59] ---atomic.LoadInt32(&self.mining) == 1 && work.tcount == 0--- 
INFO [01-30|22:22:02] ---atomic.LoadInt32(&self.mining) == 1 && work.tcount == 0--- 
INFO [01-30|22:22:05] ---atomic.LoadInt32(&self.mining) == 1 && work.tcount == 0--- 
INFO [01-30|22:22:08] ---atomic.LoadInt32(&self.mining) == 1 && work.tcount == 0--- 
INFO [01-30|22:22:11] ---atomic.LoadInt32(&self.mining) == 1 && work.tcount == 0--- 
INFO [01-30|22:22:14] ---atomic.LoadInt32(&self.mining) == 1 && work.tcount == 0--- 
INFO [01-30|22:22:17] ---atomic.LoadInt32(&self.mining) == 1 && work.tcount == 0--- 
INFO [01-30|22:22:20] ---atomic.LoadInt32(&self.mining) == 1 && work.tcount == 0--- 
INFO [01-30|22:22:23] ---atomic.LoadInt32(&self.mining) == 1 && work.tcount == 0--- 
INFO [01-30|22:22:26] ---atomic.LoadInt32(&self.mining) == 1 && work.tcount == 0--- 
INFO [01-30|22:22:29] ---atomic.LoadInt32(&self.mining) == 1 && work.tcount == 0--- 
INFO [01-30|22:22:32] ---atomic.LoadInt32(&self.mining) == 1 && work.tcount == 0--- 
INFO [01-30|22:22:35] ---atomic.LoadInt32(&self.mining) == 1 && work.tcount == 0--- 
INFO [01-30|22:22:38] ---atomic.LoadInt32(&self.mining) == 1 && work.tcount == 0--- 
INFO [01-30|22:22:41] ---atomic.LoadInt32(&self.mining) == 1 && work.tcount == 0--- 
INFO [01-30|22:22:44] ---atomic.LoadInt32(&self.mining) == 1 && work.tcount == 0--- 
INFO [01-30|22:22:47] ---atomic.LoadInt32(&self.mining) == 1 && work.tcount == 0--- 
INFO [01-30|22:22:50] ---atomic.LoadInt32(&self.mining) == 1 && work.tcount == 0--- 
INFO [01-30|22:22:53] ---atomic.LoadInt32(&self.mining) == 1 && work.tcount == 0--- 
INFO [01-30|22:22:56] ---atomic.LoadInt32(&self.mining) == 1 && work.tcount == 0--- 
./node1.sh: line 16: 65966 Terminated: 15          ../build/bin/geth --networkid 2234 --port 30303 --rpcport 8545 --datadir "data/node1" --nodiscover --rpc --rpccorsdomain "*" --rpcapi "eth,net,debug" --bft --allow-empty --num-validators 4 --node-num 0
