------start sendtx------
Start to send txs from: &{{0xc4200782d0 23476113281535953351900930764618305429792521479822273835086863042171487729346 67130230251745025647516072742483265735235920080571165561079024358105958355011} 54072919553395713727141044755086275258426215729265105602886953672360141977713} to [91 82 169 95 15 71 247 181 138 91 76 9 45 18 174 137 83 131 133 38]
finished list of txs creation, there are: 10000 txs
finished txs sending
Start to send txs from: &{{0xc4200782d0 90124820782770566490326238958675432633275184997173357482851586188747654535155 40710062493599778717220198338737468447436533305497161607465917331471839304126} 52319065652861969876958428371253966166054221763766859216623431556358745266192} to [200 209 188 147 98 23 229 13 114 176 107 157 252 109 0 6 232 65 77 34]
finished list of txs creation, there are: 10000 txs
finished txs sending
Start to send txs from: &{{0xc4200782d0 70418545375374275936237523053301072977473197888401068253522898991980523641539 42871386635758243466240402735890619035175267998438666387846944021711844295969} 31524016369415291375538292475083217970651746928645623968165979032194758534541} to [91 82 169 95 15 71 247 181 138 91 76 9 45 18 174 137 83 131 133 38]
finished list of txs creation, there are: 10000 txs
finished txs sending
Start to send txs from: &{{0xc4200782d0 27985515370589183015354937697217962790637284616483830517582953159260897097746 58804179250171367430306483720006301578586770323025792152286672348830283171984} 95912234400073292239904158130677225324458527850776074621415186211314078477174} to [200 209 188 147 98 23 229 13 114 176 107 157 252 109 0 6 232 65 77 34]
finished list of txs creation, there are: 10000 txs
finished txs sending
Test 0 nounce: 10000
Start to send txs from: &{{0xc4200782d0 23476113281535953351900930764618305429792521479822273835086863042171487729346 67130230251745025647516072742483265735235920080571165561079024358105958355011} 54072919553395713727141044755086275258426215729265105602886953672360141977713} to [91 82 169 95 15 71 247 181 138 91 76 9 45 18 174 137 83 131 133 38]
finished list of txs creation, there are: 10000 txs
finished txs sending
Start to send txs from: &{{0xc4200782d0 90124820782770566490326238958675432633275184997173357482851586188747654535155 40710062493599778717220198338737468447436533305497161607465917331471839304126} 52319065652861969876958428371253966166054221763766859216623431556358745266192} to [200 209 188 147 98 23 229 13 114 176 107 157 252 109 0 6 232 65 77 34]
finished list of txs creation, there are: 10000 txs
finished txs sending
Start to send txs from: &{{0xc4200782d0 70418545375374275936237523053301072977473197888401068253522898991980523641539 42871386635758243466240402735890619035175267998438666387846944021711844295969} 31524016369415291375538292475083217970651746928645623968165979032194758534541} to [91 82 169 95 15 71 247 181 138 91 76 9 45 18 174 137 83 131 133 38]
finished list of txs creation, there are: 10000 txs
finished txs sending
Start to send txs from: &{{0xc4200782d0 27985515370589183015354937697217962790637284616483830517582953159260897097746 58804179250171367430306483720006301578586770323025792152286672348830283171984} 95912234400073292239904158130677225324458527850776074621415186211314078477174} to [200 209 188 147 98 23 229 13 114 176 107 157 252 109 0 6 232 65 77 34]
finished list of txs creation, there are: 10000 txs
finished txs sending
Test 1 nounce: 20000
Start to send txs from: &{{0xc4200782d0 23476113281535953351900930764618305429792521479822273835086863042171487729346 67130230251745025647516072742483265735235920080571165561079024358105958355011} 54072919553395713727141044755086275258426215729265105602886953672360141977713} to [91 82 169 95 15 71 247 181 138 91 76 9 45 18 174 137 83 131 133 38]
finished list of txs creation, there are: 10000 txs
panic: EOF

goroutine 1 [running]:
main.sendTxs(0x4702be0, 0xc420860460, 0xc420e48000, 0x2710, 0x2710)
	/Users/jianweisu/Desktop/Ethereum/FastBFT_ethereum/examples/ethclient/main.go:177 +0x100
main.main()
	/Users/jianweisu/Desktop/Ethereum/FastBFT_ethereum/examples/ethclient/main.go:207 +0x29b
