INFO [12-20|00:28:37] Starting peer-to-peer node               instance=Geth/v1.6.7-unstable-8a69efc3/darwin-amd64/go1.9.7
INFO [12-20|00:28:37] Allocated cache and file handles         database=/Users/sujianwei20/FastBFT_ethereum/msigcode/examples/data/node3/geth/chaindata cache=128 handles=1024
WARN [12-20|00:28:37] Upgrading chain database to use sequential keys 
INFO [12-20|00:28:37] Database conversion successful 
INFO [12-20|00:28:37] Initialised chain configuration          config="{ChainID: 2235 Homestead: 1 DAO: <nil> DAOSupport: false EIP150: 2 EIP155: 3 EIP158: 3 Metropolis: <nil> Engine: ethash}"
INFO [12-20|00:28:37] config bft is                            bft=true
WARN [12-20|00:28:37] Upgrading db log bloom bins 
INFO [12-20|00:28:37] Bloom-bin upgrade completed              elapsed=296.043µs
INFO [12-20|00:28:37] Initialising Ethereum protocol           versions="[63 62]" network=2234
INFO [12-20|00:28:37] Loaded most recent local header          number=0 hash=f8849c…3fdcb3 td=1048576
INFO [12-20|00:28:37] Loaded most recent local full block      number=0 hash=f8849c…3fdcb3 td=1048576
INFO [12-20|00:28:37] Loaded most recent local fast block      number=0 hash=f8849c…3fdcb3 td=1048576
INFO [12-20|00:28:37] in NewTxPool, call resetState 
INFO [12-20|00:28:37] in NewTxPool, call pool.eventLoog() 
INFO [12-20|00:28:37] Allocated cache and file handles         database=/Users/sujianwei20/FastBFT_ethereum/msigcode/examples/data/node3/geth/bftData   cache=128 handles=1024
INFO [12-20|00:28:37] addVote to                               height=0 round=0 from=0xdceceaf3fc5c0a63d195d69b1a90011b7b19650d success=true cm.coinbase=0xdceceaf3fc5c0a63d195d69b1a90011b7b19650d
INFO [12-20|00:28:37] Starting P2P networking 
INFO [12-20|00:28:37] HTTP endpoint opened: http://127.0.0.1:8547 
ready: 1 need: 5.3333335
INFO [12-20|00:28:37] consensusManager not ready  
ready: 1 need: 5.3333335
INFO [12-20|00:28:37] RLPx listener up                         self="enode://94dd98401cf6ca0418580bb77ad0606a35ae8f442b22ab0f81011d8d2c78e70ff779c1d53d015640d79a13f0be99161ae3ff3adb60633ca03a7b542cbe116882@[::]:30305?discport=0"
INFO [12-20|00:28:37] ---In BFTvalidatorCommitBlock--- 
INFO [12-20|00:28:37] IPC endpoint opened: /Users/sujianwei20/FastBFT_ethereum/msigcode/examples/data/node3/geth.ipc 
INFO [12-20|00:28:38] Handle BFT Msg,                          msg="msg #8 (78 bytes)"
INFO [12-20|00:28:38] ------Received ReadMsg------ 
AddReady from: [125 87 122 89 123 39 66 180 152 203 92 240 194 108 220 215 38 211 158 110]
INFO [12-20|00:28:38] send Ready msg 
INFO [12-20|00:28:38] send Ready msg 
INFO [12-20|00:28:38] send Ready msg 
INFO [12-20|00:28:38] send Ready msg 
INFO [12-20|00:28:38] send Ready msg 
INFO [12-20|00:28:38] Handle BFT Msg,                          msg="msg #8 (78 bytes)"
INFO [12-20|00:28:38] ------Received ReadMsg------ 
AddReady from: [125 87 122 89 123 39 66 180 152 203 92 240 194 108 220 215 38 211 158 110]
INFO [12-20|00:28:38] Handle BFT Msg,                          msg="msg #8 (78 bytes)"
INFO [12-20|00:28:38] ------Received ReadMsg------ 
AddReady from: [125 87 122 89 123 39 66 180 152 203 92 240 194 108 220 215 38 211 158 110]
INFO [12-20|00:28:38] Handle BFT Msg,                          msg="msg #8 (78 bytes)"
INFO [12-20|00:28:38] ------Received ReadMsg------ 
AddReady from: [125 87 122 89 123 39 66 180 152 203 92 240 194 108 220 215 38 211 158 110]
INFO [12-20|00:28:38] Handle BFT Msg,                          msg="msg #8 (78 bytes)"
INFO [12-20|00:28:38] ------Received ReadMsg------ 
AddReady from: [125 87 122 89 123 39 66 180 152 203 92 240 194 108 220 215 38 211 158 110]
ready: 2 need: 5.3333335
INFO [12-20|00:28:38] consensusManager not ready  
ready: 2 need: 5.3333335
INFO [12-20|00:28:38] send Ready msg 
INFO [12-20|00:28:38] send Ready msg 
INFO [12-20|00:28:38] send Ready msg 
INFO [12-20|00:28:38] send Ready msg 
INFO [12-20|00:28:38] send Ready msg 
INFO [12-20|00:28:38] Handle BFT Msg,                          msg="msg #8 (78 bytes)"
INFO [12-20|00:28:38] ------Received ReadMsg------ 
AddReady from: [220 236 234 243 252 92 10 99 209 149 214 155 26 144 1 27 123 25 101 13]
INFO [12-20|00:28:38] Handle BFT Msg,                          msg="msg #8 (78 bytes)"
INFO [12-20|00:28:38] ------Received ReadMsg------ 
AddReady from: [220 236 234 243 252 92 10 99 209 149 214 155 26 144 1 27 123 25 101 13]
INFO [12-20|00:28:38] Handle BFT Msg,                          msg="msg #8 (78 bytes)"
INFO [12-20|00:28:38] ------Received ReadMsg------ 
AddReady from: [220 236 234 243 252 92 10 99 209 149 214 155 26 144 1 27 123 25 101 13]
INFO [12-20|00:28:38] Handle BFT Msg,                          msg="msg #8 (78 bytes)"
INFO [12-20|00:28:38] ------Received ReadMsg------ 
AddReady from: [220 236 234 243 252 92 10 99 209 149 214 155 26 144 1 27 123 25 101 13]
INFO [12-20|00:28:38] Handle BFT Msg,                          msg="msg #8 (78 bytes)"
INFO [12-20|00:28:38] ------Received ReadMsg------ 
AddReady from: [220 236 234 243 252 92 10 99 209 149 214 155 26 144 1 27 123 25 101 13]
INFO [12-20|00:28:38] Handle BFT Msg,                          msg="msg #8 (78 bytes)"
INFO [12-20|00:28:38] ------Received ReadMsg------ 
AddReady from: [130 169 120 179 245 150 42 91 9 87 217 238 158 239 71 46 229 91 66 241]
INFO [12-20|00:28:38] send Ready msg 
INFO [12-20|00:28:38] send Ready msg 
INFO [12-20|00:28:38] send Ready msg 
INFO [12-20|00:28:38] send Ready msg 
INFO [12-20|00:28:38] send Ready msg 
INFO [12-20|00:28:38] Handle BFT Msg,                          msg="msg #8 (78 bytes)"
INFO [12-20|00:28:38] ------Received ReadMsg------ 
AddReady from: [130 169 120 179 245 150 42 91 9 87 217 238 158 239 71 46 229 91 66 241]
INFO [12-20|00:28:38] Handle BFT Msg,                          msg="msg #8 (78 bytes)"
INFO [12-20|00:28:38] ------Received ReadMsg------ 
INFO [12-20|00:28:38] Handle BFT Msg,                          msg="msg #8 (78 bytes)"
INFO [12-20|00:28:38] ------Received ReadMsg------ 
AddReady from: [130 169 120 179 245 150 42 91 9 87 217 238 158 239 71 46 229 91 66 241]
INFO [12-20|00:28:38] Handle BFT Msg,                          msg="msg #8 (78 bytes)"
INFO [12-20|00:28:38] ------Received ReadMsg------ 
AddReady from: [130 169 120 179 245 150 42 91 9 87 217 238 158 239 71 46 229 91 66 241]
AddReady from: [130 169 120 179 245 150 42 91 9 87 217 238 158 239 71 46 229 91 66 241]
INFO [12-20|00:28:38] Handle BFT Msg,                          msg="msg #8 (78 bytes)"
INFO [12-20|00:28:38] ------Received ReadMsg------ 
AddReady from: [19 203 184 217 156 108 78 15 39 40 199 215 38 6 231 138 41 196 226 36]
INFO [12-20|00:28:38] send Ready msg 
INFO [12-20|00:28:38] send Ready msg 
INFO [12-20|00:28:38] send Ready msg 
INFO [12-20|00:28:38] send Ready msg 
INFO [12-20|00:28:38] send Ready msg 
INFO [12-20|00:28:38] Handle BFT Msg,                          msg="msg #8 (78 bytes)"
INFO [12-20|00:28:38] ------Received ReadMsg------ 
INFO [12-20|00:28:38] Handle BFT Msg,                          msg="msg #8 (78 bytes)"
INFO [12-20|00:28:38] ------Received ReadMsg------ 
AddReady from: [19 203 184 217 156 108 78 15 39 40 199 215 38 6 231 138 41 196 226 36]
INFO [12-20|00:28:38] Handle BFT Msg,                          msg="msg #8 (78 bytes)"
INFO [12-20|00:28:38] ------Received ReadMsg------ 
AddReady from: [19 203 184 217 156 108 78 15 39 40 199 215 38 6 231 138 41 196 226 36]
AddReady from: [19 203 184 217 156 108 78 15 39 40 199 215 38 6 231 138 41 196 226 36]
INFO [12-20|00:28:38] Handle BFT Msg,                          msg="msg #8 (78 bytes)"
INFO [12-20|00:28:38] ------Received ReadMsg------ 
AddReady from: [19 203 184 217 156 108 78 15 39 40 199 215 38 6 231 138 41 196 226 36]
INFO [12-20|00:28:38] Handle BFT Msg,                          msg="msg #8 (78 bytes)"
INFO [12-20|00:28:38] ------Received ReadMsg------ 
AddReady from: [89 132 67 241 136 14 245 133 178 31 29 117 133 189 5 119 64 40 97 229]
INFO [12-20|00:28:38] send Ready msg 
INFO [12-20|00:28:38] send Ready msg 
INFO [12-20|00:28:38] send Ready msg 
INFO [12-20|00:28:38] Handle BFT Msg,                          msg="msg #8 (78 bytes)"
INFO [12-20|00:28:38] ------Received ReadMsg------ 
INFO [12-20|00:28:38] Handle BFT Msg,                          msg="msg #8 (78 bytes)"
INFO [12-20|00:28:38] ------Received ReadMsg------ 
AddReady from: [89 132 67 241 136 14 245 133 178 31 29 117 133 189 5 119 64 40 97 229]
INFO [12-20|00:28:38] send Ready msg 
AddReady from: [89 132 67 241 136 14 245 133 178 31 29 117 133 189 5 119 64 40 97 229]
INFO [12-20|00:28:38] send Ready msg 
INFO [12-20|00:28:38] send Ready msg 
INFO [12-20|00:28:38] send Ready msg 
INFO [12-20|00:28:38] Handle BFT Msg,                          msg="msg #8 (78 bytes)"
INFO [12-20|00:28:38] ------Received ReadMsg------ 
INFO [12-20|00:28:38] send Ready msg 
INFO [12-20|00:28:38] Handle BFT Msg,                          msg="msg #8 (78 bytes)"
INFO [12-20|00:28:38] ------Received ReadMsg------ 
AddReady from: [89 132 67 241 136 14 245 133 178 31 29 117 133 189 5 119 64 40 97 229]
AddReady from: [89 132 67 241 136 14 245 133 178 31 29 117 133 189 5 119 64 40 97 229]
INFO [12-20|00:28:38] Handle BFT Msg,                          msg="msg #8 (78 bytes)"
INFO [12-20|00:28:38] ------Received ReadMsg------ 
AddReady from: [119 219 43 235 186 121 219 66 169 120 248 150 150 143 74 252 231 70 234 31]
INFO [12-20|00:28:38] send Ready msg 
INFO [12-20|00:28:38] send Ready msg 
INFO [12-20|00:28:38] send Ready msg 
INFO [12-20|00:28:38] send Ready msg 
INFO [12-20|00:28:38] send Ready msg 
INFO [12-20|00:28:38] Handle BFT Msg,                          msg="msg #8 (78 bytes)"
INFO [12-20|00:28:38] ------Received ReadMsg------ 
AddReady from: [119 219 43 235 186 121 219 66 169 120 248 150 150 143 74 252 231 70 234 31]
INFO [12-20|00:28:38] Handle BFT Msg,                          msg="msg #8 (78 bytes)"
INFO [12-20|00:28:38] ------Received ReadMsg------ 
INFO [12-20|00:28:38] Handle BFT Msg,                          msg="msg #8 (78 bytes)"
INFO [12-20|00:28:38] ------Received ReadMsg------ 
INFO [12-20|00:28:38] Handle BFT Msg,                          msg="msg #8 (78 bytes)"
INFO [12-20|00:28:38] ------Received ReadMsg------ 
AddReady from: [119 219 43 235 186 121 219 66 169 120 248 150 150 143 74 252 231 70 234 31]
AddReady from: [119 219 43 235 186 121 219 66 169 120 248 150 150 143 74 252 231 70 234 31]
AddReady from: [119 219 43 235 186 121 219 66 169 120 248 150 150 143 74 252 231 70 234 31]
INFO [12-20|00:28:38] Handle BFT Msg,                          msg="msg #8 (78 bytes)"
INFO [12-20|00:28:38] ------Received ReadMsg------ 
AddReady from: [125 87 122 89 123 39 66 180 152 203 92 240 194 108 220 215 38 211 158 110]
INFO [12-20|00:28:38] send Ready msg 
INFO [12-20|00:28:38] send Ready msg 
INFO [12-20|00:28:38] send Ready msg 
INFO [12-20|00:28:38] send Ready msg 
INFO [12-20|00:28:38] send Ready msg 
INFO [12-20|00:28:38] Handle BFT Msg,                          msg="msg #8 (78 bytes)"
INFO [12-20|00:28:38] ------Received ReadMsg------ 
INFO [12-20|00:28:38] Handle BFT Msg,                          msg="msg #8 (78 bytes)"
INFO [12-20|00:28:38] ------Received ReadMsg------ 
AddReady from: [125 87 122 89 123 39 66 180 152 203 92 240 194 108 220 215 38 211 158 110]
INFO [12-20|00:28:38] Handle BFT Msg,                          msg="msg #8 (78 bytes)"
INFO [12-20|00:28:38] ------Received ReadMsg------ 
AddReady from: [125 87 122 89 123 39 66 180 152 203 92 240 194 108 220 215 38 211 158 110]
INFO [12-20|00:28:38] Handle BFT Msg,                          msg="msg #8 (78 bytes)"
INFO [12-20|00:28:38] ------Received ReadMsg------ 
AddReady from: [125 87 122 89 123 39 66 180 152 203 92 240 194 108 220 215 38 211 158 110]
AddReady from: [125 87 122 89 123 39 66 180 152 203 92 240 194 108 220 215 38 211 158 110]
ready: 6 need: 5.3333335
ready: 6 need: 5.3333335
INFO [12-20|00:28:38] send Ready msg 
INFO [12-20|00:28:38] send Ready msg 
INFO [12-20|00:28:38] send Ready msg 
INFO [12-20|00:28:38] send Ready msg 
INFO [12-20|00:28:38] send Ready msg 
INFO [12-20|00:28:38] -----------------consensusManager Ready------------------------- 
INFO [12-20|00:28:38] Handle BFT Msg,                          msg="msg #8 (78 bytes)"
INFO [12-20|00:28:38] ------Received ReadMsg------ 
AddReady from: [220 236 234 243 252 92 10 99 209 149 214 155 26 144 1 27 123 25 101 13]
INFO [12-20|00:28:38] Handle BFT Msg,                          msg="msg #8 (78 bytes)"
INFO [12-20|00:28:38] ------Received ReadMsg------ 
INFO [12-20|00:28:38] Handle BFT Msg,                          msg="msg #8 (78 bytes)"
INFO [12-20|00:28:38] ------Received ReadMsg------ 
AddReady from: [220 236 234 243 252 92 10 99 209 149 214 155 26 144 1 27 123 25 101 13]
AddReady from: [220 236 234 243 252 92 10 99 209 149 214 155 26 144 1 27 123 25 101 13]
INFO [12-20|00:28:38] Handle BFT Msg,                          msg="msg #8 (78 bytes)"
INFO [12-20|00:28:38] ------Received ReadMsg------ 
INFO [12-20|00:28:38] Handle BFT Msg,                          msg="msg #8 (78 bytes)"
INFO [12-20|00:28:38] ------Received ReadMsg------ 
AddReady from: [220 236 234 243 252 92 10 99 209 149 214 155 26 144 1 27 123 25 101 13]
AddReady from: [220 236 234 243 252 92 10 99 209 149 214 155 26 144 1 27 123 25 101 13]
INFO [12-20|00:28:38] Handle BFT Msg,                          msg="msg #8 (78 bytes)"
INFO [12-20|00:28:38] ------Received ReadMsg------ 
AddReady from: [130 169 120 179 245 150 42 91 9 87 217 238 158 239 71 46 229 91 66 241]
INFO [12-20|00:28:38] send Ready msg 
INFO [12-20|00:28:38] send Ready msg 
INFO [12-20|00:28:38] send Ready msg 
INFO [12-20|00:28:38] send Ready msg 
INFO [12-20|00:28:38] send Ready msg 
INFO [12-20|00:28:38] Handle BFT Msg,                          msg="msg #8 (78 bytes)"
INFO [12-20|00:28:38] ------Received ReadMsg------ 
AddReady from: [130 169 120 179 245 150 42 91 9 87 217 238 158 239 71 46 229 91 66 241]
INFO [12-20|00:28:38] Handle BFT Msg,                          msg="msg #8 (78 bytes)"
INFO [12-20|00:28:38] ------Received ReadMsg------ 
INFO [12-20|00:28:38] Handle BFT Msg,                          msg="msg #8 (78 bytes)"
INFO [12-20|00:28:38] ------Received ReadMsg------ 
AddReady from: [130 169 120 179 245 150 42 91 9 87 217 238 158 239 71 46 229 91 66 241]
INFO [12-20|00:28:38] Handle BFT Msg,                          msg="msg #8 (78 bytes)"
INFO [12-20|00:28:38] ------Received ReadMsg------ 
AddReady from: [130 169 120 179 245 150 42 91 9 87 217 238 158 239 71 46 229 91 66 241]
AddReady from: [130 169 120 179 245 150 42 91 9 87 217 238 158 239 71 46 229 91 66 241]
INFO [12-20|00:28:38] Handle BFT Msg,                          msg="msg #8 (78 bytes)"
INFO [12-20|00:28:38] ------Received ReadMsg------ 
AddReady from: [19 203 184 217 156 108 78 15 39 40 199 215 38 6 231 138 41 196 226 36]
INFO [12-20|00:28:38] send Ready msg 
INFO [12-20|00:28:38] send Ready msg 
INFO [12-20|00:28:38] send Ready msg 
INFO [12-20|00:28:38] send Ready msg 
INFO [12-20|00:28:38] send Ready msg 
INFO [12-20|00:28:38] Handle BFT Msg,                          msg="msg #8 (78 bytes)"
INFO [12-20|00:28:38] ------Received ReadMsg------ 
AddReady from: [19 203 184 217 156 108 78 15 39 40 199 215 38 6 231 138 41 196 226 36]
INFO [12-20|00:28:38] Handle BFT Msg,                          msg="msg #8 (78 bytes)"
INFO [12-20|00:28:38] ------Received ReadMsg------ 
AddReady from: [19 203 184 217 156 108 78 15 39 40 199 215 38 6 231 138 41 196 226 36]
INFO [12-20|00:28:38] Handle BFT Msg,                          msg="msg #8 (78 bytes)"
INFO [12-20|00:28:38] ------Received ReadMsg------ 
AddReady from: [19 203 184 217 156 108 78 15 39 40 199 215 38 6 231 138 41 196 226 36]
INFO [12-20|00:28:38] Handle BFT Msg,                          msg="msg #8 (78 bytes)"
INFO [12-20|00:28:38] ------Received ReadMsg------ 
AddReady from: [19 203 184 217 156 108 78 15 39 40 199 215 38 6 231 138 41 196 226 36]
INFO [12-20|00:28:38] Handle BFT Msg,                          msg="msg #8 (78 bytes)"
INFO [12-20|00:28:38] ------Received ReadMsg------ 
AddReady from: [89 132 67 241 136 14 245 133 178 31 29 117 133 189 5 119 64 40 97 229]
INFO [12-20|00:28:38] send Ready msg 
INFO [12-20|00:28:38] send Ready msg 
INFO [12-20|00:28:38] send Ready msg 
INFO [12-20|00:28:38] send Ready msg 
INFO [12-20|00:28:38] send Ready msg 
INFO [12-20|00:28:38] Handle BFT Msg,                          msg="msg #8 (78 bytes)"
INFO [12-20|00:28:38] ------Received ReadMsg------ 
INFO [12-20|00:28:38] Handle BFT Msg,                          msg="msg #8 (78 bytes)"
INFO [12-20|00:28:38] ------Received ReadMsg------ 
AddReady from: [89 132 67 241 136 14 245 133 178 31 29 117 133 189 5 119 64 40 97 229]
INFO [12-20|00:28:38] Handle BFT Msg,                          msg="msg #8 (78 bytes)"
INFO [12-20|00:28:38] ------Received ReadMsg------ 
AddReady from: [89 132 67 241 136 14 245 133 178 31 29 117 133 189 5 119 64 40 97 229]
INFO [12-20|00:28:38] Handle BFT Msg,                          msg="msg #8 (78 bytes)"
INFO [12-20|00:28:38] ------Received ReadMsg------ 
AddReady from: [89 132 67 241 136 14 245 133 178 31 29 117 133 189 5 119 64 40 97 229]
INFO [12-20|00:28:38] Handle BFT Msg,                          msg="msg #8 (78 bytes)"
INFO [12-20|00:28:38] ------Received ReadMsg------ 
AddReady from: [89 132 67 241 136 14 245 133 178 31 29 117 133 189 5 119 64 40 97 229]
AddReady from: [89 132 67 241 136 14 245 133 178 31 29 117 133 189 5 119 64 40 97 229]
INFO [12-20|00:29:01] Transaction pool price threshold updated price=18000000000
INFO [12-20|00:29:01] Starting mining operation 
INFO [12-20|00:29:01] ---atomic.LoadInt32(&self.mining) == 1 && work.tcount == 0--- 
INFO [12-20|00:29:04] ---atomic.LoadInt32(&self.mining) == 1 && work.tcount == 0--- 
INFO [12-20|00:29:04] Handle BFT Msg,                          msg="msg #11 (43545 bytes)"
INFO [12-20|00:29:04] -------Received NewBlockProposalMsg------- 
bpHR: H: 1 R: 0
cmHR: H: 1 R: 0
INFO [12-20|00:29:04] --------------------------------------- 
INFO [12-20|00:29:04] ------------------this is sendMsig ------------------------- 
INFO [12-20|00:29:04] In IsValid() 
len(lockset.Votes): 0 lockset.EligibleVotesNum: 0
INFO [12-20|00:29:04] cm add BlockProposal                     h=1 r=0
INFO [12-20|00:29:04] in HasQuorum 
INFO [12-20|00:29:04] In IsValid() 
len(lockset.Votes): 1 lockset.EligibleVotesNum: 0
INFO [12-20|00:29:04] In addBlockCandidates!! 
INFO [12-20|00:29:04] -------in handle NewBlockProposalMsg, success!------- 
INFO [12-20|00:29:04] Handle BFT Msg,                          msg="msg #17 (107 bytes)"
INFO [12-20|00:29:04] ------Received VoteMsg------ 
voteHR: H: 1 R: 0 voteType:: 1 voteHash: [161 142 217 190 41 120 141 113 132 144 177 182 55 6 197 173 239 26 107 156 61 61 2 39 0 183 145 106 216 198 198 90]
cmHR: H: 1 R: 0
INFO [12-20|00:29:04] --------------------------------------- 
INFO [12-20|00:29:04] addVote to                               height=1 round=0 from=0x82a978b3f5962a5b0957d9ee9eef472ee55b42f1 success=true cm.coinbase=0xdceceaf3fc5c0a63d195d69b1a90011b7b19650d
INFO [12-20|00:29:04] ------in handle VoteMsg, success!------ 
INFO [12-20|00:29:07] Handle BFT Msg,                          msg="msg #17 (107 bytes)"
INFO [12-20|00:29:07] ------Received VoteMsg------ 
voteHR: H: 1 R: 0 voteType:: 2 voteHash: [0 0 0 0 0 0 0 0 0 0 0 0 0 0 0 0 0 0 0 0 0 0 0 0 0 0 0 0 0 0 0 0]
cmHR: H: 1 R: 0
INFO [12-20|00:29:07] --------------------------------------- 
INFO [12-20|00:29:07] addVote to                               height=1 round=0 from=0x7d577a597b2742b498cb5cf0c26cdcd726d39e6e success=true cm.coinbase=0xdceceaf3fc5c0a63d195d69b1a90011b7b19650d
INFO [12-20|00:29:07] ------in handle VoteMsg, success!------ 
INFO [12-20|00:29:07] ---atomic.LoadInt32(&self.mining) == 1 && work.tcount == 0--- 
INFO [12-20|00:29:10] ---atomic.LoadInt32(&self.mining) == 1 && work.tcount == 0--- 
INFO [12-20|00:29:11] Handle BFT Msg,                          msg="msg #17 (107 bytes)"
INFO [12-20|00:29:11] ------Received VoteMsg------ 
voteHR: H: 1 R: 1 voteType:: 1 voteHash: [161 142 217 190 41 120 141 113 132 144 177 182 55 6 197 173 239 26 107 156 61 61 2 39 0 183 145 106 216 198 198 90]
cmHR: H: 1 R: 0
INFO [12-20|00:29:11] --------------------------------------- 
INFO [12-20|00:29:11] addVote to                               height=1 round=1 from=0x82a978b3f5962a5b0957d9ee9eef472ee55b42f1 success=true cm.coinbase=0xdceceaf3fc5c0a63d195d69b1a90011b7b19650d
INFO [12-20|00:29:11] ------in handle VoteMsg, success!------ 
INFO [12-20|00:29:13] Handle BFT Msg,                          msg="msg #17 (107 bytes)"
INFO [12-20|00:29:13] ------Received VoteMsg------ 
voteHR: H: 1 R: 1 voteType:: 2 voteHash: [0 0 0 0 0 0 0 0 0 0 0 0 0 0 0 0 0 0 0 0 0 0 0 0 0 0 0 0 0 0 0 0]
cmHR: H: 1 R: 0
INFO [12-20|00:29:13] --------------------------------------- 
INFO [12-20|00:29:13] addVote to                               height=1 round=1 from=0x7d577a597b2742b498cb5cf0c26cdcd726d39e6e success=true cm.coinbase=0xdceceaf3fc5c0a63d195d69b1a90011b7b19650d
INFO [12-20|00:29:13] ------in handle VoteMsg, success!------ 
INFO [12-20|00:29:13] ---atomic.LoadInt32(&self.mining) == 1 && work.tcount == 0--- 
INFO [12-20|00:29:17] Commit new mining work                   number=1 txs=999 uncles=0 elapsed=958.552ms
INFO [12-20|00:29:17] Sealing                                  block n=1
StartConsensus, 1545236957281588000
INFO [12-20|00:29:17] Start Process 
INFO [12-20|00:29:17] in cm.Process, check lastCommittingLockset() 
INFO [12-20|00:29:17] In IsValid() 
len(lockset.Votes): 2 lockset.EligibleVotesNum: 0
INFO [12-20|00:29:17] in HasQuorum 
INFO [12-20|00:29:17] In IsValid() 
len(lockset.Votes): 2 lockset.EligibleVotesNum: 0
=====CM.COINBASE IS:===== [220 236 234 243 252 92 10 99 209 149 214 155 26 144 1 27 123 25 101 13] block number is: 1
INFO [12-20|00:29:17] case: default, cm.process 
ready: 6 need: 5.3333335
INFO [12-20|00:29:17] ---------------process------------------ 
INFO [12-20|00:29:17] In RM Process                            height=1 round=0
INFO [12-20|00:29:17] --------In rm.propose------- 
len(cc.validators)= 8
chosen= 1
INFO [12-20|00:29:17] ---------------in rm.vote----------------- 
INFO [12-20|00:29:17] in vote in RM                            height=1 round=0
INFO [12-20|00:29:17] vote mp 
INFO [12-20|00:29:17] vote success in                          height=1 round=0
INFO [12-20|00:29:17] Send VoteMsg 
INFO [12-20|00:29:17] in rm.process, check lockset HasQuorum 
INFO [12-20|00:29:17] in HasQuorum 
INFO [12-20|00:29:17] In IsValid() 
len(lockset.Votes): 3 lockset.EligibleVotesNum: 8
INFO [12-20|00:29:17] rm lockset is not valid yet 
INFO [12-20|00:29:17] after cm.process() 
INFO [12-20|00:29:17] case: default, cm.process 
ready: 6 need: 5.3333335
INFO [12-20|00:29:17] ---------------process------------------ 
INFO [12-20|00:29:17] In RM Process                            height=1 round=0
INFO [12-20|00:29:17] --------In rm.propose------- 
len(cc.validators)= 8
chosen= 1
INFO [12-20|00:29:17] ---------------in rm.vote----------------- 
INFO [12-20|00:29:17] voted 
INFO [12-20|00:29:17] in rm.process, check lockset HasQuorum 
INFO [12-20|00:29:17] in HasQuorum 
INFO [12-20|00:29:17] In IsValid() 
len(lockset.Votes): 3 lockset.EligibleVotesNum: 8
INFO [12-20|00:29:17] rm lockset is not valid yet 
INFO [12-20|00:29:17] after cm.process() 
INFO [12-20|00:29:17] case: default, cm.process 
ready: 6 need: 5.3333335
INFO [12-20|00:29:17] ---------------process------------------ 
INFO [12-20|00:29:17] In RM Process                            height=1 round=0
INFO [12-20|00:29:17] --------In rm.propose------- 
len(cc.validators)= 8
chosen= 1
INFO [12-20|00:29:17] ---------------in rm.vote----------------- 
INFO [12-20|00:29:17] voted 
INFO [12-20|00:29:17] in rm.process, check lockset HasQuorum 
INFO [12-20|00:29:17] in HasQuorum 
INFO [12-20|00:29:17] In IsValid() 
len(lockset.Votes): 3 lockset.EligibleVotesNum: 8
INFO [12-20|00:29:17] rm lockset is not valid yet 
INFO [12-20|00:29:17] after cm.process() 
INFO [12-20|00:29:17] case: default, cm.process 
ready: 6 need: 5.3333335
INFO [12-20|00:29:17] ---------------process------------------ 
INFO [12-20|00:29:17] In RM Process                            height=1 round=0
INFO [12-20|00:29:17] --------In rm.propose------- 
len(cc.validators)= 8
chosen= 1
INFO [12-20|00:29:17] ---------------in rm.vote----------------- 
INFO [12-20|00:29:17] voted 
INFO [12-20|00:29:17] in rm.process, check lockset HasQuorum 
INFO [12-20|00:29:17] in HasQuorum 
INFO [12-20|00:29:17] In IsValid() 
len(lockset.Votes): 3 lockset.EligibleVotesNum: 8
INFO [12-20|00:29:17] rm lockset is not valid yet 
INFO [12-20|00:29:17] after cm.process() 
INFO [12-20|00:29:17] case: default, cm.process 
ready: 6 need: 5.3333335
INFO [12-20|00:29:17] ---------------process------------------ 
INFO [12-20|00:29:17] In RM Process                            height=1 round=0
INFO [12-20|00:29:17] --------In rm.propose------- 
len(cc.validators)= 8
chosen= 1
INFO [12-20|00:29:17] ---------------in rm.vote----------------- 
INFO [12-20|00:29:17] voted 
INFO [12-20|00:29:17] in rm.process, check lockset HasQuorum 
INFO [12-20|00:29:17] in HasQuorum 
INFO [12-20|00:29:17] In IsValid() 
len(lockset.Votes): 3 lockset.EligibleVotesNum: 8
INFO [12-20|00:29:17] rm lockset is not valid yet 
INFO [12-20|00:29:17] after cm.process() 
INFO [12-20|00:29:17] case: default, cm.process 
ready: 6 need: 5.3333335
INFO [12-20|00:29:17] ---------------process------------------ 
INFO [12-20|00:29:17] In RM Process                            height=1 round=0
INFO [12-20|00:29:17] --------In rm.propose------- 
len(cc.validators)= 8
chosen= 1
INFO [12-20|00:29:17] ---------------in rm.vote----------------- 
INFO [12-20|00:29:17] voted 
INFO [12-20|00:29:17] in rm.process, check lockset HasQuorum 
INFO [12-20|00:29:17] in HasQuorum 
INFO [12-20|00:29:17] In IsValid() 
len(lockset.Votes): 3 lockset.EligibleVotesNum: 8
INFO [12-20|00:29:17] rm lockset is not valid yet 
INFO [12-20|00:29:17] after cm.process() 
INFO [12-20|00:29:17] case: default, cm.process 
ready: 6 need: 5.3333335
INFO [12-20|00:29:17] ---------------process------------------ 
INFO [12-20|00:29:17] In RM Process                            height=1 round=0
INFO [12-20|00:29:17] --------In rm.propose------- 
len(cc.validators)= 8
chosen= 1
INFO [12-20|00:29:17] ---------------in rm.vote----------------- 
INFO [12-20|00:29:17] voted 
INFO [12-20|00:29:17] in rm.process, check lockset HasQuorum 
INFO [12-20|00:29:17] in HasQuorum 
INFO [12-20|00:29:17] In IsValid() 
len(lockset.Votes): 3 lockset.EligibleVotesNum: 8
INFO [12-20|00:29:17] rm lockset is not valid yet 
INFO [12-20|00:29:17] after cm.process() 
INFO [12-20|00:29:18] case: default, cm.process 
ready: 6 need: 5.3333335
INFO [12-20|00:29:18] ---------------process------------------ 
INFO [12-20|00:29:18] In RM Process                            height=1 round=0
INFO [12-20|00:29:18] --------In rm.propose------- 
len(cc.validators)= 8
chosen= 1
INFO [12-20|00:29:18] ---------------in rm.vote----------------- 
INFO [12-20|00:29:18] voted 
INFO [12-20|00:29:18] in rm.process, check lockset HasQuorum 
INFO [12-20|00:29:18] in HasQuorum 
INFO [12-20|00:29:18] In IsValid() 
len(lockset.Votes): 3 lockset.EligibleVotesNum: 8
INFO [12-20|00:29:18] rm lockset is not valid yet 
INFO [12-20|00:29:18] after cm.process() 
INFO [12-20|00:29:18] case: default, cm.process 
ready: 6 need: 5.3333335
INFO [12-20|00:29:18] ---------------process------------------ 
INFO [12-20|00:29:18] In RM Process                            height=1 round=0
INFO [12-20|00:29:18] --------In rm.propose------- 
len(cc.validators)= 8
chosen= 1
INFO [12-20|00:29:18] ---------------in rm.vote----------------- 
INFO [12-20|00:29:18] voted 
INFO [12-20|00:29:18] in rm.process, check lockset HasQuorum 
INFO [12-20|00:29:18] in HasQuorum 
INFO [12-20|00:29:18] In IsValid() 
len(lockset.Votes): 3 lockset.EligibleVotesNum: 8
INFO [12-20|00:29:18] rm lockset is not valid yet 
INFO [12-20|00:29:18] after cm.process() 
INFO [12-20|00:29:18] case: default, cm.process 
ready: 6 need: 5.3333335
INFO [12-20|00:29:18] ---------------process------------------ 
INFO [12-20|00:29:18] In RM Process                            height=1 round=0
INFO [12-20|00:29:18] --------In rm.propose------- 
len(cc.validators)= 8
chosen= 1
INFO [12-20|00:29:18] ---------------in rm.vote----------------- 
INFO [12-20|00:29:18] voted 
INFO [12-20|00:29:18] in rm.process, check lockset HasQuorum 
INFO [12-20|00:29:18] in HasQuorum 
INFO [12-20|00:29:18] In IsValid() 
len(lockset.Votes): 3 lockset.EligibleVotesNum: 8
INFO [12-20|00:29:18] rm lockset is not valid yet 
INFO [12-20|00:29:18] after cm.process() 
INFO [12-20|00:29:18] case: default, cm.process 
ready: 6 need: 5.3333335
INFO [12-20|00:29:18] ---------------process------------------ 
INFO [12-20|00:29:18] In RM Process                            height=1 round=0
INFO [12-20|00:29:18] --------In rm.propose------- 
len(cc.validators)= 8
chosen= 1
INFO [12-20|00:29:18] ---------------in rm.vote----------------- 
INFO [12-20|00:29:18] voted 
INFO [12-20|00:29:18] in rm.process, check lockset HasQuorum 
INFO [12-20|00:29:18] in HasQuorum 
INFO [12-20|00:29:18] In IsValid() 
len(lockset.Votes): 3 lockset.EligibleVotesNum: 8
INFO [12-20|00:29:18] rm lockset is not valid yet 
INFO [12-20|00:29:18] after cm.process() 
INFO [12-20|00:29:18] case: default, cm.process 
ready: 6 need: 5.3333335
INFO [12-20|00:29:18] ---------------process------------------ 
INFO [12-20|00:29:18] In RM Process                            height=1 round=0
INFO [12-20|00:29:18] --------In rm.propose------- 
len(cc.validators)= 8
chosen= 1
INFO [12-20|00:29:18] ---------------in rm.vote----------------- 
INFO [12-20|00:29:18] voted 
INFO [12-20|00:29:18] in rm.process, check lockset HasQuorum 
INFO [12-20|00:29:18] in HasQuorum 
INFO [12-20|00:29:18] In IsValid() 
len(lockset.Votes): 3 lockset.EligibleVotesNum: 8
INFO [12-20|00:29:18] rm lockset is not valid yet 
INFO [12-20|00:29:18] after cm.process() 
INFO [12-20|00:29:18] case: default, cm.process 
ready: 6 need: 5.3333335
INFO [12-20|00:29:18] ---------------process------------------ 
INFO [12-20|00:29:18] In RM Process                            height=1 round=0
INFO [12-20|00:29:18] --------In rm.propose------- 
len(cc.validators)= 8
chosen= 1
INFO [12-20|00:29:18] ---------------in rm.vote----------------- 
INFO [12-20|00:29:18] voted 
INFO [12-20|00:29:18] in rm.process, check lockset HasQuorum 
INFO [12-20|00:29:18] in HasQuorum 
INFO [12-20|00:29:18] In IsValid() 
len(lockset.Votes): 3 lockset.EligibleVotesNum: 8
INFO [12-20|00:29:18] rm lockset is not valid yet 
INFO [12-20|00:29:18] after cm.process() 
INFO [12-20|00:29:18] case: default, cm.process 
ready: 6 need: 5.3333335
INFO [12-20|00:29:18] ---------------process------------------ 
INFO [12-20|00:29:18] In RM Process                            height=1 round=0
INFO [12-20|00:29:18] --------In rm.propose------- 
len(cc.validators)= 8
chosen= 1
INFO [12-20|00:29:18] ---------------in rm.vote----------------- 
INFO [12-20|00:29:18] voted 
INFO [12-20|00:29:18] in rm.process, check lockset HasQuorum 
INFO [12-20|00:29:18] in HasQuorum 
INFO [12-20|00:29:18] In IsValid() 
len(lockset.Votes): 3 lockset.EligibleVotesNum: 8
INFO [12-20|00:29:18] rm lockset is not valid yet 
INFO [12-20|00:29:18] after cm.process() 
INFO [12-20|00:29:18] case: default, cm.process 
ready: 6 need: 5.3333335
INFO [12-20|00:29:18] ---------------process------------------ 
INFO [12-20|00:29:18] In RM Process                            height=1 round=0
INFO [12-20|00:29:18] --------In rm.propose------- 
len(cc.validators)= 8
chosen= 1
INFO [12-20|00:29:18] ---------------in rm.vote----------------- 
INFO [12-20|00:29:18] voted 
INFO [12-20|00:29:18] in rm.process, check lockset HasQuorum 
INFO [12-20|00:29:18] in HasQuorum 
INFO [12-20|00:29:18] In IsValid() 
len(lockset.Votes): 3 lockset.EligibleVotesNum: 8
INFO [12-20|00:29:18] rm lockset is not valid yet 
INFO [12-20|00:29:18] after cm.process() 
INFO [12-20|00:29:18] case: default, cm.process 
ready: 6 need: 5.3333335
INFO [12-20|00:29:18] ---------------process------------------ 
INFO [12-20|00:29:18] In RM Process                            height=1 round=0
INFO [12-20|00:29:18] --------In rm.propose------- 
len(cc.validators)= 8
chosen= 1
INFO [12-20|00:29:18] ---------------in rm.vote----------------- 
INFO [12-20|00:29:18] voted 
INFO [12-20|00:29:18] in rm.process, check lockset HasQuorum 
INFO [12-20|00:29:18] in HasQuorum 
INFO [12-20|00:29:18] In IsValid() 
len(lockset.Votes): 3 lockset.EligibleVotesNum: 8
INFO [12-20|00:29:18] rm lockset is not valid yet 
INFO [12-20|00:29:18] after cm.process() 
INFO [12-20|00:29:18] case: default, cm.process 
ready: 6 need: 5.3333335
INFO [12-20|00:29:18] ---------------process------------------ 
INFO [12-20|00:29:18] In RM Process                            height=1 round=0
INFO [12-20|00:29:18] --------In rm.propose------- 
len(cc.validators)= 8
chosen= 1
INFO [12-20|00:29:18] ---------------in rm.vote----------------- 
INFO [12-20|00:29:18] voted 
INFO [12-20|00:29:18] in rm.process, check lockset HasQuorum 
INFO [12-20|00:29:18] in HasQuorum 
INFO [12-20|00:29:18] In IsValid() 
len(lockset.Votes): 3 lockset.EligibleVotesNum: 8
INFO [12-20|00:29:18] rm lockset is not valid yet 
INFO [12-20|00:29:18] after cm.process() 
INFO [12-20|00:29:19] case: default, cm.process 
ready: 6 need: 5.3333335
INFO [12-20|00:29:19] ---------------process------------------ 
INFO [12-20|00:29:19] In RM Process                            height=1 round=0
INFO [12-20|00:29:19] --------In rm.propose------- 
len(cc.validators)= 8
chosen= 1
INFO [12-20|00:29:19] ---------------in rm.vote----------------- 
INFO [12-20|00:29:19] voted 
INFO [12-20|00:29:19] in rm.process, check lockset HasQuorum 
INFO [12-20|00:29:19] in HasQuorum 
INFO [12-20|00:29:19] In IsValid() 
len(lockset.Votes): 3 lockset.EligibleVotesNum: 8
INFO [12-20|00:29:19] rm lockset is not valid yet 
INFO [12-20|00:29:19] after cm.process() 
INFO [12-20|00:29:19] case: default, cm.process 
ready: 6 need: 5.3333335
INFO [12-20|00:29:19] ---------------process------------------ 
INFO [12-20|00:29:19] In RM Process                            height=1 round=0
INFO [12-20|00:29:19] --------In rm.propose------- 
len(cc.validators)= 8
chosen= 1
INFO [12-20|00:29:19] ---------------in rm.vote----------------- 
INFO [12-20|00:29:19] voted 
INFO [12-20|00:29:19] in rm.process, check lockset HasQuorum 
INFO [12-20|00:29:19] in HasQuorum 
INFO [12-20|00:29:19] In IsValid() 
len(lockset.Votes): 3 lockset.EligibleVotesNum: 8
INFO [12-20|00:29:19] rm lockset is not valid yet 
INFO [12-20|00:29:19] after cm.process() 
INFO [12-20|00:29:19] case: default, cm.process 
ready: 6 need: 5.3333335
INFO [12-20|00:29:19] ---------------process------------------ 
INFO [12-20|00:29:19] In RM Process                            height=1 round=0
INFO [12-20|00:29:19] --------In rm.propose------- 
len(cc.validators)= 8
chosen= 1
INFO [12-20|00:29:19] ---------------in rm.vote----------------- 
INFO [12-20|00:29:19] voted 
INFO [12-20|00:29:19] in rm.process, check lockset HasQuorum 
INFO [12-20|00:29:19] in HasQuorum 
INFO [12-20|00:29:19] In IsValid() 
len(lockset.Votes): 3 lockset.EligibleVotesNum: 8
INFO [12-20|00:29:19] rm lockset is not valid yet 
INFO [12-20|00:29:19] after cm.process() 
INFO [12-20|00:29:19] case: default, cm.process 
ready: 6 need: 5.3333335
INFO [12-20|00:29:19] ---------------process------------------ 
INFO [12-20|00:29:19] In RM Process                            height=1 round=0
INFO [12-20|00:29:19] --------In rm.propose------- 
len(cc.validators)= 8
chosen= 1
INFO [12-20|00:29:19] ---------------in rm.vote----------------- 
INFO [12-20|00:29:19] voted 
INFO [12-20|00:29:19] in rm.process, check lockset HasQuorum 
INFO [12-20|00:29:19] in HasQuorum 
INFO [12-20|00:29:19] In IsValid() 
len(lockset.Votes): 3 lockset.EligibleVotesNum: 8
INFO [12-20|00:29:19] rm lockset is not valid yet 
INFO [12-20|00:29:19] after cm.process() 
INFO [12-20|00:29:19] case: default, cm.process 
ready: 6 need: 5.3333335
INFO [12-20|00:29:19] ---------------process------------------ 
INFO [12-20|00:29:19] In RM Process                            height=1 round=0
INFO [12-20|00:29:19] --------In rm.propose------- 
len(cc.validators)= 8
chosen= 1
INFO [12-20|00:29:19] ---------------in rm.vote----------------- 
INFO [12-20|00:29:19] voted 
INFO [12-20|00:29:19] in rm.process, check lockset HasQuorum 
INFO [12-20|00:29:19] in HasQuorum 
INFO [12-20|00:29:19] In IsValid() 
len(lockset.Votes): 3 lockset.EligibleVotesNum: 8
INFO [12-20|00:29:19] rm lockset is not valid yet 
INFO [12-20|00:29:19] after cm.process() 
INFO [12-20|00:29:19] case: default, cm.process 
ready: 6 need: 5.3333335
INFO [12-20|00:29:19] ---------------process------------------ 
INFO [12-20|00:29:19] In RM Process                            height=1 round=0
INFO [12-20|00:29:19] --------In rm.propose------- 
len(cc.validators)= 8
chosen= 1
INFO [12-20|00:29:19] ---------------in rm.vote----------------- 
INFO [12-20|00:29:19] voted 
INFO [12-20|00:29:19] in rm.process, check lockset HasQuorum 
INFO [12-20|00:29:19] in HasQuorum 
INFO [12-20|00:29:19] In IsValid() 
len(lockset.Votes): 3 lockset.EligibleVotesNum: 8
INFO [12-20|00:29:19] rm lockset is not valid yet 
INFO [12-20|00:29:19] after cm.process() 
INFO [12-20|00:29:19] case: default, cm.process 
ready: 6 need: 5.3333335
INFO [12-20|00:29:19] ---------------process------------------ 
INFO [12-20|00:29:19] In RM Process                            height=1 round=0
INFO [12-20|00:29:19] --------In rm.propose------- 
len(cc.validators)= 8
chosen= 1
INFO [12-20|00:29:19] ---------------in rm.vote----------------- 
INFO [12-20|00:29:19] voted 
INFO [12-20|00:29:19] in rm.process, check lockset HasQuorum 
INFO [12-20|00:29:19] in HasQuorum 
INFO [12-20|00:29:19] In IsValid() 
len(lockset.Votes): 3 lockset.EligibleVotesNum: 8
INFO [12-20|00:29:19] rm lockset is not valid yet 
INFO [12-20|00:29:19] after cm.process() 
INFO [12-20|00:29:19] case: default, cm.process 
ready: 6 need: 5.3333335
INFO [12-20|00:29:19] ---------------process------------------ 
INFO [12-20|00:29:19] In RM Process                            height=1 round=0
INFO [12-20|00:29:19] --------In rm.propose------- 
len(cc.validators)= 8
chosen= 1
INFO [12-20|00:29:19] ---------------in rm.vote----------------- 
INFO [12-20|00:29:19] voted 
INFO [12-20|00:29:19] in rm.process, check lockset HasQuorum 
INFO [12-20|00:29:19] in HasQuorum 
INFO [12-20|00:29:19] In IsValid() 
len(lockset.Votes): 3 lockset.EligibleVotesNum: 8
INFO [12-20|00:29:19] rm lockset is not valid yet 
INFO [12-20|00:29:19] after cm.process() 
INFO [12-20|00:29:19] case: default, cm.process 
ready: 6 need: 5.3333335
INFO [12-20|00:29:19] ---------------process------------------ 
INFO [12-20|00:29:19] In RM Process                            height=1 round=0
INFO [12-20|00:29:19] --------In rm.propose------- 
len(cc.validators)= 8
chosen= 1
INFO [12-20|00:29:19] ---------------in rm.vote----------------- 
INFO [12-20|00:29:19] voted 
INFO [12-20|00:29:19] in rm.process, check lockset HasQuorum 
INFO [12-20|00:29:19] in HasQuorum 
INFO [12-20|00:29:19] In IsValid() 
len(lockset.Votes): 3 lockset.EligibleVotesNum: 8
INFO [12-20|00:29:19] rm lockset is not valid yet 
INFO [12-20|00:29:19] after cm.process() 
INFO [12-20|00:29:19] case: default, cm.process 
ready: 6 need: 5.3333335
INFO [12-20|00:29:19] ---------------process------------------ 
INFO [12-20|00:29:19] In RM Process                            height=1 round=0
INFO [12-20|00:29:19] --------In rm.propose------- 
len(cc.validators)= 8
chosen= 1
INFO [12-20|00:29:19] ---------------in rm.vote----------------- 
INFO [12-20|00:29:19] voted 
INFO [12-20|00:29:19] in rm.process, check lockset HasQuorum 
INFO [12-20|00:29:19] in HasQuorum 
INFO [12-20|00:29:19] In IsValid() 
len(lockset.Votes): 3 lockset.EligibleVotesNum: 8
INFO [12-20|00:29:19] rm lockset is not valid yet 
INFO [12-20|00:29:19] after cm.process() 
INFO [12-20|00:29:20] case: default, cm.process 
ready: 6 need: 5.3333335
INFO [12-20|00:29:20] ---------------process------------------ 
INFO [12-20|00:29:20] In RM Process                            height=1 round=0
INFO [12-20|00:29:20] --------In rm.propose------- 
len(cc.validators)= 8
chosen= 1
INFO [12-20|00:29:20] ---------------in rm.vote----------------- 
INFO [12-20|00:29:20] voted 
INFO [12-20|00:29:20] in rm.process, check lockset HasQuorum 
INFO [12-20|00:29:20] in HasQuorum 
INFO [12-20|00:29:20] In IsValid() 
len(lockset.Votes): 3 lockset.EligibleVotesNum: 8
INFO [12-20|00:29:20] rm lockset is not valid yet 
INFO [12-20|00:29:20] after cm.process() 
INFO [12-20|00:29:20] case: default, cm.process 
ready: 6 need: 5.3333335
INFO [12-20|00:29:20] ---------------process------------------ 
INFO [12-20|00:29:20] In RM Process                            height=1 round=0
INFO [12-20|00:29:20] --------In rm.propose------- 
len(cc.validators)= 8
chosen= 1
INFO [12-20|00:29:20] ---------------in rm.vote----------------- 
INFO [12-20|00:29:20] voted 
INFO [12-20|00:29:20] in rm.process, check lockset HasQuorum 
INFO [12-20|00:29:20] in HasQuorum 
INFO [12-20|00:29:20] In IsValid() 
len(lockset.Votes): 3 lockset.EligibleVotesNum: 8
INFO [12-20|00:29:20] rm lockset is not valid yet 
INFO [12-20|00:29:20] after cm.process() 
INFO [12-20|00:29:20] case: default, cm.process 
ready: 6 need: 5.3333335
INFO [12-20|00:29:20] ---------------process------------------ 
INFO [12-20|00:29:20] In RM Process                            height=1 round=0
INFO [12-20|00:29:20] --------In rm.propose------- 
len(cc.validators)= 8
chosen= 1
INFO [12-20|00:29:20] ---------------in rm.vote----------------- 
INFO [12-20|00:29:20] voted 
INFO [12-20|00:29:20] in rm.process, check lockset HasQuorum 
INFO [12-20|00:29:20] in HasQuorum 
INFO [12-20|00:29:20] In IsValid() 
len(lockset.Votes): 3 lockset.EligibleVotesNum: 8
INFO [12-20|00:29:20] rm lockset is not valid yet 
INFO [12-20|00:29:20] after cm.process() 
INFO [12-20|00:29:20] case: default, cm.process 
ready: 6 need: 5.3333335
INFO [12-20|00:29:20] ---------------process------------------ 
INFO [12-20|00:29:20] In RM Process                            height=1 round=0
INFO [12-20|00:29:20] --------In rm.propose------- 
len(cc.validators)= 8
chosen= 1
INFO [12-20|00:29:20] ---------------in rm.vote----------------- 
INFO [12-20|00:29:20] voted 
INFO [12-20|00:29:20] in rm.process, check lockset HasQuorum 
INFO [12-20|00:29:20] in HasQuorum 
INFO [12-20|00:29:20] In IsValid() 
len(lockset.Votes): 3 lockset.EligibleVotesNum: 8
INFO [12-20|00:29:20] rm lockset is not valid yet 
INFO [12-20|00:29:20] after cm.process() 
INFO [12-20|00:29:20] case: default, cm.process 
ready: 6 need: 5.3333335
INFO [12-20|00:29:20] ---------------process------------------ 
INFO [12-20|00:29:20] In RM Process                            height=1 round=0
INFO [12-20|00:29:20] --------In rm.propose------- 
len(cc.validators)= 8
chosen= 1
INFO [12-20|00:29:20] ---------------in rm.vote----------------- 
INFO [12-20|00:29:20] voted 
INFO [12-20|00:29:20] in rm.process, check lockset HasQuorum 
INFO [12-20|00:29:20] in HasQuorum 
INFO [12-20|00:29:20] In IsValid() 
len(lockset.Votes): 3 lockset.EligibleVotesNum: 8
INFO [12-20|00:29:20] rm lockset is not valid yet 
INFO [12-20|00:29:20] after cm.process() 
INFO [12-20|00:29:20] case: default, cm.process 
ready: 6 need: 5.3333335
INFO [12-20|00:29:20] ---------------process------------------ 
INFO [12-20|00:29:20] In RM Process                            height=1 round=0
INFO [12-20|00:29:20] --------In rm.propose------- 
len(cc.validators)= 8
chosen= 1
INFO [12-20|00:29:20] ---------------in rm.vote----------------- 
INFO [12-20|00:29:20] voted 
INFO [12-20|00:29:20] in rm.process, check lockset HasQuorum 
INFO [12-20|00:29:20] in HasQuorum 
INFO [12-20|00:29:20] In IsValid() 
len(lockset.Votes): 3 lockset.EligibleVotesNum: 8
INFO [12-20|00:29:20] rm lockset is not valid yet 
INFO [12-20|00:29:20] after cm.process() 
INFO [12-20|00:29:20] case: default, cm.process 
ready: 6 need: 5.3333335
INFO [12-20|00:29:20] ---------------process------------------ 
INFO [12-20|00:29:20] In RM Process                            height=1 round=0
INFO [12-20|00:29:20] --------In rm.propose------- 
len(cc.validators)= 8
chosen= 1
INFO [12-20|00:29:20] ---------------in rm.vote----------------- 
INFO [12-20|00:29:20] voted 
INFO [12-20|00:29:20] in rm.process, check lockset HasQuorum 
INFO [12-20|00:29:20] in HasQuorum 
INFO [12-20|00:29:20] In IsValid() 
len(lockset.Votes): 3 lockset.EligibleVotesNum: 8
INFO [12-20|00:29:20] rm lockset is not valid yet 
INFO [12-20|00:29:20] after cm.process() 
INFO [12-20|00:29:20] case: default, cm.process 
ready: 6 need: 5.3333335
INFO [12-20|00:29:20] ---------------process------------------ 
INFO [12-20|00:29:20] In RM Process                            height=1 round=0
INFO [12-20|00:29:20] --------In rm.propose------- 
len(cc.validators)= 8
chosen= 1
INFO [12-20|00:29:20] ---------------in rm.vote----------------- 
INFO [12-20|00:29:20] voted 
INFO [12-20|00:29:20] in rm.process, check lockset HasQuorum 
INFO [12-20|00:29:20] in HasQuorum 
INFO [12-20|00:29:20] In IsValid() 
len(lockset.Votes): 3 lockset.EligibleVotesNum: 8
INFO [12-20|00:29:20] rm lockset is not valid yet 
INFO [12-20|00:29:20] after cm.process() 
INFO [12-20|00:29:20] case: default, cm.process 
ready: 6 need: 5.3333335
INFO [12-20|00:29:20] ---------------process------------------ 
INFO [12-20|00:29:20] In RM Process                            height=1 round=0
INFO [12-20|00:29:20] --------In rm.propose------- 
len(cc.validators)= 8
chosen= 1
INFO [12-20|00:29:20] ---------------in rm.vote----------------- 
INFO [12-20|00:29:20] voted 
INFO [12-20|00:29:20] in rm.process, check lockset HasQuorum 
INFO [12-20|00:29:20] in HasQuorum 
INFO [12-20|00:29:20] In IsValid() 
len(lockset.Votes): 3 lockset.EligibleVotesNum: 8
INFO [12-20|00:29:20] rm lockset is not valid yet 
INFO [12-20|00:29:20] after cm.process() 
INFO [12-20|00:29:20] case: default, cm.process 
ready: 6 need: 5.3333335
INFO [12-20|00:29:20] ---------------process------------------ 
INFO [12-20|00:29:20] In RM Process                            height=1 round=0
INFO [12-20|00:29:20] --------In rm.propose------- 
len(cc.validators)= 8
chosen= 1
INFO [12-20|00:29:20] ---------------in rm.vote----------------- 
INFO [12-20|00:29:20] voted 
INFO [12-20|00:29:20] in rm.process, check lockset HasQuorum 
INFO [12-20|00:29:20] in HasQuorum 
INFO [12-20|00:29:20] In IsValid() 
len(lockset.Votes): 3 lockset.EligibleVotesNum: 8
INFO [12-20|00:29:20] rm lockset is not valid yet 
INFO [12-20|00:29:20] after cm.process() 
INFO [12-20|00:29:21] Handle BFT Msg,                          msg="msg #17 (107 bytes)"
INFO [12-20|00:29:21] ------Received VoteMsg------ 
voteHR: H: 1 R: 2 voteType:: 1 voteHash: [161 142 217 190 41 120 141 113 132 144 177 182 55 6 197 173 239 26 107 156 61 61 2 39 0 183 145 106 216 198 198 90]
cmHR: H: 1 R: 0
INFO [12-20|00:29:21] --------------------------------------- 
INFO [12-20|00:29:21] addVote to                               height=1 round=2 from=0x82a978b3f5962a5b0957d9ee9eef472ee55b42f1 success=true cm.coinbase=0xdceceaf3fc5c0a63d195d69b1a90011b7b19650d
INFO [12-20|00:29:21] ------in handle VoteMsg, success!------ 
INFO [12-20|00:29:21] case: default, cm.process 
ready: 6 need: 5.3333335
INFO [12-20|00:29:21] ---------------process------------------ 
INFO [12-20|00:29:21] In RM Process                            height=1 round=0
INFO [12-20|00:29:21] --------In rm.propose------- 
len(cc.validators)= 8
chosen= 1
INFO [12-20|00:29:21] ---------------in rm.vote----------------- 
INFO [12-20|00:29:21] voted 
INFO [12-20|00:29:21] in rm.process, check lockset HasQuorum 
INFO [12-20|00:29:21] in HasQuorum 
INFO [12-20|00:29:21] In IsValid() 
len(lockset.Votes): 3 lockset.EligibleVotesNum: 8
INFO [12-20|00:29:21] rm lockset is not valid yet 
INFO [12-20|00:29:21] after cm.process() 
INFO [12-20|00:29:21] case: default, cm.process 
ready: 6 need: 5.3333335
INFO [12-20|00:29:21] ---------------process------------------ 
INFO [12-20|00:29:21] In RM Process                            height=1 round=0
INFO [12-20|00:29:21] --------In rm.propose------- 
len(cc.validators)= 8
chosen= 1
INFO [12-20|00:29:21] ---------------in rm.vote----------------- 
INFO [12-20|00:29:21] voted 
INFO [12-20|00:29:21] in rm.process, check lockset HasQuorum 
INFO [12-20|00:29:21] in HasQuorum 
INFO [12-20|00:29:21] In IsValid() 
len(lockset.Votes): 3 lockset.EligibleVotesNum: 8
INFO [12-20|00:29:21] rm lockset is not valid yet 
INFO [12-20|00:29:21] after cm.process() 
INFO [12-20|00:29:21] case: default, cm.process 
ready: 6 need: 5.3333335
INFO [12-20|00:29:21] ---------------process------------------ 
INFO [12-20|00:29:21] In RM Process                            height=1 round=0
INFO [12-20|00:29:21] --------In rm.propose------- 
len(cc.validators)= 8
chosen= 1
INFO [12-20|00:29:21] ---------------in rm.vote----------------- 
INFO [12-20|00:29:21] voted 
INFO [12-20|00:29:21] in rm.process, check lockset HasQuorum 
INFO [12-20|00:29:21] in HasQuorum 
INFO [12-20|00:29:21] In IsValid() 
len(lockset.Votes): 3 lockset.EligibleVotesNum: 8
INFO [12-20|00:29:21] rm lockset is not valid yet 
INFO [12-20|00:29:21] after cm.process() 
INFO [12-20|00:29:21] case: default, cm.process 
ready: 6 need: 5.3333335
INFO [12-20|00:29:21] ---------------process------------------ 
INFO [12-20|00:29:21] In RM Process                            height=1 round=0
INFO [12-20|00:29:21] --------In rm.propose------- 
len(cc.validators)= 8
chosen= 1
INFO [12-20|00:29:21] ---------------in rm.vote----------------- 
INFO [12-20|00:29:21] voted 
INFO [12-20|00:29:21] in rm.process, check lockset HasQuorum 
INFO [12-20|00:29:21] in HasQuorum 
INFO [12-20|00:29:21] In IsValid() 
len(lockset.Votes): 3 lockset.EligibleVotesNum: 8
INFO [12-20|00:29:21] rm lockset is not valid yet 
INFO [12-20|00:29:21] after cm.process() 
INFO [12-20|00:29:21] case: default, cm.process 
ready: 6 need: 5.3333335
INFO [12-20|00:29:21] ---------------process------------------ 
INFO [12-20|00:29:21] In RM Process                            height=1 round=0
INFO [12-20|00:29:21] --------In rm.propose------- 
len(cc.validators)= 8
chosen= 1
INFO [12-20|00:29:21] ---------------in rm.vote----------------- 
INFO [12-20|00:29:21] voted 
INFO [12-20|00:29:21] in rm.process, check lockset HasQuorum 
INFO [12-20|00:29:21] in HasQuorum 
INFO [12-20|00:29:21] In IsValid() 
len(lockset.Votes): 3 lockset.EligibleVotesNum: 8
INFO [12-20|00:29:21] rm lockset is not valid yet 
INFO [12-20|00:29:21] after cm.process() 
INFO [12-20|00:29:21] case: default, cm.process 
ready: 6 need: 5.3333335
INFO [12-20|00:29:21] ---------------process------------------ 
INFO [12-20|00:29:21] In RM Process                            height=1 round=0
INFO [12-20|00:29:21] --------In rm.propose------- 
len(cc.validators)= 8
chosen= 1
INFO [12-20|00:29:21] ---------------in rm.vote----------------- 
INFO [12-20|00:29:21] voted 
INFO [12-20|00:29:21] in rm.process, check lockset HasQuorum 
INFO [12-20|00:29:21] in HasQuorum 
INFO [12-20|00:29:21] In IsValid() 
len(lockset.Votes): 3 lockset.EligibleVotesNum: 8
INFO [12-20|00:29:21] rm lockset is not valid yet 
INFO [12-20|00:29:21] after cm.process() 
INFO [12-20|00:29:21] case: default, cm.process 
ready: 6 need: 5.3333335
INFO [12-20|00:29:21] ---------------process------------------ 
INFO [12-20|00:29:21] In RM Process                            height=1 round=0
INFO [12-20|00:29:21] --------In rm.propose------- 
len(cc.validators)= 8
chosen= 1
INFO [12-20|00:29:21] ---------------in rm.vote----------------- 
INFO [12-20|00:29:21] voted 
INFO [12-20|00:29:21] in rm.process, check lockset HasQuorum 
INFO [12-20|00:29:21] in HasQuorum 
INFO [12-20|00:29:21] In IsValid() 
len(lockset.Votes): 3 lockset.EligibleVotesNum: 8
INFO [12-20|00:29:21] rm lockset is not valid yet 
INFO [12-20|00:29:21] after cm.process() 
INFO [12-20|00:29:21] case: default, cm.process 
ready: 6 need: 5.3333335
INFO [12-20|00:29:21] ---------------process------------------ 
INFO [12-20|00:29:21] In RM Process                            height=1 round=0
INFO [12-20|00:29:21] --------In rm.propose------- 
len(cc.validators)= 8
chosen= 1
INFO [12-20|00:29:21] ---------------in rm.vote----------------- 
INFO [12-20|00:29:21] voted 
INFO [12-20|00:29:21] in rm.process, check lockset HasQuorum 
INFO [12-20|00:29:21] in HasQuorum 
INFO [12-20|00:29:21] In IsValid() 
len(lockset.Votes): 3 lockset.EligibleVotesNum: 8
INFO [12-20|00:29:21] rm lockset is not valid yet 
INFO [12-20|00:29:21] after cm.process() 
INFO [12-20|00:29:21] case: default, cm.process 
ready: 6 need: 5.3333335
INFO [12-20|00:29:21] ---------------process------------------ 
INFO [12-20|00:29:21] In RM Process                            height=1 round=0
INFO [12-20|00:29:21] --------In rm.propose------- 
len(cc.validators)= 8
chosen= 1
INFO [12-20|00:29:21] ---------------in rm.vote----------------- 
INFO [12-20|00:29:21] voted 
INFO [12-20|00:29:21] in rm.process, check lockset HasQuorum 
INFO [12-20|00:29:21] in HasQuorum 
INFO [12-20|00:29:21] In IsValid() 
len(lockset.Votes): 3 lockset.EligibleVotesNum: 8
INFO [12-20|00:29:21] rm lockset is not valid yet 
INFO [12-20|00:29:21] after cm.process() 
INFO [12-20|00:29:21] case: default, cm.process 
ready: 6 need: 5.3333335
INFO [12-20|00:29:21] ---------------process------------------ 
INFO [12-20|00:29:21] In RM Process                            height=1 round=0
INFO [12-20|00:29:21] --------In rm.propose------- 
len(cc.validators)= 8
chosen= 1
INFO [12-20|00:29:21] ---------------in rm.vote----------------- 
INFO [12-20|00:29:21] voted 
INFO [12-20|00:29:21] in rm.process, check lockset HasQuorum 
INFO [12-20|00:29:21] in HasQuorum 
INFO [12-20|00:29:21] In IsValid() 
len(lockset.Votes): 3 lockset.EligibleVotesNum: 8
INFO [12-20|00:29:21] rm lockset is not valid yet 
INFO [12-20|00:29:21] after cm.process() 
INFO [12-20|00:29:22] case: default, cm.process 
ready: 6 need: 5.3333335
INFO [12-20|00:29:22] ---------------process------------------ 
INFO [12-20|00:29:22] In RM Process                            height=1 round=0
INFO [12-20|00:29:22] --------In rm.propose------- 
len(cc.validators)= 8
chosen= 1
INFO [12-20|00:29:22] ---------------in rm.vote----------------- 
INFO [12-20|00:29:22] voted 
INFO [12-20|00:29:22] in rm.process, check lockset HasQuorum 
INFO [12-20|00:29:22] in HasQuorum 
INFO [12-20|00:29:22] In IsValid() 
len(lockset.Votes): 3 lockset.EligibleVotesNum: 8
INFO [12-20|00:29:22] rm lockset is not valid yet 
INFO [12-20|00:29:22] after cm.process() 
INFO [12-20|00:29:22] case: default, cm.process 
ready: 6 need: 5.3333335
INFO [12-20|00:29:22] ---------------process------------------ 
INFO [12-20|00:29:22] In RM Process                            height=1 round=1
INFO [12-20|00:29:22] --------In rm.propose------- 
len(cc.validators)= 8
chosen= 0
INFO [12-20|00:29:22] ---------------in rm.vote----------------- 
INFO [12-20|00:29:22] in vote in RM                            height=1 round=1
INFO [12-20|00:29:22] Timeout time not reach, curr vs timeout: curr=1545236962.000 timeout=1545236969.500
INFO [12-20|00:29:22] in rm.process, check lockset HasQuorum 
INFO [12-20|00:29:22] in HasQuorum 
INFO [12-20|00:29:22] In IsValid() 
len(lockset.Votes): 2 lockset.EligibleVotesNum: 8
INFO [12-20|00:29:22] rm lockset is not valid yet 
INFO [12-20|00:29:22] after cm.process() 
INFO [12-20|00:29:22] case: default, cm.process 
ready: 6 need: 5.3333335
INFO [12-20|00:29:22] ---------------process------------------ 
INFO [12-20|00:29:22] In RM Process                            height=1 round=1
INFO [12-20|00:29:22] --------In rm.propose------- 
len(cc.validators)= 8
chosen= 0
INFO [12-20|00:29:22] ---------------in rm.vote----------------- 
INFO [12-20|00:29:22] in vote in RM                            height=1 round=1
INFO [12-20|00:29:22] Timeout time not reach, curr vs timeout: curr=1545236962.000 timeout=1545236969.500
INFO [12-20|00:29:22] in rm.process, check lockset HasQuorum 
INFO [12-20|00:29:22] in HasQuorum 
INFO [12-20|00:29:22] In IsValid() 
len(lockset.Votes): 2 lockset.EligibleVotesNum: 8
INFO [12-20|00:29:22] rm lockset is not valid yet 
INFO [12-20|00:29:22] after cm.process() 
INFO [12-20|00:29:22] case: default, cm.process 
ready: 6 need: 5.3333335
INFO [12-20|00:29:22] ---------------process------------------ 
INFO [12-20|00:29:22] In RM Process                            height=1 round=1
INFO [12-20|00:29:22] --------In rm.propose------- 
len(cc.validators)= 8
chosen= 0
INFO [12-20|00:29:22] ---------------in rm.vote----------------- 
INFO [12-20|00:29:22] in vote in RM                            height=1 round=1
INFO [12-20|00:29:22] Timeout time not reach, curr vs timeout: curr=1545236962.000 timeout=1545236969.500
INFO [12-20|00:29:22] in rm.process, check lockset HasQuorum 
INFO [12-20|00:29:22] in HasQuorum 
INFO [12-20|00:29:22] In IsValid() 
len(lockset.Votes): 2 lockset.EligibleVotesNum: 8
INFO [12-20|00:29:22] rm lockset is not valid yet 
INFO [12-20|00:29:22] after cm.process() 
