INFO [12-20|00:29:26] Starting peer-to-peer node               instance=Geth/v1.6.7-unstable-8a69efc3/darwin-amd64/go1.9.7
INFO [12-20|00:29:26] Allocated cache and file handles         database=/Users/sujianwei20/FastBFT_ethereum/msigcode/examples/data/node3/geth/chaindata cache=128 handles=1024
WARN [12-20|00:29:26] Upgrading chain database to use sequential keys 
INFO [12-20|00:29:26] Database conversion successful 
INFO [12-20|00:29:26] Initialised chain configuration          config="{ChainID: 2235 Homestead: 1 DAO: <nil> DAOSupport: false EIP150: 2 EIP155: 3 EIP158: 3 Metropolis: <nil> Engine: ethash}"
INFO [12-20|00:29:26] config bft is                            bft=true
WARN [12-20|00:29:26] Upgrading db log bloom bins 
INFO [12-20|00:29:26] Bloom-bin upgrade completed              elapsed=143.459µs
INFO [12-20|00:29:26] Initialising Ethereum protocol           versions="[63 62]" network=2234
INFO [12-20|00:29:26] Loaded most recent local header          number=0 hash=5d5970…5b57c8 td=1048576
INFO [12-20|00:29:26] Loaded most recent local full block      number=0 hash=5d5970…5b57c8 td=1048576
INFO [12-20|00:29:26] Loaded most recent local fast block      number=0 hash=5d5970…5b57c8 td=1048576
INFO [12-20|00:29:26] in NewTxPool, call resetState 
INFO [12-20|00:29:26] in NewTxPool, call pool.eventLoog() 
INFO [12-20|00:29:26] Allocated cache and file handles         database=/Users/sujianwei20/FastBFT_ethereum/msigcode/examples/data/node3/geth/bftData   cache=128 handles=1024
INFO [12-20|00:29:26] addVote to                               height=0 round=0 from=0xdceceaf3fc5c0a63d195d69b1a90011b7b19650d success=true cm.coinbase=0xdceceaf3fc5c0a63d195d69b1a90011b7b19650d
INFO [12-20|00:29:26] Starting P2P networking 
INFO [12-20|00:29:26] HTTP endpoint opened: http://127.0.0.1:8547 
ready: 1 need: 5.3333335
INFO [12-20|00:29:26] consensusManager not ready  
ready: 1 need: 5.3333335
INFO [12-20|00:29:26] RLPx listener up                         self="enode://94dd98401cf6ca0418580bb77ad0606a35ae8f442b22ab0f81011d8d2c78e70ff779c1d53d015640d79a13f0be99161ae3ff3adb60633ca03a7b542cbe116882@[::]:30305?discport=0"
INFO [12-20|00:29:26] ---In BFTvalidatorCommitBlock--- 
INFO [12-20|00:29:26] IPC endpoint opened: /Users/sujianwei20/FastBFT_ethereum/msigcode/examples/data/node3/geth.ipc 
INFO [12-20|00:29:26] Handle BFT Msg,                          msg="msg #8 (78 bytes)"
INFO [12-20|00:29:26] ------Received ReadMsg------ 
INFO [12-20|00:29:26] Handle BFT Msg,                          msg="msg #8 (78 bytes)"
INFO [12-20|00:29:26] ------Received ReadMsg------ 
INFO [12-20|00:29:26] Handle BFT Msg,                          msg="msg #8 (78 bytes)"
INFO [12-20|00:29:26] ------Received ReadMsg------ 
AddReady from: [19 203 184 217 156 108 78 15 39 40 199 215 38 6 231 138 41 196 226 36]
INFO [12-20|00:29:26] send Ready msg 
AddReady from: [19 203 184 217 156 108 78 15 39 40 199 215 38 6 231 138 41 196 226 36]
INFO [12-20|00:29:26] Handle BFT Msg,                          msg="msg #8 (78 bytes)"
AddReady from: [19 203 184 217 156 108 78 15 39 40 199 215 38 6 231 138 41 196 226 36]
INFO [12-20|00:29:26] ------Received ReadMsg------ 
INFO [12-20|00:29:26] send Ready msg 
INFO [12-20|00:29:26] send Ready msg 
INFO [12-20|00:29:26] send Ready msg 
INFO [12-20|00:29:26] send Ready msg 
INFO [12-20|00:29:26] send Ready msg 
INFO [12-20|00:29:26] send Ready msg 
INFO [12-20|00:29:26] Handle BFT Msg,                          msg="msg #8 (78 bytes)"
INFO [12-20|00:29:26] ------Received ReadMsg------ 
AddReady from: [19 203 184 217 156 108 78 15 39 40 199 215 38 6 231 138 41 196 226 36]
AddReady from: [19 203 184 217 156 108 78 15 39 40 199 215 38 6 231 138 41 196 226 36]
INFO [12-20|00:29:26] send Ready msg 
INFO [12-20|00:29:26] send Ready msg 
INFO [12-20|00:29:26] send Ready msg 
INFO [12-20|00:29:26] Handle BFT Msg,                          msg="msg #8 (78 bytes)"
INFO [12-20|00:29:26] ------Received ReadMsg------ 
AddReady from: [19 203 184 217 156 108 78 15 39 40 199 215 38 6 231 138 41 196 226 36]
ready: 2 need: 5.3333335
INFO [12-20|00:29:26] consensusManager not ready  
ready: 2 need: 5.3333335
INFO [12-20|00:29:26] send Ready msg 
INFO [12-20|00:29:26] Handle BFT Msg,                          msg="msg #8 (78 bytes)"
INFO [12-20|00:29:26] ------Received ReadMsg------ 
INFO [12-20|00:29:26] send Ready msg 
INFO [12-20|00:29:26] send Ready msg 
INFO [12-20|00:29:26] send Ready msg 
INFO [12-20|00:29:26] send Ready msg 
AddReady from: [89 132 67 241 136 14 245 133 178 31 29 117 133 189 5 119 64 40 97 229]
INFO [12-20|00:29:26] send Ready msg 
INFO [12-20|00:29:26] send Ready msg 
INFO [12-20|00:29:26] send Ready msg 
INFO [12-20|00:29:26] send Ready msg 
INFO [12-20|00:29:26] send Ready msg 
INFO [12-20|00:29:26] Handle BFT Msg,                          msg="msg #8 (78 bytes)"
INFO [12-20|00:29:26] ------Received ReadMsg------ 
AddReady from: [89 132 67 241 136 14 245 133 178 31 29 117 133 189 5 119 64 40 97 229]
INFO [12-20|00:29:26] Handle BFT Msg,                          msg="msg #8 (78 bytes)"
INFO [12-20|00:29:26] ------Received ReadMsg------ 
AddReady from: [220 236 234 243 252 92 10 99 209 149 214 155 26 144 1 27 123 25 101 13]
INFO [12-20|00:29:26] Handle BFT Msg,                          msg="msg #8 (78 bytes)"
INFO [12-20|00:29:26] ------Received ReadMsg------ 
AddReady from: [89 132 67 241 136 14 245 133 178 31 29 117 133 189 5 119 64 40 97 229]
INFO [12-20|00:29:26] Handle BFT Msg,                          msg="msg #8 (78 bytes)"
INFO [12-20|00:29:26] ------Received ReadMsg------ 
INFO [12-20|00:29:26] Handle BFT Msg,                          msg="msg #8 (78 bytes)"
INFO [12-20|00:29:26] ------Received ReadMsg------ 
AddReady from: [89 132 67 241 136 14 245 133 178 31 29 117 133 189 5 119 64 40 97 229]
AddReady from: [220 236 234 243 252 92 10 99 209 149 214 155 26 144 1 27 123 25 101 13]
INFO [12-20|00:29:26] Handle BFT Msg,                          msg="msg #8 (78 bytes)"
INFO [12-20|00:29:26] ------Received ReadMsg------ 
AddReady from: [220 236 234 243 252 92 10 99 209 149 214 155 26 144 1 27 123 25 101 13]
INFO [12-20|00:29:26] Handle BFT Msg,                          msg="msg #8 (78 bytes)"
INFO [12-20|00:29:26] ------Received ReadMsg------ 
AddReady from: [89 132 67 241 136 14 245 133 178 31 29 117 133 189 5 119 64 40 97 229]
INFO [12-20|00:29:26] Handle BFT Msg,                          msg="msg #8 (78 bytes)"
INFO [12-20|00:29:26] ------Received ReadMsg------ 
AddReady from: [220 236 234 243 252 92 10 99 209 149 214 155 26 144 1 27 123 25 101 13]
INFO [12-20|00:29:26] Handle BFT Msg,                          msg="msg #8 (78 bytes)"
INFO [12-20|00:29:26] ------Received ReadMsg------ 
AddReady from: [89 132 67 241 136 14 245 133 178 31 29 117 133 189 5 119 64 40 97 229]
INFO [12-20|00:29:26] Handle BFT Msg,                          msg="msg #8 (78 bytes)"
INFO [12-20|00:29:26] ------Received ReadMsg------ 
AddReady from: [130 169 120 179 245 150 42 91 9 87 217 238 158 239 71 46 229 91 66 241]
INFO [12-20|00:29:26] send Ready msg 
INFO [12-20|00:29:26] send Ready msg 
INFO [12-20|00:29:26] send Ready msg 
INFO [12-20|00:29:26] send Ready msg 
INFO [12-20|00:29:26] send Ready msg 
INFO [12-20|00:29:26] Handle BFT Msg,                          msg="msg #8 (78 bytes)"
INFO [12-20|00:29:26] ------Received ReadMsg------ 
AddReady from: [130 169 120 179 245 150 42 91 9 87 217 238 158 239 71 46 229 91 66 241]
INFO [12-20|00:29:26] Handle BFT Msg,                          msg="msg #8 (78 bytes)"
INFO [12-20|00:29:26] ------Received ReadMsg------ 
INFO [12-20|00:29:26] Handle BFT Msg,                          msg="msg #8 (78 bytes)"
INFO [12-20|00:29:26] ------Received ReadMsg------ 
AddReady from: [130 169 120 179 245 150 42 91 9 87 217 238 158 239 71 46 229 91 66 241]
AddReady from: [130 169 120 179 245 150 42 91 9 87 217 238 158 239 71 46 229 91 66 241]
INFO [12-20|00:29:26] Handle BFT Msg,                          msg="msg #8 (78 bytes)"
INFO [12-20|00:29:26] ------Received ReadMsg------ 
AddReady from: [220 236 234 243 252 92 10 99 209 149 214 155 26 144 1 27 123 25 101 13]
INFO [12-20|00:29:26] Handle BFT Msg,                          msg="msg #8 (78 bytes)"
INFO [12-20|00:29:26] ------Received ReadMsg------ 
AddReady from: [89 132 67 241 136 14 245 133 178 31 29 117 133 189 5 119 64 40 97 229]
INFO [12-20|00:29:26] Handle BFT Msg,                          msg="msg #8 (78 bytes)"
INFO [12-20|00:29:26] ------Received ReadMsg------ 
AddReady from: [89 132 67 241 136 14 245 133 178 31 29 117 133 189 5 119 64 40 97 229]
INFO [12-20|00:29:26] Handle BFT Msg,                          msg="msg #8 (78 bytes)"
INFO [12-20|00:29:26] ------Received ReadMsg------ 
AddReady from: [130 169 120 179 245 150 42 91 9 87 217 238 158 239 71 46 229 91 66 241]
INFO [12-20|00:29:26] Handle BFT Msg,                          msg="msg #8 (78 bytes)"
INFO [12-20|00:29:26] ------Received ReadMsg------ 
AddReady from: [119 219 43 235 186 121 219 66 169 120 248 150 150 143 74 252 231 70 234 31]
INFO [12-20|00:29:26] send Ready msg 
INFO [12-20|00:29:26] send Ready msg 
INFO [12-20|00:29:26] send Ready msg 
INFO [12-20|00:29:26] send Ready msg 
INFO [12-20|00:29:26] send Ready msg 
INFO [12-20|00:29:26] Handle BFT Msg,                          msg="msg #8 (78 bytes)"
INFO [12-20|00:29:26] ------Received ReadMsg------ 
AddReady from: [119 219 43 235 186 121 219 66 169 120 248 150 150 143 74 252 231 70 234 31]
INFO [12-20|00:29:26] Handle BFT Msg,                          msg="msg #8 (78 bytes)"
INFO [12-20|00:29:26] ------Received ReadMsg------ 
AddReady from: [119 219 43 235 186 121 219 66 169 120 248 150 150 143 74 252 231 70 234 31]
INFO [12-20|00:29:26] Handle BFT Msg,                          msg="msg #8 (78 bytes)"
INFO [12-20|00:29:26] ------Received ReadMsg------ 
AddReady from: [119 219 43 235 186 121 219 66 169 120 248 150 150 143 74 252 231 70 234 31]
INFO [12-20|00:29:26] Handle BFT Msg,                          msg="msg #8 (78 bytes)"
INFO [12-20|00:29:26] ------Received ReadMsg------ 
AddReady from: [119 219 43 235 186 121 219 66 169 120 248 150 150 143 74 252 231 70 234 31]
INFO [12-20|00:29:26] Handle BFT Msg,                          msg="msg #8 (78 bytes)"
INFO [12-20|00:29:26] ------Received ReadMsg------ 
AddReady from: [125 87 122 89 123 39 66 180 152 203 92 240 194 108 220 215 38 211 158 110]
INFO [12-20|00:29:26] send Ready msg 
INFO [12-20|00:29:26] send Ready msg 
INFO [12-20|00:29:26] send Ready msg 
INFO [12-20|00:29:26] send Ready msg 
INFO [12-20|00:29:26] send Ready msg 
INFO [12-20|00:29:26] Handle BFT Msg,                          msg="msg #8 (78 bytes)"
INFO [12-20|00:29:26] ------Received ReadMsg------ 
AddReady from: [125 87 122 89 123 39 66 180 152 203 92 240 194 108 220 215 38 211 158 110]
INFO [12-20|00:29:26] Handle BFT Msg,                          msg="msg #8 (78 bytes)"
INFO [12-20|00:29:26] ------Received ReadMsg------ 
AddReady from: [125 87 122 89 123 39 66 180 152 203 92 240 194 108 220 215 38 211 158 110]
INFO [12-20|00:29:26] Handle BFT Msg,                          msg="msg #8 (78 bytes)"
INFO [12-20|00:29:26] ------Received ReadMsg------ 
AddReady from: [125 87 122 89 123 39 66 180 152 203 92 240 194 108 220 215 38 211 158 110]
INFO [12-20|00:29:26] Handle BFT Msg,                          msg="msg #8 (78 bytes)"
INFO [12-20|00:29:26] ------Received ReadMsg------ 
AddReady from: [125 87 122 89 123 39 66 180 152 203 92 240 194 108 220 215 38 211 158 110]
INFO [12-20|00:29:26] Handle BFT Msg,                          msg="msg #8 (78 bytes)"
INFO [12-20|00:29:26] ------Received ReadMsg------ 
AddReady from: [19 203 184 217 156 108 78 15 39 40 199 215 38 6 231 138 41 196 226 36]
INFO [12-20|00:29:26] send Ready msg 
INFO [12-20|00:29:26] send Ready msg 
INFO [12-20|00:29:26] send Ready msg 
INFO [12-20|00:29:26] send Ready msg 
INFO [12-20|00:29:26] send Ready msg 
INFO [12-20|00:29:26] Handle BFT Msg,                          msg="msg #8 (78 bytes)"
INFO [12-20|00:29:26] ------Received ReadMsg------ 
AddReady from: [19 203 184 217 156 108 78 15 39 40 199 215 38 6 231 138 41 196 226 36]
INFO [12-20|00:29:26] Handle BFT Msg,                          msg="msg #8 (78 bytes)"
INFO [12-20|00:29:26] ------Received ReadMsg------ 
AddReady from: [19 203 184 217 156 108 78 15 39 40 199 215 38 6 231 138 41 196 226 36]
INFO [12-20|00:29:26] Handle BFT Msg,                          msg="msg #8 (78 bytes)"
INFO [12-20|00:29:26] ------Received ReadMsg------ 
AddReady from: [19 203 184 217 156 108 78 15 39 40 199 215 38 6 231 138 41 196 226 36]
INFO [12-20|00:29:26] Handle BFT Msg,                          msg="msg #8 (78 bytes)"
INFO [12-20|00:29:26] ------Received ReadMsg------ 
AddReady from: [19 203 184 217 156 108 78 15 39 40 199 215 38 6 231 138 41 196 226 36]
ready: 6 need: 5.3333335
ready: 6 need: 5.3333335
INFO [12-20|00:29:27] send Ready msg 
INFO [12-20|00:29:27] send Ready msg 
INFO [12-20|00:29:27] Handle BFT Msg,                          msg="msg #8 (78 bytes)"
INFO [12-20|00:29:27] ------Received ReadMsg------ 
INFO [12-20|00:29:27] send Ready msg 
INFO [12-20|00:29:27] send Ready msg 
INFO [12-20|00:29:27] send Ready msg 
AddReady from: [89 132 67 241 136 14 245 133 178 31 29 117 133 189 5 119 64 40 97 229]
INFO [12-20|00:29:27] send Ready msg 
INFO [12-20|00:29:27] -----------------consensusManager Ready------------------------- 
INFO [12-20|00:29:27] send Ready msg 
INFO [12-20|00:29:27] send Ready msg 
INFO [12-20|00:29:27] send Ready msg 
INFO [12-20|00:29:27] send Ready msg 
INFO [12-20|00:29:27] Handle BFT Msg,                          msg="msg #8 (78 bytes)"
INFO [12-20|00:29:27] ------Received ReadMsg------ 
AddReady from: [220 236 234 243 252 92 10 99 209 149 214 155 26 144 1 27 123 25 101 13]
INFO [12-20|00:29:27] Handle BFT Msg,                          msg="msg #8 (78 bytes)"
INFO [12-20|00:29:27] ------Received ReadMsg------ 
INFO [12-20|00:29:27] Handle BFT Msg,                          msg="msg #8 (78 bytes)"
INFO [12-20|00:29:27] ------Received ReadMsg------ 
AddReady from: [89 132 67 241 136 14 245 133 178 31 29 117 133 189 5 119 64 40 97 229]
INFO [12-20|00:29:27] Handle BFT Msg,                          msg="msg #8 (78 bytes)"
INFO [12-20|00:29:27] ------Received ReadMsg------ 
AddReady from: [220 236 234 243 252 92 10 99 209 149 214 155 26 144 1 27 123 25 101 13]
INFO [12-20|00:29:27] Handle BFT Msg,                          msg="msg #8 (78 bytes)"
INFO [12-20|00:29:27] ------Received ReadMsg------ 
AddReady from: [89 132 67 241 136 14 245 133 178 31 29 117 133 189 5 119 64 40 97 229]
INFO [12-20|00:29:27] Handle BFT Msg,                          msg="msg #8 (78 bytes)"
INFO [12-20|00:29:27] ------Received ReadMsg------ 
AddReady from: [89 132 67 241 136 14 245 133 178 31 29 117 133 189 5 119 64 40 97 229]
INFO [12-20|00:29:27] Handle BFT Msg,                          msg="msg #8 (78 bytes)"
INFO [12-20|00:29:27] ------Received ReadMsg------ 
AddReady from: [220 236 234 243 252 92 10 99 209 149 214 155 26 144 1 27 123 25 101 13]
INFO [12-20|00:29:27] Handle BFT Msg,                          msg="msg #8 (78 bytes)"
INFO [12-20|00:29:27] ------Received ReadMsg------ 
AddReady from: [220 236 234 243 252 92 10 99 209 149 214 155 26 144 1 27 123 25 101 13]
INFO [12-20|00:29:27] Handle BFT Msg,                          msg="msg #8 (78 bytes)"
INFO [12-20|00:29:27] ------Received ReadMsg------ 
AddReady from: [220 236 234 243 252 92 10 99 209 149 214 155 26 144 1 27 123 25 101 13]
INFO [12-20|00:29:27] Handle BFT Msg,                          msg="msg #8 (78 bytes)"
INFO [12-20|00:29:27] ------Received ReadMsg------ 
AddReady from: [89 132 67 241 136 14 245 133 178 31 29 117 133 189 5 119 64 40 97 229]
AddReady from: [89 132 67 241 136 14 245 133 178 31 29 117 133 189 5 119 64 40 97 229]
INFO [12-20|00:29:27] Handle BFT Msg,                          msg="msg #8 (78 bytes)"
INFO [12-20|00:29:27] ------Received ReadMsg------ 
AddReady from: [130 169 120 179 245 150 42 91 9 87 217 238 158 239 71 46 229 91 66 241]
INFO [12-20|00:29:27] send Ready msg 
INFO [12-20|00:29:27] send Ready msg 
INFO [12-20|00:29:27] send Ready msg 
INFO [12-20|00:29:27] send Ready msg 
INFO [12-20|00:29:27] send Ready msg 
INFO [12-20|00:29:27] Handle BFT Msg,                          msg="msg #8 (78 bytes)"
INFO [12-20|00:29:27] ------Received ReadMsg------ 
AddReady from: [130 169 120 179 245 150 42 91 9 87 217 238 158 239 71 46 229 91 66 241]
INFO [12-20|00:29:27] Handle BFT Msg,                          msg="msg #8 (78 bytes)"
INFO [12-20|00:29:27] ------Received ReadMsg------ 
AddReady from: [130 169 120 179 245 150 42 91 9 87 217 238 158 239 71 46 229 91 66 241]
INFO [12-20|00:29:27] Handle BFT Msg,                          msg="msg #8 (78 bytes)"
INFO [12-20|00:29:27] ------Received ReadMsg------ 
INFO [12-20|00:29:27] Handle BFT Msg,                          msg="msg #8 (78 bytes)"
INFO [12-20|00:29:27] ------Received ReadMsg------ 
AddReady from: [130 169 120 179 245 150 42 91 9 87 217 238 158 239 71 46 229 91 66 241]
AddReady from: [130 169 120 179 245 150 42 91 9 87 217 238 158 239 71 46 229 91 66 241]
INFO [12-20|00:29:27] Handle BFT Msg,                          msg="msg #8 (78 bytes)"
INFO [12-20|00:29:27] ------Received ReadMsg------ 
AddReady from: [119 219 43 235 186 121 219 66 169 120 248 150 150 143 74 252 231 70 234 31]
INFO [12-20|00:29:27] send Ready msg 
INFO [12-20|00:29:27] send Ready msg 
INFO [12-20|00:29:27] send Ready msg 
INFO [12-20|00:29:27] send Ready msg 
INFO [12-20|00:29:27] send Ready msg 
INFO [12-20|00:29:27] Handle BFT Msg,                          msg="msg #8 (78 bytes)"
INFO [12-20|00:29:27] ------Received ReadMsg------ 
INFO [12-20|00:29:27] Handle BFT Msg,                          msg="msg #8 (78 bytes)"
INFO [12-20|00:29:27] ------Received ReadMsg------ 
AddReady from: [119 219 43 235 186 121 219 66 169 120 248 150 150 143 74 252 231 70 234 31]
AddReady from: [119 219 43 235 186 121 219 66 169 120 248 150 150 143 74 252 231 70 234 31]
INFO [12-20|00:29:27] Handle BFT Msg,                          msg="msg #8 (78 bytes)"
INFO [12-20|00:29:27] ------Received ReadMsg------ 
AddReady from: [119 219 43 235 186 121 219 66 169 120 248 150 150 143 74 252 231 70 234 31]
INFO [12-20|00:29:27] Handle BFT Msg,                          msg="msg #8 (78 bytes)"
INFO [12-20|00:29:27] ------Received ReadMsg------ 
AddReady from: [119 219 43 235 186 121 219 66 169 120 248 150 150 143 74 252 231 70 234 31]
INFO [12-20|00:29:49] Transaction pool price threshold updated price=18000000000
INFO [12-20|00:29:49] Starting mining operation 
INFO [12-20|00:29:49] ---atomic.LoadInt32(&self.mining) == 1 && work.tcount == 0--- 
INFO [12-20|00:29:52] ---atomic.LoadInt32(&self.mining) == 1 && work.tcount == 0--- 
INFO [12-20|00:29:54] Handle BFT Msg,                          msg="msg #17 (107 bytes)"
INFO [12-20|00:29:54] ------Received VoteMsg------ 
voteHR: H: 1 R: 0 voteType:: 2 voteHash: [0 0 0 0 0 0 0 0 0 0 0 0 0 0 0 0 0 0 0 0 0 0 0 0 0 0 0 0 0 0 0 0]
cmHR: H: 1 R: 0
INFO [12-20|00:29:54] --------------------------------------- 
INFO [12-20|00:29:54] addVote to                               height=1 round=0 from=0x82a978b3f5962a5b0957d9ee9eef472ee55b42f1 success=true cm.coinbase=0xdceceaf3fc5c0a63d195d69b1a90011b7b19650d
INFO [12-20|00:29:54] ------in handle VoteMsg, success!------ 
INFO [12-20|00:29:55] ---atomic.LoadInt32(&self.mining) == 1 && work.tcount == 0--- 
INFO [12-20|00:29:56] Handle BFT Msg,                          msg="msg #11 (129725 bytes)"
INFO [12-20|00:29:56] -------Received NewBlockProposalMsg------- 
bpHR: H: 1 R: 0
cmHR: H: 1 R: 0
INFO [12-20|00:29:56] --------------------------------------- 
INFO [12-20|00:29:56] ------------------this is sendMsig ------------------------- 
INFO [12-20|00:29:56] In IsValid() 
len(lockset.Votes): 0 lockset.EligibleVotesNum: 0
INFO [12-20|00:29:56] cm add BlockProposal                     h=1 r=0
INFO [12-20|00:29:56] in HasQuorum 
INFO [12-20|00:29:56] In IsValid() 
len(lockset.Votes): 1 lockset.EligibleVotesNum: 0
INFO [12-20|00:29:56] In addBlockCandidates!! 
INFO [12-20|00:29:56] -------in handle NewBlockProposalMsg, success!------- 
INFO [12-20|00:29:58] ---atomic.LoadInt32(&self.mining) == 1 && work.tcount == 0--- 
INFO [12-20|00:29:59] Handle BFT Msg,                          msg="msg #17 (107 bytes)"
INFO [12-20|00:29:59] ------Received VoteMsg------ 
voteHR: H: 1 R: 0 voteType:: 2 voteHash: [0 0 0 0 0 0 0 0 0 0 0 0 0 0 0 0 0 0 0 0 0 0 0 0 0 0 0 0 0 0 0 0]
cmHR: H: 1 R: 0
INFO [12-20|00:29:59] --------------------------------------- 
INFO [12-20|00:29:59] addVote to                               height=1 round=0 from=0x7d577a597b2742b498cb5cf0c26cdcd726d39e6e success=true cm.coinbase=0xdceceaf3fc5c0a63d195d69b1a90011b7b19650d
INFO [12-20|00:29:59] ------in handle VoteMsg, success!------ 
INFO [12-20|00:30:00] Handle BFT Msg,                          msg="msg #17 (107 bytes)"
INFO [12-20|00:30:00] ------Received VoteMsg------ 
voteHR: H: 1 R: 1 voteType:: 2 voteHash: [0 0 0 0 0 0 0 0 0 0 0 0 0 0 0 0 0 0 0 0 0 0 0 0 0 0 0 0 0 0 0 0]
cmHR: H: 1 R: 0
INFO [12-20|00:30:00] --------------------------------------- 
INFO [12-20|00:30:00] addVote to                               height=1 round=1 from=0x82a978b3f5962a5b0957d9ee9eef472ee55b42f1 success=true cm.coinbase=0xdceceaf3fc5c0a63d195d69b1a90011b7b19650d
INFO [12-20|00:30:00] ------in handle VoteMsg, success!------ 
INFO [12-20|00:30:01] ---atomic.LoadInt32(&self.mining) == 1 && work.tcount == 0--- 
INFO [12-20|00:30:04] ---atomic.LoadInt32(&self.mining) == 1 && work.tcount == 0--- 
INFO [12-20|00:30:05] Handle BFT Msg,                          msg="msg #17 (107 bytes)"
INFO [12-20|00:30:05] ------Received VoteMsg------ 
voteHR: H: 1 R: 1 voteType:: 2 voteHash: [0 0 0 0 0 0 0 0 0 0 0 0 0 0 0 0 0 0 0 0 0 0 0 0 0 0 0 0 0 0 0 0]
cmHR: H: 1 R: 0
INFO [12-20|00:30:05] --------------------------------------- 
INFO [12-20|00:30:05] addVote to                               height=1 round=1 from=0x7d577a597b2742b498cb5cf0c26cdcd726d39e6e success=true cm.coinbase=0xdceceaf3fc5c0a63d195d69b1a90011b7b19650d
INFO [12-20|00:30:05] ------in handle VoteMsg, success!------ 
INFO [12-20|00:30:08] Commit new mining work                   number=1 txs=1198 uncles=0 elapsed=814.260ms
INFO [12-20|00:30:08] Sealing                                  block n=1
StartConsensus, 1545237008617265000
INFO [12-20|00:30:08] Start Process 
INFO [12-20|00:30:08] in cm.Process, check lastCommittingLockset() 
INFO [12-20|00:30:08] In IsValid() 
len(lockset.Votes): 2 lockset.EligibleVotesNum: 0
INFO [12-20|00:30:08] in HasQuorum 
INFO [12-20|00:30:08] In IsValid() 
len(lockset.Votes): 2 lockset.EligibleVotesNum: 0
=====CM.COINBASE IS:===== [220 236 234 243 252 92 10 99 209 149 214 155 26 144 1 27 123 25 101 13] block number is: 1
INFO [12-20|00:30:08] case: default, cm.process 
ready: 6 need: 5.3333335
INFO [12-20|00:30:08] ---------------process------------------ 
INFO [12-20|00:30:08] In RM Process                            height=1 round=0
INFO [12-20|00:30:08] --------In rm.propose------- 
len(cc.validators)= 8
chosen= 1
INFO [12-20|00:30:08] ---------------in rm.vote----------------- 
INFO [12-20|00:30:08] in vote in RM                            height=1 round=0
INFO [12-20|00:30:08] vote mp 
INFO [12-20|00:30:08] vote success in                          height=1 round=0
INFO [12-20|00:30:08] Send VoteMsg 
INFO [12-20|00:30:08] in rm.process, check lockset HasQuorum 
INFO [12-20|00:30:08] in HasQuorum 
INFO [12-20|00:30:08] In IsValid() 
len(lockset.Votes): 3 lockset.EligibleVotesNum: 8
INFO [12-20|00:30:08] rm lockset is not valid yet 
INFO [12-20|00:30:08] after cm.process() 
INFO [12-20|00:30:08] case: default, cm.process 
ready: 6 need: 5.3333335
INFO [12-20|00:30:08] ---------------process------------------ 
INFO [12-20|00:30:08] In RM Process                            height=1 round=0
INFO [12-20|00:30:08] --------In rm.propose------- 
len(cc.validators)= 8
chosen= 1
INFO [12-20|00:30:08] ---------------in rm.vote----------------- 
INFO [12-20|00:30:08] voted 
INFO [12-20|00:30:08] in rm.process, check lockset HasQuorum 
INFO [12-20|00:30:08] in HasQuorum 
INFO [12-20|00:30:08] In IsValid() 
len(lockset.Votes): 3 lockset.EligibleVotesNum: 8
INFO [12-20|00:30:08] rm lockset is not valid yet 
INFO [12-20|00:30:08] after cm.process() 
INFO [12-20|00:30:08] case: default, cm.process 
ready: 6 need: 5.3333335
INFO [12-20|00:30:08] ---------------process------------------ 
INFO [12-20|00:30:08] In RM Process                            height=1 round=0
INFO [12-20|00:30:08] --------In rm.propose------- 
len(cc.validators)= 8
chosen= 1
INFO [12-20|00:30:08] ---------------in rm.vote----------------- 
INFO [12-20|00:30:08] voted 
INFO [12-20|00:30:08] in rm.process, check lockset HasQuorum 
INFO [12-20|00:30:08] in HasQuorum 
INFO [12-20|00:30:08] In IsValid() 
len(lockset.Votes): 3 lockset.EligibleVotesNum: 8
INFO [12-20|00:30:08] rm lockset is not valid yet 
INFO [12-20|00:30:08] after cm.process() 
INFO [12-20|00:30:08] case: default, cm.process 
ready: 6 need: 5.3333335
INFO [12-20|00:30:08] ---------------process------------------ 
INFO [12-20|00:30:08] In RM Process                            height=1 round=0
INFO [12-20|00:30:08] --------In rm.propose------- 
len(cc.validators)= 8
chosen= 1
INFO [12-20|00:30:08] ---------------in rm.vote----------------- 
INFO [12-20|00:30:08] voted 
INFO [12-20|00:30:08] in rm.process, check lockset HasQuorum 
INFO [12-20|00:30:08] in HasQuorum 
INFO [12-20|00:30:08] In IsValid() 
len(lockset.Votes): 3 lockset.EligibleVotesNum: 8
INFO [12-20|00:30:08] rm lockset is not valid yet 
INFO [12-20|00:30:08] after cm.process() 
INFO [12-20|00:30:09] case: default, cm.process 
ready: 6 need: 5.3333335
INFO [12-20|00:30:09] ---------------process------------------ 
INFO [12-20|00:30:09] In RM Process                            height=1 round=0
INFO [12-20|00:30:09] --------In rm.propose------- 
len(cc.validators)= 8
chosen= 1
INFO [12-20|00:30:09] ---------------in rm.vote----------------- 
INFO [12-20|00:30:09] voted 
INFO [12-20|00:30:09] in rm.process, check lockset HasQuorum 
INFO [12-20|00:30:09] in HasQuorum 
INFO [12-20|00:30:09] In IsValid() 
len(lockset.Votes): 3 lockset.EligibleVotesNum: 8
INFO [12-20|00:30:09] rm lockset is not valid yet 
INFO [12-20|00:30:09] after cm.process() 
INFO [12-20|00:30:09] case: default, cm.process 
ready: 6 need: 5.3333335
INFO [12-20|00:30:09] ---------------process------------------ 
INFO [12-20|00:30:09] In RM Process                            height=1 round=0
INFO [12-20|00:30:09] --------In rm.propose------- 
len(cc.validators)= 8
chosen= 1
INFO [12-20|00:30:09] ---------------in rm.vote----------------- 
INFO [12-20|00:30:09] voted 
INFO [12-20|00:30:09] in rm.process, check lockset HasQuorum 
INFO [12-20|00:30:09] in HasQuorum 
INFO [12-20|00:30:09] In IsValid() 
len(lockset.Votes): 3 lockset.EligibleVotesNum: 8
INFO [12-20|00:30:09] rm lockset is not valid yet 
INFO [12-20|00:30:09] after cm.process() 
INFO [12-20|00:30:09] case: default, cm.process 
ready: 6 need: 5.3333335
INFO [12-20|00:30:09] ---------------process------------------ 
INFO [12-20|00:30:09] In RM Process                            height=1 round=0
INFO [12-20|00:30:09] --------In rm.propose------- 
len(cc.validators)= 8
chosen= 1
INFO [12-20|00:30:09] ---------------in rm.vote----------------- 
INFO [12-20|00:30:09] voted 
INFO [12-20|00:30:09] in rm.process, check lockset HasQuorum 
INFO [12-20|00:30:09] in HasQuorum 
INFO [12-20|00:30:09] In IsValid() 
len(lockset.Votes): 3 lockset.EligibleVotesNum: 8
INFO [12-20|00:30:09] rm lockset is not valid yet 
INFO [12-20|00:30:09] after cm.process() 
INFO [12-20|00:30:09] case: default, cm.process 
ready: 6 need: 5.3333335
INFO [12-20|00:30:09] ---------------process------------------ 
INFO [12-20|00:30:09] In RM Process                            height=1 round=0
INFO [12-20|00:30:09] --------In rm.propose------- 
len(cc.validators)= 8
chosen= 1
INFO [12-20|00:30:09] ---------------in rm.vote----------------- 
INFO [12-20|00:30:09] voted 
INFO [12-20|00:30:09] in rm.process, check lockset HasQuorum 
INFO [12-20|00:30:09] in HasQuorum 
INFO [12-20|00:30:09] In IsValid() 
len(lockset.Votes): 3 lockset.EligibleVotesNum: 8
INFO [12-20|00:30:09] rm lockset is not valid yet 
INFO [12-20|00:30:09] after cm.process() 
INFO [12-20|00:30:09] case: default, cm.process 
ready: 6 need: 5.3333335
INFO [12-20|00:30:09] ---------------process------------------ 
INFO [12-20|00:30:09] In RM Process                            height=1 round=0
INFO [12-20|00:30:09] --------In rm.propose------- 
len(cc.validators)= 8
chosen= 1
INFO [12-20|00:30:09] ---------------in rm.vote----------------- 
INFO [12-20|00:30:09] voted 
INFO [12-20|00:30:09] in rm.process, check lockset HasQuorum 
INFO [12-20|00:30:09] in HasQuorum 
INFO [12-20|00:30:09] In IsValid() 
len(lockset.Votes): 3 lockset.EligibleVotesNum: 8
INFO [12-20|00:30:09] rm lockset is not valid yet 
INFO [12-20|00:30:09] after cm.process() 
INFO [12-20|00:30:09] case: default, cm.process 
ready: 6 need: 5.3333335
INFO [12-20|00:30:09] ---------------process------------------ 
INFO [12-20|00:30:09] In RM Process                            height=1 round=0
INFO [12-20|00:30:09] --------In rm.propose------- 
len(cc.validators)= 8
chosen= 1
INFO [12-20|00:30:09] ---------------in rm.vote----------------- 
INFO [12-20|00:30:09] voted 
INFO [12-20|00:30:09] in rm.process, check lockset HasQuorum 
INFO [12-20|00:30:09] in HasQuorum 
INFO [12-20|00:30:09] In IsValid() 
len(lockset.Votes): 3 lockset.EligibleVotesNum: 8
INFO [12-20|00:30:09] rm lockset is not valid yet 
INFO [12-20|00:30:09] after cm.process() 
INFO [12-20|00:30:09] case: default, cm.process 
ready: 6 need: 5.3333335
INFO [12-20|00:30:09] ---------------process------------------ 
INFO [12-20|00:30:09] In RM Process                            height=1 round=0
INFO [12-20|00:30:09] --------In rm.propose------- 
len(cc.validators)= 8
chosen= 1
INFO [12-20|00:30:09] ---------------in rm.vote----------------- 
INFO [12-20|00:30:09] voted 
INFO [12-20|00:30:09] in rm.process, check lockset HasQuorum 
INFO [12-20|00:30:09] in HasQuorum 
INFO [12-20|00:30:09] In IsValid() 
len(lockset.Votes): 3 lockset.EligibleVotesNum: 8
INFO [12-20|00:30:09] rm lockset is not valid yet 
INFO [12-20|00:30:09] after cm.process() 
INFO [12-20|00:30:09] case: default, cm.process 
ready: 6 need: 5.3333335
INFO [12-20|00:30:09] ---------------process------------------ 
INFO [12-20|00:30:09] In RM Process                            height=1 round=0
INFO [12-20|00:30:09] --------In rm.propose------- 
len(cc.validators)= 8
chosen= 1
INFO [12-20|00:30:09] ---------------in rm.vote----------------- 
INFO [12-20|00:30:09] voted 
INFO [12-20|00:30:09] in rm.process, check lockset HasQuorum 
INFO [12-20|00:30:09] in HasQuorum 
INFO [12-20|00:30:09] In IsValid() 
len(lockset.Votes): 3 lockset.EligibleVotesNum: 8
INFO [12-20|00:30:09] rm lockset is not valid yet 
INFO [12-20|00:30:09] after cm.process() 
INFO [12-20|00:30:09] case: default, cm.process 
ready: 6 need: 5.3333335
INFO [12-20|00:30:09] ---------------process------------------ 
INFO [12-20|00:30:09] In RM Process                            height=1 round=0
INFO [12-20|00:30:09] --------In rm.propose------- 
len(cc.validators)= 8
chosen= 1
INFO [12-20|00:30:09] ---------------in rm.vote----------------- 
INFO [12-20|00:30:09] voted 
INFO [12-20|00:30:09] in rm.process, check lockset HasQuorum 
INFO [12-20|00:30:09] in HasQuorum 
INFO [12-20|00:30:09] In IsValid() 
len(lockset.Votes): 3 lockset.EligibleVotesNum: 8
INFO [12-20|00:30:09] rm lockset is not valid yet 
INFO [12-20|00:30:09] after cm.process() 
INFO [12-20|00:30:09] case: default, cm.process 
ready: 6 need: 5.3333335
INFO [12-20|00:30:09] ---------------process------------------ 
INFO [12-20|00:30:09] In RM Process                            height=1 round=0
INFO [12-20|00:30:09] --------In rm.propose------- 
len(cc.validators)= 8
chosen= 1
INFO [12-20|00:30:09] ---------------in rm.vote----------------- 
INFO [12-20|00:30:09] voted 
INFO [12-20|00:30:09] in rm.process, check lockset HasQuorum 
INFO [12-20|00:30:09] in HasQuorum 
INFO [12-20|00:30:09] In IsValid() 
len(lockset.Votes): 3 lockset.EligibleVotesNum: 8
INFO [12-20|00:30:09] rm lockset is not valid yet 
INFO [12-20|00:30:09] after cm.process() 
INFO [12-20|00:30:10] Handle BFT Msg,                          msg="msg #17 (107 bytes)"
INFO [12-20|00:30:10] ------Received VoteMsg------ 
voteHR: H: 1 R: 2 voteType:: 2 voteHash: [0 0 0 0 0 0 0 0 0 0 0 0 0 0 0 0 0 0 0 0 0 0 0 0 0 0 0 0 0 0 0 0]
cmHR: H: 1 R: 0
INFO [12-20|00:30:10] --------------------------------------- 
INFO [12-20|00:30:10] addVote to                               height=1 round=2 from=0x82a978b3f5962a5b0957d9ee9eef472ee55b42f1 success=true cm.coinbase=0xdceceaf3fc5c0a63d195d69b1a90011b7b19650d
INFO [12-20|00:30:10] ------in handle VoteMsg, success!------ 
INFO [12-20|00:30:10] case: default, cm.process 
ready: 6 need: 5.3333335
INFO [12-20|00:30:10] ---------------process------------------ 
INFO [12-20|00:30:10] In RM Process                            height=1 round=0
INFO [12-20|00:30:10] --------In rm.propose------- 
len(cc.validators)= 8
chosen= 1
INFO [12-20|00:30:10] ---------------in rm.vote----------------- 
INFO [12-20|00:30:10] voted 
INFO [12-20|00:30:10] in rm.process, check lockset HasQuorum 
INFO [12-20|00:30:10] in HasQuorum 
INFO [12-20|00:30:10] In IsValid() 
len(lockset.Votes): 3 lockset.EligibleVotesNum: 8
INFO [12-20|00:30:10] rm lockset is not valid yet 
INFO [12-20|00:30:10] after cm.process() 
INFO [12-20|00:30:10] case: default, cm.process 
ready: 6 need: 5.3333335
INFO [12-20|00:30:10] ---------------process------------------ 
INFO [12-20|00:30:10] In RM Process                            height=1 round=0
INFO [12-20|00:30:10] --------In rm.propose------- 
len(cc.validators)= 8
chosen= 1
INFO [12-20|00:30:10] ---------------in rm.vote----------------- 
INFO [12-20|00:30:10] voted 
INFO [12-20|00:30:10] in rm.process, check lockset HasQuorum 
INFO [12-20|00:30:10] in HasQuorum 
INFO [12-20|00:30:10] In IsValid() 
len(lockset.Votes): 3 lockset.EligibleVotesNum: 8
INFO [12-20|00:30:10] rm lockset is not valid yet 
INFO [12-20|00:30:10] after cm.process() 
INFO [12-20|00:30:10] case: default, cm.process 
ready: 6 need: 5.3333335
INFO [12-20|00:30:10] ---------------process------------------ 
INFO [12-20|00:30:10] In RM Process                            height=1 round=0
INFO [12-20|00:30:10] --------In rm.propose------- 
len(cc.validators)= 8
chosen= 1
INFO [12-20|00:30:10] ---------------in rm.vote----------------- 
INFO [12-20|00:30:10] voted 
INFO [12-20|00:30:10] in rm.process, check lockset HasQuorum 
INFO [12-20|00:30:10] in HasQuorum 
INFO [12-20|00:30:10] In IsValid() 
len(lockset.Votes): 3 lockset.EligibleVotesNum: 8
INFO [12-20|00:30:10] rm lockset is not valid yet 
INFO [12-20|00:30:10] after cm.process() 
INFO [12-20|00:30:10] case: default, cm.process 
ready: 6 need: 5.3333335
INFO [12-20|00:30:10] ---------------process------------------ 
INFO [12-20|00:30:10] In RM Process                            height=1 round=0
INFO [12-20|00:30:10] --------In rm.propose------- 
len(cc.validators)= 8
chosen= 1
INFO [12-20|00:30:10] ---------------in rm.vote----------------- 
INFO [12-20|00:30:10] voted 
INFO [12-20|00:30:10] in rm.process, check lockset HasQuorum 
INFO [12-20|00:30:10] in HasQuorum 
INFO [12-20|00:30:10] In IsValid() 
len(lockset.Votes): 3 lockset.EligibleVotesNum: 8
INFO [12-20|00:30:10] rm lockset is not valid yet 
INFO [12-20|00:30:10] after cm.process() 
INFO [12-20|00:30:10] case: default, cm.process 
ready: 6 need: 5.3333335
INFO [12-20|00:30:10] ---------------process------------------ 
INFO [12-20|00:30:10] In RM Process                            height=1 round=0
INFO [12-20|00:30:10] --------In rm.propose------- 
len(cc.validators)= 8
chosen= 1
INFO [12-20|00:30:10] ---------------in rm.vote----------------- 
INFO [12-20|00:30:10] voted 
INFO [12-20|00:30:10] in rm.process, check lockset HasQuorum 
INFO [12-20|00:30:10] in HasQuorum 
INFO [12-20|00:30:10] In IsValid() 
len(lockset.Votes): 3 lockset.EligibleVotesNum: 8
INFO [12-20|00:30:10] rm lockset is not valid yet 
INFO [12-20|00:30:10] after cm.process() 
INFO [12-20|00:30:10] case: default, cm.process 
ready: 6 need: 5.3333335
INFO [12-20|00:30:10] ---------------process------------------ 
INFO [12-20|00:30:10] In RM Process                            height=1 round=0
INFO [12-20|00:30:10] --------In rm.propose------- 
len(cc.validators)= 8
chosen= 1
INFO [12-20|00:30:10] ---------------in rm.vote----------------- 
INFO [12-20|00:30:10] voted 
INFO [12-20|00:30:10] in rm.process, check lockset HasQuorum 
INFO [12-20|00:30:10] in HasQuorum 
INFO [12-20|00:30:10] In IsValid() 
len(lockset.Votes): 3 lockset.EligibleVotesNum: 8
INFO [12-20|00:30:10] rm lockset is not valid yet 
INFO [12-20|00:30:10] after cm.process() 
INFO [12-20|00:30:10] case: default, cm.process 
ready: 6 need: 5.3333335
INFO [12-20|00:30:10] ---------------process------------------ 
INFO [12-20|00:30:10] In RM Process                            height=1 round=0
INFO [12-20|00:30:10] --------In rm.propose------- 
len(cc.validators)= 8
chosen= 1
INFO [12-20|00:30:10] ---------------in rm.vote----------------- 
INFO [12-20|00:30:10] voted 
INFO [12-20|00:30:10] in rm.process, check lockset HasQuorum 
INFO [12-20|00:30:10] in HasQuorum 
INFO [12-20|00:30:10] In IsValid() 
len(lockset.Votes): 3 lockset.EligibleVotesNum: 8
INFO [12-20|00:30:10] rm lockset is not valid yet 
INFO [12-20|00:30:10] after cm.process() 
INFO [12-20|00:30:10] case: default, cm.process 
ready: 6 need: 5.3333335
INFO [12-20|00:30:10] ---------------process------------------ 
INFO [12-20|00:30:10] In RM Process                            height=1 round=0
INFO [12-20|00:30:10] --------In rm.propose------- 
len(cc.validators)= 8
chosen= 1
INFO [12-20|00:30:10] ---------------in rm.vote----------------- 
INFO [12-20|00:30:10] voted 
INFO [12-20|00:30:10] in rm.process, check lockset HasQuorum 
INFO [12-20|00:30:10] in HasQuorum 
INFO [12-20|00:30:10] In IsValid() 
len(lockset.Votes): 3 lockset.EligibleVotesNum: 8
INFO [12-20|00:30:10] rm lockset is not valid yet 
INFO [12-20|00:30:10] after cm.process() 
INFO [12-20|00:30:10] case: default, cm.process 
ready: 6 need: 5.3333335
INFO [12-20|00:30:10] ---------------process------------------ 
INFO [12-20|00:30:10] In RM Process                            height=1 round=0
INFO [12-20|00:30:10] --------In rm.propose------- 
len(cc.validators)= 8
chosen= 1
INFO [12-20|00:30:10] ---------------in rm.vote----------------- 
INFO [12-20|00:30:10] voted 
INFO [12-20|00:30:10] in rm.process, check lockset HasQuorum 
INFO [12-20|00:30:10] in HasQuorum 
INFO [12-20|00:30:10] In IsValid() 
len(lockset.Votes): 3 lockset.EligibleVotesNum: 8
INFO [12-20|00:30:10] rm lockset is not valid yet 
INFO [12-20|00:30:10] after cm.process() 
INFO [12-20|00:30:10] case: default, cm.process 
ready: 6 need: 5.3333335
INFO [12-20|00:30:10] ---------------process------------------ 
INFO [12-20|00:30:10] In RM Process                            height=1 round=0
INFO [12-20|00:30:10] --------In rm.propose------- 
len(cc.validators)= 8
chosen= 1
INFO [12-20|00:30:10] ---------------in rm.vote----------------- 
INFO [12-20|00:30:10] voted 
INFO [12-20|00:30:10] in rm.process, check lockset HasQuorum 
INFO [12-20|00:30:10] in HasQuorum 
INFO [12-20|00:30:10] In IsValid() 
len(lockset.Votes): 3 lockset.EligibleVotesNum: 8
INFO [12-20|00:30:10] rm lockset is not valid yet 
INFO [12-20|00:30:10] after cm.process() 
INFO [12-20|00:30:11] case: default, cm.process 
ready: 6 need: 5.3333335
INFO [12-20|00:30:11] ---------------process------------------ 
INFO [12-20|00:30:11] In RM Process                            height=1 round=0
INFO [12-20|00:30:11] --------In rm.propose------- 
len(cc.validators)= 8
chosen= 1
INFO [12-20|00:30:11] ---------------in rm.vote----------------- 
INFO [12-20|00:30:11] voted 
INFO [12-20|00:30:11] in rm.process, check lockset HasQuorum 
INFO [12-20|00:30:11] in HasQuorum 
INFO [12-20|00:30:11] In IsValid() 
len(lockset.Votes): 3 lockset.EligibleVotesNum: 8
INFO [12-20|00:30:11] rm lockset is not valid yet 
INFO [12-20|00:30:11] after cm.process() 
