INFO [12-20|00:31:03] Starting peer-to-peer node               instance=Geth/v1.6.7-unstable-8a69efc3/darwin-amd64/go1.9.7
INFO [12-20|00:31:03] Allocated cache and file handles         database=/Users/sujianwei20/FastBFT_ethereum/msigcode/examples/data/node4/geth/chaindata cache=128 handles=1024
WARN [12-20|00:31:03] Upgrading chain database to use sequential keys 
INFO [12-20|00:31:03] Initialised chain configuration          config="{ChainID: 2235 Homestead: 1 DAO: <nil> DAOSupport: false EIP150: 2 EIP155: 3 EIP158: 3 Metropolis: <nil> Engine: ethash}"
INFO [12-20|00:31:03] config bft is                            bft=true
WARN [12-20|00:31:03] Upgrading db log bloom bins 
INFO [12-20|00:31:03] Bloom-bin upgrade completed              elapsed=318.967µs
INFO [12-20|00:31:03] Initialising Ethereum protocol           versions="[63 62]" network=2234
INFO [12-20|00:31:03] Loaded most recent local header          number=0 hash=d7ec7f…e94916 td=1048576
INFO [12-20|00:31:03] Loaded most recent local full block      number=0 hash=d7ec7f…e94916 td=1048576
INFO [12-20|00:31:03] Loaded most recent local fast block      number=0 hash=d7ec7f…e94916 td=1048576
INFO [12-20|00:31:03] in NewTxPool, call resetState 
INFO [12-20|00:31:03] in NewTxPool, call pool.eventLoog() 
INFO [12-20|00:31:03] Allocated cache and file handles         database=/Users/sujianwei20/FastBFT_ethereum/msigcode/examples/data/node4/geth/bftData   cache=128 handles=1024
INFO [12-20|00:31:03] Database conversion successful 
INFO [12-20|00:31:03] addVote to                               height=0 round=0 from=0x598443f1880ef585b21f1d7585bd0577402861e5 success=true cm.coinbase=0x598443f1880ef585b21f1d7585bd0577402861e5
ready: 1 need: 5.3333335
INFO [12-20|00:31:03] consensusManager not ready  
ready: 1 need: 5.3333335
INFO [12-20|00:31:03] Starting P2P networking 
INFO [12-20|00:31:03] HTTP endpoint opened: http://127.0.0.1:8548 
INFO [12-20|00:31:03] RLPx listener up                         self="enode://d9d5b902798f5c42901f3fd993e58a9fb2ded12c3996e2a3849d4fdfcd0c3516aa806f56d93a759278d1c92e88b0daccffc69312581544c9f680a13a2e556a9e@[::]:30306?discport=0"
INFO [12-20|00:31:03] ---In BFTvalidatorCommitBlock--- 
INFO [12-20|00:31:03] IPC endpoint opened: /Users/sujianwei20/FastBFT_ethereum/msigcode/examples/data/node4/geth.ipc 
INFO [12-20|00:31:04] Handle BFT Msg,                          msg="msg #8 (78 bytes)"
INFO [12-20|00:31:04] ------Received ReadMsg------ 
AddReady from: [125 87 122 89 123 39 66 180 152 203 92 240 194 108 220 215 38 211 158 110]
INFO [12-20|00:31:04] send Ready msg 
INFO [12-20|00:31:04] send Ready msg 
INFO [12-20|00:31:04] send Ready msg 
INFO [12-20|00:31:04] send Ready msg 
INFO [12-20|00:31:04] send Ready msg 
INFO [12-20|00:31:04] Handle BFT Msg,                          msg="msg #8 (78 bytes)"
INFO [12-20|00:31:04] ------Received ReadMsg------ 
AddReady from: [125 87 122 89 123 39 66 180 152 203 92 240 194 108 220 215 38 211 158 110]
INFO [12-20|00:31:04] Handle BFT Msg,                          msg="msg #8 (78 bytes)"
INFO [12-20|00:31:04] ------Received ReadMsg------ 
AddReady from: [125 87 122 89 123 39 66 180 152 203 92 240 194 108 220 215 38 211 158 110]
INFO [12-20|00:31:04] Handle BFT Msg,                          msg="msg #8 (78 bytes)"
INFO [12-20|00:31:04] ------Received ReadMsg------ 
AddReady from: [125 87 122 89 123 39 66 180 152 203 92 240 194 108 220 215 38 211 158 110]
INFO [12-20|00:31:04] Handle BFT Msg,                          msg="msg #8 (78 bytes)"
INFO [12-20|00:31:04] ------Received ReadMsg------ 
AddReady from: [125 87 122 89 123 39 66 180 152 203 92 240 194 108 220 215 38 211 158 110]
INFO [12-20|00:31:04] Handle BFT Msg,                          msg="msg #8 (78 bytes)"
INFO [12-20|00:31:04] ------Received ReadMsg------ 
AddReady from: [220 236 234 243 252 92 10 99 209 149 214 155 26 144 1 27 123 25 101 13]
INFO [12-20|00:31:04] send Ready msg 
INFO [12-20|00:31:04] send Ready msg 
INFO [12-20|00:31:04] send Ready msg 
INFO [12-20|00:31:04] send Ready msg 
INFO [12-20|00:31:04] send Ready msg 
INFO [12-20|00:31:04] Handle BFT Msg,                          msg="msg #8 (78 bytes)"
INFO [12-20|00:31:04] ------Received ReadMsg------ 
AddReady from: [220 236 234 243 252 92 10 99 209 149 214 155 26 144 1 27 123 25 101 13]
INFO [12-20|00:31:04] Handle BFT Msg,                          msg="msg #8 (78 bytes)"
INFO [12-20|00:31:04] ------Received ReadMsg------ 
AddReady from: [220 236 234 243 252 92 10 99 209 149 214 155 26 144 1 27 123 25 101 13]
INFO [12-20|00:31:04] Handle BFT Msg,                          msg="msg #8 (78 bytes)"
INFO [12-20|00:31:04] ------Received ReadMsg------ 
AddReady from: [220 236 234 243 252 92 10 99 209 149 214 155 26 144 1 27 123 25 101 13]
INFO [12-20|00:31:04] Handle BFT Msg,                          msg="msg #8 (78 bytes)"
INFO [12-20|00:31:04] ------Received ReadMsg------ 
AddReady from: [220 236 234 243 252 92 10 99 209 149 214 155 26 144 1 27 123 25 101 13]
INFO [12-20|00:31:04] Handle BFT Msg,                          msg="msg #8 (78 bytes)"
INFO [12-20|00:31:04] ------Received ReadMsg------ 
AddReady from: [19 203 184 217 156 108 78 15 39 40 199 215 38 6 231 138 41 196 226 36]
INFO [12-20|00:31:04] send Ready msg 
INFO [12-20|00:31:04] send Ready msg 
INFO [12-20|00:31:04] send Ready msg 
INFO [12-20|00:31:04] send Ready msg 
INFO [12-20|00:31:04] send Ready msg 
INFO [12-20|00:31:04] Handle BFT Msg,                          msg="msg #8 (78 bytes)"
INFO [12-20|00:31:04] ------Received ReadMsg------ 
AddReady from: [19 203 184 217 156 108 78 15 39 40 199 215 38 6 231 138 41 196 226 36]
INFO [12-20|00:31:04] Handle BFT Msg,                          msg="msg #8 (78 bytes)"
INFO [12-20|00:31:04] ------Received ReadMsg------ 
AddReady from: [19 203 184 217 156 108 78 15 39 40 199 215 38 6 231 138 41 196 226 36]
INFO [12-20|00:31:04] Handle BFT Msg,                          msg="msg #8 (78 bytes)"
INFO [12-20|00:31:04] ------Received ReadMsg------ 
AddReady from: [19 203 184 217 156 108 78 15 39 40 199 215 38 6 231 138 41 196 226 36]
INFO [12-20|00:31:04] Handle BFT Msg,                          msg="msg #8 (78 bytes)"
INFO [12-20|00:31:04] ------Received ReadMsg------ 
AddReady from: [19 203 184 217 156 108 78 15 39 40 199 215 38 6 231 138 41 196 226 36]
INFO [12-20|00:31:04] Handle BFT Msg,                          msg="msg #8 (78 bytes)"
INFO [12-20|00:31:04] ------Received ReadMsg------ 
AddReady from: [130 169 120 179 245 150 42 91 9 87 217 238 158 239 71 46 229 91 66 241]
INFO [12-20|00:31:04] send Ready msg 
INFO [12-20|00:31:04] send Ready msg 
INFO [12-20|00:31:04] send Ready msg 
INFO [12-20|00:31:04] send Ready msg 
INFO [12-20|00:31:04] send Ready msg 
INFO [12-20|00:31:04] Handle BFT Msg,                          msg="msg #8 (78 bytes)"
INFO [12-20|00:31:04] ------Received ReadMsg------ 
AddReady from: [130 169 120 179 245 150 42 91 9 87 217 238 158 239 71 46 229 91 66 241]
INFO [12-20|00:31:04] Handle BFT Msg,                          msg="msg #8 (78 bytes)"
INFO [12-20|00:31:04] ------Received ReadMsg------ 
AddReady from: [130 169 120 179 245 150 42 91 9 87 217 238 158 239 71 46 229 91 66 241]
INFO [12-20|00:31:04] Handle BFT Msg,                          msg="msg #8 (78 bytes)"
INFO [12-20|00:31:04] ------Received ReadMsg------ 
AddReady from: [130 169 120 179 245 150 42 91 9 87 217 238 158 239 71 46 229 91 66 241]
INFO [12-20|00:31:04] Handle BFT Msg,                          msg="msg #8 (78 bytes)"
INFO [12-20|00:31:04] ------Received ReadMsg------ 
AddReady from: [130 169 120 179 245 150 42 91 9 87 217 238 158 239 71 46 229 91 66 241]
ready: 5 need: 5.3333335
INFO [12-20|00:31:04] consensusManager not ready  
ready: 5 need: 5.3333335
INFO [12-20|00:31:04] send Ready msg 
INFO [12-20|00:31:04] send Ready msg 
INFO [12-20|00:31:04] send Ready msg 
INFO [12-20|00:31:04] send Ready msg 
INFO [12-20|00:31:04] send Ready msg 
INFO [12-20|00:31:04] Handle BFT Msg,                          msg="msg #8 (78 bytes)"
INFO [12-20|00:31:04] ------Received ReadMsg------ 
AddReady from: [89 132 67 241 136 14 245 133 178 31 29 117 133 189 5 119 64 40 97 229]
INFO [12-20|00:31:04] Handle BFT Msg,                          msg="msg #8 (78 bytes)"
INFO [12-20|00:31:04] ------Received ReadMsg------ 
AddReady from: [89 132 67 241 136 14 245 133 178 31 29 117 133 189 5 119 64 40 97 229]
INFO [12-20|00:31:04] Handle BFT Msg,                          msg="msg #8 (78 bytes)"
INFO [12-20|00:31:04] ------Received ReadMsg------ 
AddReady from: [89 132 67 241 136 14 245 133 178 31 29 117 133 189 5 119 64 40 97 229]
INFO [12-20|00:31:04] Handle BFT Msg,                          msg="msg #8 (78 bytes)"
INFO [12-20|00:31:04] ------Received ReadMsg------ 
INFO [12-20|00:31:04] Handle BFT Msg,                          msg="msg #8 (78 bytes)"
INFO [12-20|00:31:04] ------Received ReadMsg------ 
AddReady from: [89 132 67 241 136 14 245 133 178 31 29 117 133 189 5 119 64 40 97 229]
AddReady from: [89 132 67 241 136 14 245 133 178 31 29 117 133 189 5 119 64 40 97 229]
INFO [12-20|00:31:04] Handle BFT Msg,                          msg="msg #8 (78 bytes)"
INFO [12-20|00:31:04] ------Received ReadMsg------ 
AddReady from: [119 219 43 235 186 121 219 66 169 120 248 150 150 143 74 252 231 70 234 31]
INFO [12-20|00:31:04] send Ready msg 
INFO [12-20|00:31:04] send Ready msg 
INFO [12-20|00:31:04] send Ready msg 
INFO [12-20|00:31:04] send Ready msg 
INFO [12-20|00:31:04] send Ready msg 
INFO [12-20|00:31:04] Handle BFT Msg,                          msg="msg #8 (78 bytes)"
INFO [12-20|00:31:04] ------Received ReadMsg------ 
AddReady from: [119 219 43 235 186 121 219 66 169 120 248 150 150 143 74 252 231 70 234 31]
INFO [12-20|00:31:04] Handle BFT Msg,                          msg="msg #8 (78 bytes)"
INFO [12-20|00:31:04] ------Received ReadMsg------ 
AddReady from: [119 219 43 235 186 121 219 66 169 120 248 150 150 143 74 252 231 70 234 31]
INFO [12-20|00:31:04] Handle BFT Msg,                          msg="msg #8 (78 bytes)"
INFO [12-20|00:31:04] ------Received ReadMsg------ 
AddReady from: [119 219 43 235 186 121 219 66 169 120 248 150 150 143 74 252 231 70 234 31]
INFO [12-20|00:31:04] Handle BFT Msg,                          msg="msg #8 (78 bytes)"
INFO [12-20|00:31:04] ------Received ReadMsg------ 
AddReady from: [119 219 43 235 186 121 219 66 169 120 248 150 150 143 74 252 231 70 234 31]
INFO [12-20|00:31:04] Handle BFT Msg,                          msg="msg #8 (78 bytes)"
INFO [12-20|00:31:04] ------Received ReadMsg------ 
AddReady from: [125 87 122 89 123 39 66 180 152 203 92 240 194 108 220 215 38 211 158 110]
INFO [12-20|00:31:04] send Ready msg 
INFO [12-20|00:31:04] send Ready msg 
INFO [12-20|00:31:04] send Ready msg 
INFO [12-20|00:31:04] send Ready msg 
INFO [12-20|00:31:04] send Ready msg 
INFO [12-20|00:31:04] Handle BFT Msg,                          msg="msg #8 (78 bytes)"
INFO [12-20|00:31:04] ------Received ReadMsg------ 
AddReady from: [125 87 122 89 123 39 66 180 152 203 92 240 194 108 220 215 38 211 158 110]
INFO [12-20|00:31:04] Handle BFT Msg,                          msg="msg #8 (78 bytes)"
INFO [12-20|00:31:04] ------Received ReadMsg------ 
AddReady from: [125 87 122 89 123 39 66 180 152 203 92 240 194 108 220 215 38 211 158 110]
INFO [12-20|00:31:04] Handle BFT Msg,                          msg="msg #8 (78 bytes)"
INFO [12-20|00:31:04] ------Received ReadMsg------ 
INFO [12-20|00:31:04] Handle BFT Msg,                          msg="msg #8 (78 bytes)"
INFO [12-20|00:31:04] ------Received ReadMsg------ 
AddReady from: [125 87 122 89 123 39 66 180 152 203 92 240 194 108 220 215 38 211 158 110]
AddReady from: [125 87 122 89 123 39 66 180 152 203 92 240 194 108 220 215 38 211 158 110]
INFO [12-20|00:31:04] Handle BFT Msg,                          msg="msg #8 (78 bytes)"
INFO [12-20|00:31:04] ------Received ReadMsg------ 
AddReady from: [220 236 234 243 252 92 10 99 209 149 214 155 26 144 1 27 123 25 101 13]
INFO [12-20|00:31:04] send Ready msg 
INFO [12-20|00:31:04] send Ready msg 
INFO [12-20|00:31:04] send Ready msg 
INFO [12-20|00:31:04] send Ready msg 
INFO [12-20|00:31:04] send Ready msg 
INFO [12-20|00:31:04] Handle BFT Msg,                          msg="msg #8 (78 bytes)"
INFO [12-20|00:31:04] ------Received ReadMsg------ 
INFO [12-20|00:31:04] Handle BFT Msg,                          msg="msg #8 (78 bytes)"
INFO [12-20|00:31:04] ------Received ReadMsg------ 
AddReady from: [220 236 234 243 252 92 10 99 209 149 214 155 26 144 1 27 123 25 101 13]
INFO [12-20|00:31:04] Handle BFT Msg,                          msg="msg #8 (78 bytes)"
INFO [12-20|00:31:04] ------Received ReadMsg------ 
AddReady from: [220 236 234 243 252 92 10 99 209 149 214 155 26 144 1 27 123 25 101 13]
AddReady from: [220 236 234 243 252 92 10 99 209 149 214 155 26 144 1 27 123 25 101 13]
INFO [12-20|00:31:04] Handle BFT Msg,                          msg="msg #8 (78 bytes)"
INFO [12-20|00:31:04] ------Received ReadMsg------ 
AddReady from: [220 236 234 243 252 92 10 99 209 149 214 155 26 144 1 27 123 25 101 13]
INFO [12-20|00:31:04] Handle BFT Msg,                          msg="msg #8 (78 bytes)"
INFO [12-20|00:31:04] ------Received ReadMsg------ 
AddReady from: [19 203 184 217 156 108 78 15 39 40 199 215 38 6 231 138 41 196 226 36]
INFO [12-20|00:31:04] send Ready msg 
INFO [12-20|00:31:04] send Ready msg 
INFO [12-20|00:31:04] send Ready msg 
INFO [12-20|00:31:04] send Ready msg 
INFO [12-20|00:31:04] send Ready msg 
INFO [12-20|00:31:04] Handle BFT Msg,                          msg="msg #8 (78 bytes)"
INFO [12-20|00:31:04] ------Received ReadMsg------ 
INFO [12-20|00:31:04] Handle BFT Msg,                          msg="msg #8 (78 bytes)"
INFO [12-20|00:31:04] ------Received ReadMsg------ 
AddReady from: [19 203 184 217 156 108 78 15 39 40 199 215 38 6 231 138 41 196 226 36]
INFO [12-20|00:31:04] Handle BFT Msg,                          msg="msg #8 (78 bytes)"
INFO [12-20|00:31:04] ------Received ReadMsg------ 
AddReady from: [19 203 184 217 156 108 78 15 39 40 199 215 38 6 231 138 41 196 226 36]
INFO [12-20|00:31:04] Handle BFT Msg,                          msg="msg #8 (78 bytes)"
INFO [12-20|00:31:04] ------Received ReadMsg------ 
AddReady from: [19 203 184 217 156 108 78 15 39 40 199 215 38 6 231 138 41 196 226 36]
AddReady from: [19 203 184 217 156 108 78 15 39 40 199 215 38 6 231 138 41 196 226 36]
INFO [12-20|00:31:04] Handle BFT Msg,                          msg="msg #8 (78 bytes)"
INFO [12-20|00:31:04] ------Received ReadMsg------ 
AddReady from: [130 169 120 179 245 150 42 91 9 87 217 238 158 239 71 46 229 91 66 241]
INFO [12-20|00:31:04] send Ready msg 
INFO [12-20|00:31:04] send Ready msg 
INFO [12-20|00:31:04] send Ready msg 
INFO [12-20|00:31:04] send Ready msg 
INFO [12-20|00:31:04] send Ready msg 
INFO [12-20|00:31:04] Handle BFT Msg,                          msg="msg #8 (78 bytes)"
INFO [12-20|00:31:04] ------Received ReadMsg------ 
AddReady from: [130 169 120 179 245 150 42 91 9 87 217 238 158 239 71 46 229 91 66 241]
INFO [12-20|00:31:04] Handle BFT Msg,                          msg="msg #8 (78 bytes)"
INFO [12-20|00:31:04] ------Received ReadMsg------ 
AddReady from: [130 169 120 179 245 150 42 91 9 87 217 238 158 239 71 46 229 91 66 241]
INFO [12-20|00:31:04] Handle BFT Msg,                          msg="msg #8 (78 bytes)"
INFO [12-20|00:31:04] ------Received ReadMsg------ 
AddReady from: [130 169 120 179 245 150 42 91 9 87 217 238 158 239 71 46 229 91 66 241]
INFO [12-20|00:31:04] Handle BFT Msg,                          msg="msg #8 (78 bytes)"
INFO [12-20|00:31:04] ------Received ReadMsg------ 
AddReady from: [130 169 120 179 245 150 42 91 9 87 217 238 158 239 71 46 229 91 66 241]
ready: 6 need: 5.3333335
ready: 6 need: 5.3333335
INFO [12-20|00:31:04] send Ready msg 
INFO [12-20|00:31:04] send Ready msg 
INFO [12-20|00:31:04] send Ready msg 
INFO [12-20|00:31:04] send Ready msg 
INFO [12-20|00:31:04] send Ready msg 
INFO [12-20|00:31:04] -----------------consensusManager Ready------------------------- 
INFO [12-20|00:31:04] Handle BFT Msg,                          msg="msg #8 (78 bytes)"
INFO [12-20|00:31:04] ------Received ReadMsg------ 
AddReady from: [89 132 67 241 136 14 245 133 178 31 29 117 133 189 5 119 64 40 97 229]
INFO [12-20|00:31:04] Handle BFT Msg,                          msg="msg #8 (78 bytes)"
INFO [12-20|00:31:04] ------Received ReadMsg------ 
AddReady from: [89 132 67 241 136 14 245 133 178 31 29 117 133 189 5 119 64 40 97 229]
INFO [12-20|00:31:04] Handle BFT Msg,                          msg="msg #8 (78 bytes)"
INFO [12-20|00:31:04] ------Received ReadMsg------ 
AddReady from: [89 132 67 241 136 14 245 133 178 31 29 117 133 189 5 119 64 40 97 229]
INFO [12-20|00:31:04] Handle BFT Msg,                          msg="msg #8 (78 bytes)"
INFO [12-20|00:31:04] ------Received ReadMsg------ 
AddReady from: [89 132 67 241 136 14 245 133 178 31 29 117 133 189 5 119 64 40 97 229]
INFO [12-20|00:31:04] Handle BFT Msg,                          msg="msg #8 (78 bytes)"
INFO [12-20|00:31:04] ------Received ReadMsg------ 
AddReady from: [89 132 67 241 136 14 245 133 178 31 29 117 133 189 5 119 64 40 97 229]
INFO [12-20|00:31:04] Handle BFT Msg,                          msg="msg #8 (78 bytes)"
INFO [12-20|00:31:04] ------Received ReadMsg------ 
AddReady from: [89 132 67 241 136 14 245 133 178 31 29 117 133 189 5 119 64 40 97 229]
INFO [12-20|00:31:26] Transaction pool price threshold updated price=18000000000
INFO [12-20|00:31:26] Starting mining operation 
INFO [12-20|00:31:26] ---atomic.LoadInt32(&self.mining) == 1 && work.tcount == 0--- 
INFO [12-20|00:31:29] ---atomic.LoadInt32(&self.mining) == 1 && work.tcount == 0--- 
INFO [12-20|00:31:30] Handle BFT Msg,                          msg="msg #17 (107 bytes)"
INFO [12-20|00:31:30] ------Received VoteMsg------ 
voteHR: H: 1 R: 0 voteType:: 2 voteHash: [0 0 0 0 0 0 0 0 0 0 0 0 0 0 0 0 0 0 0 0 0 0 0 0 0 0 0 0 0 0 0 0]
cmHR: H: 1 R: 0
INFO [12-20|00:31:30] --------------------------------------- 
INFO [12-20|00:31:30] addVote to                               height=1 round=0 from=0x82a978b3f5962a5b0957d9ee9eef472ee55b42f1 success=true cm.coinbase=0x598443f1880ef585b21f1d7585bd0577402861e5
INFO [12-20|00:31:30] ------in handle VoteMsg, success!------ 
INFO [12-20|00:31:32] ---atomic.LoadInt32(&self.mining) == 1 && work.tcount == 0--- 
INFO [12-20|00:31:32] Handle BFT Msg,                          msg="msg #11 (65034 bytes)"
INFO [12-20|00:31:32] -------Received NewBlockProposalMsg------- 
bpHR: H: 1 R: 0
cmHR: H: 1 R: 0
INFO [12-20|00:31:32] --------------------------------------- 
INFO [12-20|00:31:32] ------------------this is sendMsig ------------------------- 
INFO [12-20|00:31:32] In IsValid() 
len(lockset.Votes): 0 lockset.EligibleVotesNum: 0
INFO [12-20|00:31:32] cm add BlockProposal                     h=1 r=0
INFO [12-20|00:31:32] in HasQuorum 
INFO [12-20|00:31:32] In IsValid() 
len(lockset.Votes): 1 lockset.EligibleVotesNum: 0
INFO [12-20|00:31:32] In addBlockCandidates!! 
INFO [12-20|00:31:32] -------in handle NewBlockProposalMsg, success!------- 
INFO [12-20|00:31:35] Handle BFT Msg,                          msg="msg #17 (107 bytes)"
INFO [12-20|00:31:35] ------Received VoteMsg------ 
voteHR: H: 1 R: 0 voteType:: 2 voteHash: [0 0 0 0 0 0 0 0 0 0 0 0 0 0 0 0 0 0 0 0 0 0 0 0 0 0 0 0 0 0 0 0]
cmHR: H: 1 R: 0
INFO [12-20|00:31:35] --------------------------------------- 
INFO [12-20|00:31:35] addVote to                               height=1 round=0 from=0x7d577a597b2742b498cb5cf0c26cdcd726d39e6e success=true cm.coinbase=0x598443f1880ef585b21f1d7585bd0577402861e5
INFO [12-20|00:31:35] ------in handle VoteMsg, success!------ 
INFO [12-20|00:31:35] ---atomic.LoadInt32(&self.mining) == 1 && work.tcount == 0--- 
INFO [12-20|00:31:36] Handle BFT Msg,                          msg="msg #17 (107 bytes)"
INFO [12-20|00:31:36] ------Received VoteMsg------ 
voteHR: H: 1 R: 1 voteType:: 2 voteHash: [0 0 0 0 0 0 0 0 0 0 0 0 0 0 0 0 0 0 0 0 0 0 0 0 0 0 0 0 0 0 0 0]
cmHR: H: 1 R: 0
INFO [12-20|00:31:36] --------------------------------------- 
INFO [12-20|00:31:36] addVote to                               height=1 round=1 from=0x82a978b3f5962a5b0957d9ee9eef472ee55b42f1 success=true cm.coinbase=0x598443f1880ef585b21f1d7585bd0577402861e5
INFO [12-20|00:31:36] ------in handle VoteMsg, success!------ 
INFO [12-20|00:31:38] ---atomic.LoadInt32(&self.mining) == 1 && work.tcount == 0--- 
INFO [12-20|00:31:41] Handle BFT Msg,                          msg="msg #17 (107 bytes)"
INFO [12-20|00:31:41] ------Received VoteMsg------ 
voteHR: H: 1 R: 1 voteType:: 2 voteHash: [0 0 0 0 0 0 0 0 0 0 0 0 0 0 0 0 0 0 0 0 0 0 0 0 0 0 0 0 0 0 0 0]
cmHR: H: 1 R: 0
INFO [12-20|00:31:41] --------------------------------------- 
INFO [12-20|00:31:41] addVote to                               height=1 round=1 from=0x7d577a597b2742b498cb5cf0c26cdcd726d39e6e success=true cm.coinbase=0x598443f1880ef585b21f1d7585bd0577402861e5
INFO [12-20|00:31:41] ------in handle VoteMsg, success!------ 
INFO [12-20|00:31:41] ---atomic.LoadInt32(&self.mining) == 1 && work.tcount == 0--- 
INFO [12-20|00:31:44] ---atomic.LoadInt32(&self.mining) == 1 && work.tcount == 0--- 
INFO [12-20|00:31:45] Handle BFT Msg,                          msg="msg #17 (107 bytes)"
INFO [12-20|00:31:45] ------Received VoteMsg------ 
voteHR: H: 1 R: 0 voteType:: 1 voteHash: [201 94 61 13 209 52 149 205 232 60 203 22 33 9 173 86 227 170 170 6 244 122 216 49 190 71 62 44 159 4 251 229]
cmHR: H: 1 R: 0
INFO [12-20|00:31:45] --------------------------------------- 
INFO [12-20|00:31:45] addVote to                               height=1 round=0 from=0xdceceaf3fc5c0a63d195d69b1a90011b7b19650d success=true cm.coinbase=0x598443f1880ef585b21f1d7585bd0577402861e5
INFO [12-20|00:31:45] ------in handle VoteMsg, success!------ 
INFO [12-20|00:31:46] Handle BFT Msg,                          msg="msg #17 (107 bytes)"
INFO [12-20|00:31:46] ------Received VoteMsg------ 
voteHR: H: 1 R: 2 voteType:: 2 voteHash: [0 0 0 0 0 0 0 0 0 0 0 0 0 0 0 0 0 0 0 0 0 0 0 0 0 0 0 0 0 0 0 0]
cmHR: H: 1 R: 0
INFO [12-20|00:31:46] --------------------------------------- 
INFO [12-20|00:31:46] addVote to                               height=1 round=2 from=0x82a978b3f5962a5b0957d9ee9eef472ee55b42f1 success=true cm.coinbase=0x598443f1880ef585b21f1d7585bd0577402861e5
INFO [12-20|00:31:46] ------in handle VoteMsg, success!------ 
