INFO [12-20|00:27:49] Starting peer-to-peer node               instance=Geth/v1.6.7-unstable-8a69efc3/darwin-amd64/go1.9.7
INFO [12-20|00:27:49] Allocated cache and file handles         database=/Users/sujianwei20/FastBFT_ethereum/msigcode/examples/data/node5/geth/chaindata cache=128 handles=1024
WARN [12-20|00:27:49] Upgrading chain database to use sequential keys 
INFO [12-20|00:27:49] Initialised chain configuration          config="{ChainID: 2235 Homestead: 1 DAO: <nil> DAOSupport: false EIP150: 2 EIP155: 3 EIP158: 3 Metropolis: <nil> Engine: ethash}"
INFO [12-20|00:27:49] config bft is                            bft=true
WARN [12-20|00:27:49] Upgrading db log bloom bins 
INFO [12-20|00:27:49] Bloom-bin upgrade completed              elapsed=204.863µs
INFO [12-20|00:27:49] Initialising Ethereum protocol           versions="[63 62]" network=2234
INFO [12-20|00:27:49] Loaded most recent local header          number=0 hash=d3665d…084c8f td=1048576
INFO [12-20|00:27:49] Loaded most recent local full block      number=0 hash=d3665d…084c8f td=1048576
INFO [12-20|00:27:49] Loaded most recent local fast block      number=0 hash=d3665d…084c8f td=1048576
INFO [12-20|00:27:49] in NewTxPool, call resetState 
INFO [12-20|00:27:49] in NewTxPool, call pool.eventLoog() 
INFO [12-20|00:27:49] Allocated cache and file handles         database=/Users/sujianwei20/FastBFT_ethereum/msigcode/examples/data/node5/geth/bftData   cache=128 handles=1024
INFO [12-20|00:27:49] Database conversion successful 
INFO [12-20|00:27:49] addVote to                               height=0 round=0 from=0x13cbb8d99c6c4e0f2728c7d72606e78a29c4e224 success=true cm.coinbase=0x13cbb8d99c6c4e0f2728c7d72606e78a29c4e224
ready: 1 need: 5.3333335
INFO [12-20|00:27:49] consensusManager not ready  
ready: 1 need: 5.3333335
INFO [12-20|00:27:49] Starting P2P networking 
INFO [12-20|00:27:49] ---In BFTvalidatorCommitBlock--- 
INFO [12-20|00:27:49] RLPx listener up                         self="enode://ae6aee36993a5b48cf3a36a6cf10cf5e767e56e253d232f8462a4b74ee3374d097740441cc12f6e05154d9649c18faa084a73bc5f3abc370173a9c87d3430e7b@[::]:30307?discport=0"
INFO [12-20|00:27:49] HTTP endpoint opened: http://127.0.0.1:8549 
INFO [12-20|00:27:49] IPC endpoint opened: /Users/sujianwei20/FastBFT_ethereum/msigcode/examples/data/node5/geth.ipc 
INFO [12-20|00:27:49] Handle BFT Msg,                          msg="msg #8 (78 bytes)"
INFO [12-20|00:27:49] ------Received ReadMsg------ 
AddReady from: [220 236 234 243 252 92 10 99 209 149 214 155 26 144 1 27 123 25 101 13]
INFO [12-20|00:27:49] send Ready msg 
INFO [12-20|00:27:49] send Ready msg 
INFO [12-20|00:27:49] send Ready msg 
INFO [12-20|00:27:49] send Ready msg 
INFO [12-20|00:27:49] Handle BFT Msg,                          msg="msg #8 (78 bytes)"
INFO [12-20|00:27:49] ------Received ReadMsg------ 
AddReady from: [220 236 234 243 252 92 10 99 209 149 214 155 26 144 1 27 123 25 101 13]
INFO [12-20|00:27:49] Handle BFT Msg,                          msg="msg #8 (78 bytes)"
INFO [12-20|00:27:49] ------Received ReadMsg------ 
AddReady from: [220 236 234 243 252 92 10 99 209 149 214 155 26 144 1 27 123 25 101 13]
INFO [12-20|00:27:49] Handle BFT Msg,                          msg="msg #8 (78 bytes)"
INFO [12-20|00:27:49] ------Received ReadMsg------ 
AddReady from: [220 236 234 243 252 92 10 99 209 149 214 155 26 144 1 27 123 25 101 13]
INFO [12-20|00:27:50] Handle BFT Msg,                          msg="msg #8 (78 bytes)"
INFO [12-20|00:27:50] ------Received ReadMsg------ 
AddReady from: [89 132 67 241 136 14 245 133 178 31 29 117 133 189 5 119 64 40 97 229]
INFO [12-20|00:27:50] send Ready msg 
INFO [12-20|00:27:50] Handle BFT Msg,                          msg="msg #8 (78 bytes)"
INFO [12-20|00:27:50] ------Received ReadMsg------ 
AddReady from: [89 132 67 241 136 14 245 133 178 31 29 117 133 189 5 119 64 40 97 229]
INFO [12-20|00:27:50] send Ready msg 
INFO [12-20|00:27:50] send Ready msg 
INFO [12-20|00:27:50] send Ready msg 
INFO [12-20|00:27:50] send Ready msg 
INFO [12-20|00:27:50] Handle BFT Msg,                          msg="msg #8 (78 bytes)"
INFO [12-20|00:27:50] ------Received ReadMsg------ 
AddReady from: [89 132 67 241 136 14 245 133 178 31 29 117 133 189 5 119 64 40 97 229]
INFO [12-20|00:27:50] Handle BFT Msg,                          msg="msg #8 (78 bytes)"
INFO [12-20|00:27:50] ------Received ReadMsg------ 
AddReady from: [89 132 67 241 136 14 245 133 178 31 29 117 133 189 5 119 64 40 97 229]
INFO [12-20|00:27:50] Handle BFT Msg,                          msg="msg #8 (78 bytes)"
INFO [12-20|00:27:50] ------Received ReadMsg------ 
AddReady from: [89 132 67 241 136 14 245 133 178 31 29 117 133 189 5 119 64 40 97 229]
ready: 3 need: 5.3333335
INFO [12-20|00:27:50] consensusManager not ready  
ready: 3 need: 5.3333335
INFO [12-20|00:27:50] send Ready msg 
INFO [12-20|00:27:50] send Ready msg 
INFO [12-20|00:27:50] send Ready msg 
INFO [12-20|00:27:50] send Ready msg 
INFO [12-20|00:27:50] send Ready msg 
INFO [12-20|00:27:50] send Ready msg 
INFO [12-20|00:27:50] send Ready msg 
INFO [12-20|00:27:50] send Ready msg 
INFO [12-20|00:27:50] send Ready msg 
INFO [12-20|00:27:50] Handle BFT Msg,                          msg="msg #8 (78 bytes)"
INFO [12-20|00:27:50] ------Received ReadMsg------ 
AddReady from: [19 203 184 217 156 108 78 15 39 40 199 215 38 6 231 138 41 196 226 36]
INFO [12-20|00:27:50] Handle BFT Msg,                          msg="msg #8 (78 bytes)"
INFO [12-20|00:27:50] ------Received ReadMsg------ 
AddReady from: [19 203 184 217 156 108 78 15 39 40 199 215 38 6 231 138 41 196 226 36]
INFO [12-20|00:27:50] Handle BFT Msg,                          msg="msg #8 (78 bytes)"
INFO [12-20|00:27:50] ------Received ReadMsg------ 
INFO [12-20|00:27:50] Handle BFT Msg,                          msg="msg #8 (78 bytes)"
INFO [12-20|00:27:50] ------Received ReadMsg------ 
AddReady from: [19 203 184 217 156 108 78 15 39 40 199 215 38 6 231 138 41 196 226 36]
AddReady from: [19 203 184 217 156 108 78 15 39 40 199 215 38 6 231 138 41 196 226 36]
INFO [12-20|00:27:50] Handle BFT Msg,                          msg="msg #8 (78 bytes)"
INFO [12-20|00:27:50] ------Received ReadMsg------ 
AddReady from: [19 203 184 217 156 108 78 15 39 40 199 215 38 6 231 138 41 196 226 36]
INFO [12-20|00:27:50] Handle BFT Msg,                          msg="msg #8 (78 bytes)"
INFO [12-20|00:27:50] ------Received ReadMsg------ 
AddReady from: [125 87 122 89 123 39 66 180 152 203 92 240 194 108 220 215 38 211 158 110]
INFO [12-20|00:27:50] send Ready msg 
INFO [12-20|00:27:50] send Ready msg 
INFO [12-20|00:27:50] send Ready msg 
INFO [12-20|00:27:50] send Ready msg 
INFO [12-20|00:27:50] send Ready msg 
INFO [12-20|00:27:50] Handle BFT Msg,                          msg="msg #8 (78 bytes)"
INFO [12-20|00:27:50] ------Received ReadMsg------ 
AddReady from: [125 87 122 89 123 39 66 180 152 203 92 240 194 108 220 215 38 211 158 110]
INFO [12-20|00:27:50] Handle BFT Msg,                          msg="msg #8 (78 bytes)"
INFO [12-20|00:27:50] ------Received ReadMsg------ 
AddReady from: [125 87 122 89 123 39 66 180 152 203 92 240 194 108 220 215 38 211 158 110]
INFO [12-20|00:27:50] Handle BFT Msg,                          msg="msg #8 (78 bytes)"
INFO [12-20|00:27:50] ------Received ReadMsg------ 
AddReady from: [125 87 122 89 123 39 66 180 152 203 92 240 194 108 220 215 38 211 158 110]
INFO [12-20|00:27:50] Handle BFT Msg,                          msg="msg #8 (78 bytes)"
INFO [12-20|00:27:50] ------Received ReadMsg------ 
AddReady from: [125 87 122 89 123 39 66 180 152 203 92 240 194 108 220 215 38 211 158 110]
INFO [12-20|00:27:50] Handle BFT Msg,                          msg="msg #8 (78 bytes)"
INFO [12-20|00:27:50] ------Received ReadMsg------ 
AddReady from: [119 219 43 235 186 121 219 66 169 120 248 150 150 143 74 252 231 70 234 31]
INFO [12-20|00:27:50] send Ready msg 
INFO [12-20|00:27:50] send Ready msg 
INFO [12-20|00:27:50] send Ready msg 
INFO [12-20|00:27:50] send Ready msg 
INFO [12-20|00:27:50] send Ready msg 
INFO [12-20|00:27:50] Handle BFT Msg,                          msg="msg #8 (78 bytes)"
INFO [12-20|00:27:50] ------Received ReadMsg------ 
AddReady from: [119 219 43 235 186 121 219 66 169 120 248 150 150 143 74 252 231 70 234 31]
INFO [12-20|00:27:50] Handle BFT Msg,                          msg="msg #8 (78 bytes)"
INFO [12-20|00:27:50] ------Received ReadMsg------ 
AddReady from: [119 219 43 235 186 121 219 66 169 120 248 150 150 143 74 252 231 70 234 31]
INFO [12-20|00:27:50] Handle BFT Msg,                          msg="msg #8 (78 bytes)"
INFO [12-20|00:27:50] ------Received ReadMsg------ 
AddReady from: [119 219 43 235 186 121 219 66 169 120 248 150 150 143 74 252 231 70 234 31]
INFO [12-20|00:27:50] Handle BFT Msg,                          msg="msg #8 (78 bytes)"
INFO [12-20|00:27:50] ------Received ReadMsg------ 
INFO [12-20|00:27:50] Handle BFT Msg,                          msg="msg #8 (78 bytes)"
INFO [12-20|00:27:50] ------Received ReadMsg------ 
AddReady from: [119 219 43 235 186 121 219 66 169 120 248 150 150 143 74 252 231 70 234 31]
AddReady from: [119 219 43 235 186 121 219 66 169 120 248 150 150 143 74 252 231 70 234 31]
INFO [12-20|00:27:50] Handle BFT Msg,                          msg="msg #8 (78 bytes)"
INFO [12-20|00:27:50] ------Received ReadMsg------ 
AddReady from: [119 219 43 235 186 121 219 66 169 120 248 150 150 143 74 252 231 70 234 31]
INFO [12-20|00:27:50] Handle BFT Msg,                          msg="msg #8 (78 bytes)"
INFO [12-20|00:27:50] ------Received ReadMsg------ 
AddReady from: [119 219 43 235 186 121 219 66 169 120 248 150 150 143 74 252 231 70 234 31]
INFO [12-20|00:27:50] Handle BFT Msg,                          msg="msg #8 (78 bytes)"
INFO [12-20|00:27:50] ------Received ReadMsg------ 
INFO [12-20|00:27:50] Handle BFT Msg,                          msg="msg #8 (78 bytes)"
INFO [12-20|00:27:50] ------Received ReadMsg------ 
INFO [12-20|00:27:50] Handle BFT Msg,                          msg="msg #8 (78 bytes)"
INFO [12-20|00:27:50] ------Received ReadMsg------ 
INFO [12-20|00:27:50] Handle BFT Msg,                          msg="msg #8 (78 bytes)"
INFO [12-20|00:27:50] ------Received ReadMsg------ 
AddReady from: [220 236 234 243 252 92 10 99 209 149 214 155 26 144 1 27 123 25 101 13]
INFO [12-20|00:27:50] send Ready msg 
AddReady from: [220 236 234 243 252 92 10 99 209 149 214 155 26 144 1 27 123 25 101 13]
INFO [12-20|00:27:50] send Ready msg 
INFO [12-20|00:27:50] send Ready msg 
INFO [12-20|00:27:50] send Ready msg 
INFO [12-20|00:27:50] send Ready msg 
INFO [12-20|00:27:50] send Ready msg 
AddReady from: [220 236 234 243 252 92 10 99 209 149 214 155 26 144 1 27 123 25 101 13]
INFO [12-20|00:27:50] send Ready msg 
INFO [12-20|00:27:50] send Ready msg 
INFO [12-20|00:27:50] send Ready msg 
AddReady from: [220 236 234 243 252 92 10 99 209 149 214 155 26 144 1 27 123 25 101 13]
INFO [12-20|00:27:50] Handle BFT Msg,                          msg="msg #8 (78 bytes)"
INFO [12-20|00:27:50] ------Received ReadMsg------ 
AddReady from: [220 236 234 243 252 92 10 99 209 149 214 155 26 144 1 27 123 25 101 13]
INFO [12-20|00:27:50] Handle BFT Msg,                          msg="msg #8 (78 bytes)"
INFO [12-20|00:27:50] ------Received ReadMsg------ 
AddReady from: [130 169 120 179 245 150 42 91 9 87 217 238 158 239 71 46 229 91 66 241]
INFO [12-20|00:27:50] send Ready msg 
INFO [12-20|00:27:50] send Ready msg 
INFO [12-20|00:27:50] send Ready msg 
INFO [12-20|00:27:50] send Ready msg 
INFO [12-20|00:27:50] send Ready msg 
INFO [12-20|00:27:50] Handle BFT Msg,                          msg="msg #8 (78 bytes)"
INFO [12-20|00:27:50] ------Received ReadMsg------ 
AddReady from: [130 169 120 179 245 150 42 91 9 87 217 238 158 239 71 46 229 91 66 241]
INFO [12-20|00:27:50] Handle BFT Msg,                          msg="msg #8 (78 bytes)"
INFO [12-20|00:27:50] ------Received ReadMsg------ 
AddReady from: [130 169 120 179 245 150 42 91 9 87 217 238 158 239 71 46 229 91 66 241]
INFO [12-20|00:27:50] Handle BFT Msg,                          msg="msg #8 (78 bytes)"
INFO [12-20|00:27:50] ------Received ReadMsg------ 
AddReady from: [130 169 120 179 245 150 42 91 9 87 217 238 158 239 71 46 229 91 66 241]
INFO [12-20|00:27:50] Handle BFT Msg,                          msg="msg #8 (78 bytes)"
INFO [12-20|00:27:50] ------Received ReadMsg------ 
AddReady from: [130 169 120 179 245 150 42 91 9 87 217 238 158 239 71 46 229 91 66 241]
INFO [12-20|00:27:50] Handle BFT Msg,                          msg="msg #8 (78 bytes)"
INFO [12-20|00:27:50] ------Received ReadMsg------ 
AddReady from: [130 169 120 179 245 150 42 91 9 87 217 238 158 239 71 46 229 91 66 241]
INFO [12-20|00:27:50] Handle BFT Msg,                          msg="msg #8 (78 bytes)"
INFO [12-20|00:27:50] ------Received ReadMsg------ 
AddReady from: [130 169 120 179 245 150 42 91 9 87 217 238 158 239 71 46 229 91 66 241]
INFO [12-20|00:27:50] Handle BFT Msg,                          msg="msg #8 (78 bytes)"
INFO [12-20|00:27:50] ------Received ReadMsg------ 
AddReady from: [89 132 67 241 136 14 245 133 178 31 29 117 133 189 5 119 64 40 97 229]
INFO [12-20|00:27:50] send Ready msg 
INFO [12-20|00:27:50] send Ready msg 
INFO [12-20|00:27:50] send Ready msg 
INFO [12-20|00:27:50] send Ready msg 
INFO [12-20|00:27:50] send Ready msg 
INFO [12-20|00:27:50] Handle BFT Msg,                          msg="msg #8 (78 bytes)"
INFO [12-20|00:27:50] ------Received ReadMsg------ 
AddReady from: [89 132 67 241 136 14 245 133 178 31 29 117 133 189 5 119 64 40 97 229]
INFO [12-20|00:27:50] Handle BFT Msg,                          msg="msg #8 (78 bytes)"
INFO [12-20|00:27:50] ------Received ReadMsg------ 
AddReady from: [89 132 67 241 136 14 245 133 178 31 29 117 133 189 5 119 64 40 97 229]
INFO [12-20|00:27:50] Handle BFT Msg,                          msg="msg #8 (78 bytes)"
INFO [12-20|00:27:50] ------Received ReadMsg------ 
AddReady from: [89 132 67 241 136 14 245 133 178 31 29 117 133 189 5 119 64 40 97 229]
INFO [12-20|00:27:50] Handle BFT Msg,                          msg="msg #8 (78 bytes)"
INFO [12-20|00:27:50] ------Received ReadMsg------ 
AddReady from: [89 132 67 241 136 14 245 133 178 31 29 117 133 189 5 119 64 40 97 229]
ready: 6 need: 5.3333335
ready: 6 need: 5.3333335
INFO [12-20|00:27:50] send Ready msg 
INFO [12-20|00:27:50] send Ready msg 
INFO [12-20|00:27:50] send Ready msg 
INFO [12-20|00:27:50] send Ready msg 
INFO [12-20|00:27:50] send Ready msg 
INFO [12-20|00:27:50] -----------------consensusManager Ready------------------------- 
INFO [12-20|00:27:50] Handle BFT Msg,                          msg="msg #8 (78 bytes)"
INFO [12-20|00:27:50] ------Received ReadMsg------ 
AddReady from: [19 203 184 217 156 108 78 15 39 40 199 215 38 6 231 138 41 196 226 36]
INFO [12-20|00:27:50] Handle BFT Msg,                          msg="msg #8 (78 bytes)"
INFO [12-20|00:27:50] ------Received ReadMsg------ 
AddReady from: [19 203 184 217 156 108 78 15 39 40 199 215 38 6 231 138 41 196 226 36]
INFO [12-20|00:27:50] Handle BFT Msg,                          msg="msg #8 (78 bytes)"
INFO [12-20|00:27:50] ------Received ReadMsg------ 
AddReady from: [19 203 184 217 156 108 78 15 39 40 199 215 38 6 231 138 41 196 226 36]
INFO [12-20|00:27:50] Handle BFT Msg,                          msg="msg #8 (78 bytes)"
INFO [12-20|00:27:50] ------Received ReadMsg------ 
AddReady from: [19 203 184 217 156 108 78 15 39 40 199 215 38 6 231 138 41 196 226 36]
INFO [12-20|00:27:50] Handle BFT Msg,                          msg="msg #8 (78 bytes)"
INFO [12-20|00:27:50] ------Received ReadMsg------ 
AddReady from: [19 203 184 217 156 108 78 15 39 40 199 215 38 6 231 138 41 196 226 36]
INFO [12-20|00:27:50] Handle BFT Msg,                          msg="msg #8 (78 bytes)"
INFO [12-20|00:27:50] ------Received ReadMsg------ 
AddReady from: [125 87 122 89 123 39 66 180 152 203 92 240 194 108 220 215 38 211 158 110]
INFO [12-20|00:27:50] send Ready msg 
INFO [12-20|00:27:50] send Ready msg 
INFO [12-20|00:27:50] send Ready msg 
INFO [12-20|00:27:50] send Ready msg 
INFO [12-20|00:27:50] send Ready msg 
INFO [12-20|00:27:50] Handle BFT Msg,                          msg="msg #8 (78 bytes)"
INFO [12-20|00:27:50] ------Received ReadMsg------ 
INFO [12-20|00:27:50] Handle BFT Msg,                          msg="msg #8 (78 bytes)"
INFO [12-20|00:27:50] ------Received ReadMsg------ 
AddReady from: [125 87 122 89 123 39 66 180 152 203 92 240 194 108 220 215 38 211 158 110]
INFO [12-20|00:27:50] Handle BFT Msg,                          msg="msg #8 (78 bytes)"
INFO [12-20|00:27:50] ------Received ReadMsg------ 
AddReady from: [125 87 122 89 123 39 66 180 152 203 92 240 194 108 220 215 38 211 158 110]
INFO [12-20|00:27:50] Handle BFT Msg,                          msg="msg #8 (78 bytes)"
INFO [12-20|00:27:50] ------Received ReadMsg------ 
AddReady from: [125 87 122 89 123 39 66 180 152 203 92 240 194 108 220 215 38 211 158 110]
AddReady from: [125 87 122 89 123 39 66 180 152 203 92 240 194 108 220 215 38 211 158 110]
INFO [12-20|00:27:50] Handle BFT Msg,                          msg="msg #8 (78 bytes)"
INFO [12-20|00:27:50] ------Received ReadMsg------ 
AddReady from: [119 219 43 235 186 121 219 66 169 120 248 150 150 143 74 252 231 70 234 31]
INFO [12-20|00:27:50] send Ready msg 
INFO [12-20|00:27:50] send Ready msg 
INFO [12-20|00:27:50] send Ready msg 
INFO [12-20|00:27:50] send Ready msg 
INFO [12-20|00:27:50] send Ready msg 
INFO [12-20|00:27:50] Handle BFT Msg,                          msg="msg #8 (78 bytes)"
INFO [12-20|00:27:50] ------Received ReadMsg------ 
AddReady from: [119 219 43 235 186 121 219 66 169 120 248 150 150 143 74 252 231 70 234 31]
INFO [12-20|00:27:50] Handle BFT Msg,                          msg="msg #8 (78 bytes)"
INFO [12-20|00:27:50] ------Received ReadMsg------ 
AddReady from: [119 219 43 235 186 121 219 66 169 120 248 150 150 143 74 252 231 70 234 31]
INFO [12-20|00:27:50] Handle BFT Msg,                          msg="msg #8 (78 bytes)"
INFO [12-20|00:27:50] ------Received ReadMsg------ 
AddReady from: [119 219 43 235 186 121 219 66 169 120 248 150 150 143 74 252 231 70 234 31]
INFO [12-20|00:27:50] Handle BFT Msg,                          msg="msg #8 (78 bytes)"
INFO [12-20|00:27:50] ------Received ReadMsg------ 
AddReady from: [119 219 43 235 186 121 219 66 169 120 248 150 150 143 74 252 231 70 234 31]
INFO [12-20|00:27:50] Handle BFT Msg,                          msg="msg #8 (78 bytes)"
INFO [12-20|00:27:50] ------Received ReadMsg------ 
AddReady from: [220 236 234 243 252 92 10 99 209 149 214 155 26 144 1 27 123 25 101 13]
INFO [12-20|00:27:50] send Ready msg 
INFO [12-20|00:27:50] send Ready msg 
INFO [12-20|00:27:50] send Ready msg 
INFO [12-20|00:27:50] send Ready msg 
INFO [12-20|00:27:50] send Ready msg 
INFO [12-20|00:27:50] Handle BFT Msg,                          msg="msg #8 (78 bytes)"
INFO [12-20|00:27:50] ------Received ReadMsg------ 
AddReady from: [220 236 234 243 252 92 10 99 209 149 214 155 26 144 1 27 123 25 101 13]
INFO [12-20|00:27:50] Handle BFT Msg,                          msg="msg #8 (78 bytes)"
INFO [12-20|00:27:50] ------Received ReadMsg------ 
AddReady from: [220 236 234 243 252 92 10 99 209 149 214 155 26 144 1 27 123 25 101 13]
INFO [12-20|00:27:50] Handle BFT Msg,                          msg="msg #8 (78 bytes)"
INFO [12-20|00:27:50] ------Received ReadMsg------ 
AddReady from: [220 236 234 243 252 92 10 99 209 149 214 155 26 144 1 27 123 25 101 13]
INFO [12-20|00:27:50] Handle BFT Msg,                          msg="msg #8 (78 bytes)"
INFO [12-20|00:27:50] ------Received ReadMsg------ 
AddReady from: [220 236 234 243 252 92 10 99 209 149 214 155 26 144 1 27 123 25 101 13]
INFO [12-20|00:28:13] Transaction pool price threshold updated price=18000000000
INFO [12-20|00:28:13] Starting mining operation 
INFO [12-20|00:28:13] ---atomic.LoadInt32(&self.mining) == 1 && work.tcount == 0--- 
INFO [12-20|00:28:16] ---atomic.LoadInt32(&self.mining) == 1 && work.tcount == 0--- 
INFO [12-20|00:28:16] Handle BFT Msg,                          msg="msg #11 (122381 bytes)"
INFO [12-20|00:28:16] -------Received NewBlockProposalMsg------- 
bpHR: H: 1 R: 0
cmHR: H: 1 R: 0
INFO [12-20|00:28:16] --------------------------------------- 
INFO [12-20|00:28:16] ------------------this is sendMsig ------------------------- 
INFO [12-20|00:28:16] In IsValid() 
len(lockset.Votes): 0 lockset.EligibleVotesNum: 0
INFO [12-20|00:28:16] cm add BlockProposal                     h=1 r=0
INFO [12-20|00:28:16] in HasQuorum 
INFO [12-20|00:28:16] In IsValid() 
len(lockset.Votes): 1 lockset.EligibleVotesNum: 0
INFO [12-20|00:28:16] In addBlockCandidates!! 
INFO [12-20|00:28:16] -------in handle NewBlockProposalMsg, success!------- 
INFO [12-20|00:28:16] Handle BFT Msg,                          msg="msg #17 (107 bytes)"
INFO [12-20|00:28:16] ------Received VoteMsg------ 
voteHR: H: 1 R: 0 voteType:: 1 voteHash: [250 253 244 23 175 219 123 254 241 187 90 175 68 136 172 224 149 87 168 49 216 68 227 9 216 82 87 188 246 181 16 77]
cmHR: H: 1 R: 0
INFO [12-20|00:28:16] --------------------------------------- 
INFO [12-20|00:28:16] addVote to                               height=1 round=0 from=0x82a978b3f5962a5b0957d9ee9eef472ee55b42f1 success=true cm.coinbase=0x13cbb8d99c6c4e0f2728c7d72606e78a29c4e224
INFO [12-20|00:28:16] ------in handle VoteMsg, success!------ 
INFO [12-20|00:28:19] Handle BFT Msg,                          msg="msg #17 (107 bytes)"
INFO [12-20|00:28:19] ------Received VoteMsg------ 
voteHR: H: 1 R: 0 voteType:: 2 voteHash: [0 0 0 0 0 0 0 0 0 0 0 0 0 0 0 0 0 0 0 0 0 0 0 0 0 0 0 0 0 0 0 0]
cmHR: H: 1 R: 0
INFO [12-20|00:28:19] --------------------------------------- 
INFO [12-20|00:28:19] addVote to                               height=1 round=0 from=0x7d577a597b2742b498cb5cf0c26cdcd726d39e6e success=true cm.coinbase=0x13cbb8d99c6c4e0f2728c7d72606e78a29c4e224
INFO [12-20|00:28:19] ------in handle VoteMsg, success!------ 
INFO [12-20|00:28:19] ---atomic.LoadInt32(&self.mining) == 1 && work.tcount == 0--- 
INFO [12-20|00:28:22] ---atomic.LoadInt32(&self.mining) == 1 && work.tcount == 0--- 
INFO [12-20|00:28:23] Handle BFT Msg,                          msg="msg #17 (107 bytes)"
INFO [12-20|00:28:23] ------Received VoteMsg------ 
voteHR: H: 1 R: 1 voteType:: 1 voteHash: [250 253 244 23 175 219 123 254 241 187 90 175 68 136 172 224 149 87 168 49 216 68 227 9 216 82 87 188 246 181 16 77]
cmHR: H: 1 R: 0
INFO [12-20|00:28:23] --------------------------------------- 
INFO [12-20|00:28:23] addVote to                               height=1 round=1 from=0x82a978b3f5962a5b0957d9ee9eef472ee55b42f1 success=true cm.coinbase=0x13cbb8d99c6c4e0f2728c7d72606e78a29c4e224
INFO [12-20|00:28:23] ------in handle VoteMsg, success!------ 
INFO [12-20|00:28:25] Handle BFT Msg,                          msg="msg #17 (107 bytes)"
INFO [12-20|00:28:25] ------Received VoteMsg------ 
voteHR: H: 1 R: 1 voteType:: 2 voteHash: [0 0 0 0 0 0 0 0 0 0 0 0 0 0 0 0 0 0 0 0 0 0 0 0 0 0 0 0 0 0 0 0]
cmHR: H: 1 R: 0
INFO [12-20|00:28:25] --------------------------------------- 
INFO [12-20|00:28:25] addVote to                               height=1 round=1 from=0x7d577a597b2742b498cb5cf0c26cdcd726d39e6e success=true cm.coinbase=0x13cbb8d99c6c4e0f2728c7d72606e78a29c4e224
INFO [12-20|00:28:25] ------in handle VoteMsg, success!------ 
INFO [12-20|00:28:25] ---atomic.LoadInt32(&self.mining) == 1 && work.tcount == 0--- 
INFO [12-20|00:28:28] ---atomic.LoadInt32(&self.mining) == 1 && work.tcount == 0--- 
INFO [12-20|00:28:29] Handle BFT Msg,                          msg="msg #17 (107 bytes)"
INFO [12-20|00:28:29] ------Received VoteMsg------ 
voteHR: H: 1 R: 0 voteType:: 1 voteHash: [250 253 244 23 175 219 123 254 241 187 90 175 68 136 172 224 149 87 168 49 216 68 227 9 216 82 87 188 246 181 16 77]
cmHR: H: 1 R: 0
INFO [12-20|00:28:29] --------------------------------------- 
INFO [12-20|00:28:29] addVote to                               height=1 round=0 from=0xdceceaf3fc5c0a63d195d69b1a90011b7b19650d success=true cm.coinbase=0x13cbb8d99c6c4e0f2728c7d72606e78a29c4e224
INFO [12-20|00:28:29] ------in handle VoteMsg, success!------ 
INFO [12-20|00:28:31] ---atomic.LoadInt32(&self.mining) == 1 && work.tcount == 0--- 
INFO [12-20|00:28:33] Handle BFT Msg,                          msg="msg #17 (107 bytes)"
INFO [12-20|00:28:33] ------Received VoteMsg------ 
voteHR: H: 1 R: 2 voteType:: 1 voteHash: [250 253 244 23 175 219 123 254 241 187 90 175 68 136 172 224 149 87 168 49 216 68 227 9 216 82 87 188 246 181 16 77]
cmHR: H: 1 R: 0
INFO [12-20|00:28:33] --------------------------------------- 
INFO [12-20|00:28:33] addVote to                               height=1 round=2 from=0x82a978b3f5962a5b0957d9ee9eef472ee55b42f1 success=true cm.coinbase=0x13cbb8d99c6c4e0f2728c7d72606e78a29c4e224
INFO [12-20|00:28:33] ------in handle VoteMsg, success!------ 
